============================================================
  V3 三算法对比验证: A* vs IPSO-SA vs DBO
============================================================

[Step1] 选择10条标准测试线路...
[Phase1] 加载输电线数据...
  原始输电线: 1795 条
  台湾地区输电线: 1795 条
  选中 10 条线路

============================================================
  [Step2] 公共预处理 (复用 v2 Phase 1-3)
============================================================
[Phase1] 加载台湾DEM...
  DEM加载完成: (12600, 7200), 范围: (120.0, 21.9, 122.0, 25.4)
[Phase1] 加载输电线数据...
  原始输电线: 1795 条
  台湾地区输电线: 1795 条
  使用缓存: taiwan_roads
  OSM道路: 71028 条
  使用缓存: taiwan_water
  OSM水域: 106933 条
  使用缓存: taiwan_protected
  OSM保护区: 145 个
  使用缓存: taiwan_landuse
  OSM土地利用: 207717 个
  使用缓存: taiwan_buildings
  OSM建筑: 568464 个
  使用缓存: taiwan_railways
  OSM铁路: 8527 条
  使用缓存: taiwan_airports
  OSM机场: 19 个
[Phase1] 生成台风风险层...
  台风风险层完成
[Phase1] 生成地震风险层...
  地震风险层完成
[Phase1] 生成滑坡风险层...
  滑坡风险层完成
[Phase1] 数据获取完成

[Phase2] 提取地形因子...
  - 坡度完成
  - 坡向完成
  - TRI完成
  - TPI完成
  - 曲率完成
  - 粗糙度完成
  已排除 10 条测试线路
[Phase2] 栅格对齐至统一分辨率...
  目标分辨率: 90m, 网格: 2401x4201
  对齐: dem
  对齐: slope
  对齐: aspect_cos
  对齐: aspect_sin
  对齐: tri
  对齐: tpi
  对齐: profile_curvature
  对齐: plan_curvature
  对齐: roughness
  对齐: typhoon_risk
  对齐: seismic_risk
  对齐: landslide_risk
  计算距离栅格...
  机场栅格化: 4658 像元
  栅格化土地利用分类...
    类别1: 60443个面
    类别2: 43389个面
    类别3: 560个面
    类别4: 82591个面
    类别5: 16190个面
    类别6: 530个面
    类别7: 360个面
    类别8: 3654个面
    分类分布: [       0        0        0        0        0        0        0 10086601]
  计算建筑密度...
    密度范围: 0 - 116 栋/km^2
[Phase2] 栅格对齐完成

[Phase2] 生成硬约束掩膜 (v2_strict)...
  坡度>45°禁止: 73209 像元
  水域未纳入硬约束(WATER_BUFFER=0)
  自然保护区+200m缓冲区禁止: 0 像元
  高程>3000m禁止: 56002 像元
  建筑密度>500栋/km2禁止: 0 像元
  硬约束禁止区域: 127909 像元 (1.3%)
[Phase2] 生成软约束掩膜...
  土地利用软约束已应用 (基于预计算栅格)
  软约束完成
[Phase3] 构建特征堆叠...
  特征堆叠: (4201, 2401, 18)
[Phase3] 生成训练伪标签 (v2_strict)...
  伪标签生成完成, 范围: [0.000, 1.000]
[Phase3] 训练随机森林成本模型...
  训练样本: 100000
  训练中... n_estimators=200, max_depth=20
  训练完成 (1.2s)
  训练R^2: 0.9795
  测试R^2: 0.9722
  特征重要性 Top 5:
    1. dist_existing_line: 0.3226
    2. slope: 0.1592
    3. seismic_risk: 0.1292
    4. roughness: 0.1255
    5. landslide_risk: 0.0860
  模型已保存: c:\Users\86133\Desktop\大创项目文件夹\Transmission-line-route-planning\data\models\rf_cost_model.pkl
  公共预处理完成, 耗时: 141s

============================================================
  [Step3] 逐条三算法验证 (10条)
============================================================

==================================================
  案例 1/10
==================================================

  ────────────────────────────────────────────────────────────
  案例: case_01 — 屏东恒春线(南台湾, 345kV, 短距离)
  线路: way/365662519 | 电压: 345000V | 长度: 57.4km
  直线距离: 53.0km
  ────────────────────────────────────────────────────────────
[Phase3] 构建特征堆叠...
  特征堆叠: (4201, 2401, 18)
[Phase3] 预测成本表面...
  预测进度: 0%
  预测进度: 5%
  预测进度: 10%
  预测进度: 15%
  预测进度: 20%
  预测进度: 25%
  预测进度: 30%
  预测进度: 35%
  预测进度: 40%
  预测进度: 45%
  预测进度: 50%
  预测进度: 55%
  预测进度: 59%
  预测进度: 64%
  预测进度: 69%
  预测进度: 74%
  预测进度: 79%
  预测进度: 84%
  预测进度: 89%
  预测进度: 94%
  预测进度: 99%
  成本表面预测完成, 范围: [0.0687, 1.0000]
[Phase4] 融合成本表面...
  走廊偏好已应用 (线性斜坡至300m, 最多70%折扣)
  成本范围: [0.0006, 0.2000]

  [A*] 运行中...
[Phase4] A*路径搜索: (3578, 732) -> (4128, 898)
  A*搜索完成 (0.0s), 路径长度: 572 像元
[Phase4] 路径平滑...
  RDP简化: 572 -> 32 点 (epsilon=90m)
  线性插值: 1947 点 (间距30m)
  滑动平均平滑: 窗口5点 (150m)
  [A*] 完成 (0.2s), 质量: 通过

  [IPSO-SA] 运行中...
[IPSO-SA] 初始化: 个体=30, 路标点=158, 走廊=30.0km, 直线=53.0km
  [IPSO-SA] 完成 (2.2s), 适应度=0.1391, 质量: 通过

  [DBO] 运行中...
[Phase4] 融合成本表面...
  成本范围: [0.0205, 0.2000]
[DBO] 初始化: 个体=30, 路标点=158, 走廊=30.0km, 直线=53.0km
[DBO] 行为分配: 滚球=6, 育雏=6, 觅食=9, 偷窃=9
  [DBO] 完成 (3.1s), 适应度=0.1391, 质量: 通过

==================================================
  案例 2/10
==================================================

  ────────────────────────────────────────────────────────────
  案例: case_02 — 嘉义台中纵贯线(中台湾, 345kV, 长距离)
  线路: way/203692582 | 电压: 345000V | 长度: 109.8km
  直线距离: 98.2km
  ────────────────────────────────────────────────────────────
[Phase3] 构建特征堆叠...
  特征堆叠: (4201, 2401, 18)
[Phase3] 预测成本表面...
  预测进度: 0%
  预测进度: 5%
  预测进度: 10%
  预测进度: 15%
  预测进度: 20%
  预测进度: 25%
  预测进度: 30%
  预测进度: 35%
  预测进度: 40%
  预测进度: 45%
  预测进度: 50%
  预测进度: 55%
  预测进度: 59%
  预测进度: 64%
  预测进度: 69%
  预测进度: 74%
  预测进度: 79%
  预测进度: 84%
  预测进度: 89%
  预测进度: 94%
  预测进度: 99%
  成本表面预测完成, 范围: [0.0687, 1.0000]
[Phase4] 融合成本表面...
  走廊偏好已应用 (线性斜坡至300m, 最多70%折扣)
  成本范围: [0.0006, 0.2000]

  [A*] 运行中...
[Phase4] A*路径搜索: (2802, 512) -> (1811, 923)
  A*搜索完成 (0.2s), 路径长度: 1046 像元
[Phase4] 路径平滑...
  RDP简化: 1046 -> 68 点 (epsilon=90m)
  线性插值: 3899 点 (间距30m)
  滑动平均平滑: 窗口5点 (150m)
  [A*] 完成 (0.4s), 质量: 通过

  [IPSO-SA] 运行中...
[IPSO-SA] 初始化: 个体=30, 路标点=294, 走廊=30.0km, 直线=98.2km
  [IPSO-SA] 完成 (3.4s), 适应度=0.1391, 质量: 不通过

  [DBO] 运行中...
[Phase4] 融合成本表面...
  成本范围: [0.0205, 0.2000]
[DBO] 初始化: 个体=30, 路标点=294, 走廊=30.0km, 直线=98.2km
[DBO] 行为分配: 滚球=6, 育雏=6, 觅食=9, 偷窃=9
  [DBO] 完成 (4.4s), 适应度=0.1391, 质量: 不通过

==================================================
  案例 3/10
==================================================

  ────────────────────────────────────────────────────────────
  案例: case_03 — 新竹桃园线(西北台湾, 161kV, 中距离)
  线路: way/202162589 | 电压: 161000V | 长度: 73.7km
  直线距离: 53.3km
  ────────────────────────────────────────────────────────────
[Phase3] 构建特征堆叠...
  特征堆叠: (4201, 2401, 18)
[Phase3] 预测成本表面...
  预测进度: 0%
  预测进度: 5%
  预测进度: 10%
  预测进度: 15%
  预测进度: 20%
  预测进度: 25%
  预测进度: 30%
  预测进度: 35%
  预测进度: 40%
  预测进度: 45%
  预测进度: 50%
  预测进度: 55%
  预测进度: 59%
  预测进度: 64%
  预测进度: 69%
  预测进度: 74%
  预测进度: 79%
  预测进度: 84%
  预测进度: 89%
  预测进度: 94%
  预测进度: 99%
  成本表面预测完成, 范围: [0.0687, 1.0000]
[Phase4] 融合成本表面...
  走廊偏好已应用 (线性斜坡至300m, 最多70%折扣)
  成本范围: [0.0006, 0.2000]

  [A*] 运行中...
[Phase4] A*路径搜索: (850, 1183) -> (1423, 1239)
  A*搜索完成 (0.2s), 路径长度: 781 像元
[Phase4] 路径平滑...
  RDP简化: 781 -> 66 点 (epsilon=90m)
  线性插值: 2832 点 (间距30m)
  滑动平均平滑: 窗口5点 (150m)
  [A*] 完成 (0.4s), 质量: 通过

  [IPSO-SA] 运行中...
[IPSO-SA] 初始化: 个体=30, 路标点=160, 走廊=30.0km, 直线=53.3km
  [IPSO-SA] 完成 (1.9s), 适应度=0.1391, 质量: 不通过

  [DBO] 运行中...
[Phase4] 融合成本表面...
  成本范围: [0.0205, 0.2000]
[DBO] 初始化: 个体=30, 路标点=160, 走廊=30.0km, 直线=53.3km
[DBO] 行为分配: 滚球=6, 育雏=6, 觅食=9, 偷窃=9
  [DBO] 完成 (2.5s), 适应度=0.1391, 质量: 不通过

==================================================
  案例 4/10
==================================================

  ────────────────────────────────────────────────────────────
  案例: case_04 — 台东花东纵谷线(东台湾, 161kV, 中距离)
  线路: way/179686272 | 电压: 161000V | 长度: 70.6km
  直线距离: 65.1km
  ────────────────────────────────────────────────────────────
[Phase3] 构建特征堆叠...
  特征堆叠: (4201, 2401, 18)
[Phase3] 预测成本表面...
  预测进度: 0%
  预测进度: 5%
  预测进度: 10%
  预测进度: 15%
  预测进度: 20%
  预测进度: 25%
  预测进度: 30%
  预测进度: 35%
  预测进度: 40%
  预测进度: 45%
  预测进度: 50%
  预测进度: 55%
  预测进度: 59%
  预测进度: 64%
  预测进度: 69%
  预测进度: 74%
  预测进度: 79%
  预测进度: 84%
  预测进度: 89%
  预测进度: 94%
  预测进度: 99%
  成本表面预测完成, 范围: [0.0687, 1.0000]
[Phase4] 融合成本表面...
  走廊偏好已应用 (线性斜坡至300m, 最多70%折扣)
  成本范围: [0.0006, 0.2000]

  [A*] 运行中...
[Phase4] A*路径搜索: (3140, 1308) -> (2478, 1566)
  A*搜索完成 (0.1s), 路径长度: 684 像元
[Phase4] 路径平滑...
  RDP简化: 684 -> 50 点 (epsilon=90m)
  线性插值: 2412 点 (间距30m)
  滑动平均平滑: 窗口5点 (150m)
  [A*] 完成 (0.2s), 质量: 通过

  [IPSO-SA] 运行中...
[IPSO-SA] 初始化: 个体=30, 路标点=195, 走廊=30.0km, 直线=65.1km
  [IPSO-SA] 完成 (2.3s), 适应度=0.1391, 质量: 通过

  [DBO] 运行中...
[Phase4] 融合成本表面...
  成本范围: [0.0205, 0.2000]
[DBO] 初始化: 个体=30, 路标点=195, 走廊=30.0km, 直线=65.1km
[DBO] 行为分配: 滚球=6, 育雏=6, 觅食=9, 偷窃=9
  [DBO] 完成 (3.0s), 适应度=0.1391, 质量: 通过

==================================================
  案例 5/10
==================================================

  ────────────────────────────────────────────────────────────
  案例: case_05 — 台中山线(中台湾山区, 345kV, 中距离)
  线路: way/199445383 | 电压: 345000V | 长度: 53.4km
  直线距离: 41.9km
  ────────────────────────────────────────────────────────────
[Phase3] 构建特征堆叠...
  特征堆叠: (4201, 2401, 18)
[Phase3] 预测成本表面...
  预测进度: 0%
  预测进度: 5%
  预测进度: 10%
  预测进度: 15%
  预测进度: 20%
  预测进度: 25%
  预测进度: 30%
  预测进度: 35%
  预测进度: 40%
  预测进度: 45%
  预测进度: 50%
  预测进度: 55%
  预测进度: 59%
  预测进度: 64%
  预测进度: 69%
  预测进度: 74%
  预测进度: 79%
  预测进度: 84%
  预测进度: 89%
  预测进度: 94%
  预测进度: 99%
  成本表面预测完成, 范围: [0.0687, 1.0000]
[Phase4] 融合成本表面...
  走廊偏好已应用 (线性斜坡至300m, 最多70%折扣)
  成本范围: [0.0006, 0.2000]

  [A*] 运行中...
[Phase4] A*路径搜索: (1811, 924) -> (2218, 707)
  A*搜索完成 (0.1s), 路径长度: 526 像元
[Phase4] 路径平滑...
  RDP简化: 526 -> 40 点 (epsilon=90m)
  线性插值: 1902 点 (间距30m)
  滑动平均平滑: 窗口5点 (150m)
  [A*] 完成 (0.2s), 质量: 通过

  [IPSO-SA] 运行中...
[IPSO-SA] 初始化: 个体=30, 路标点=125, 走廊=30.0km, 直线=41.9km
  [IPSO-SA] 完成 (1.5s), 适应度=0.1391, 质量: 通过

  [DBO] 运行中...
[Phase4] 融合成本表面...
  成本范围: [0.0205, 0.2000]
[DBO] 初始化: 个体=30, 路标点=125, 走廊=30.0km, 直线=41.9km
[DBO] 行为分配: 滚球=6, 育雏=6, 觅食=9, 偷窃=9
  [DBO] 完成 (2.7s), 适应度=0.1391, 质量: 通过

==================================================
  案例 6/10
==================================================

  ────────────────────────────────────────────────────────────
  案例: case_06 — 台中苗栗线(中西部, 161kV, 中距离)
  线路: way/184391013 | 电压: 161000V | 长度: 56.0km
  直线距离: 53.3km
  ────────────────────────────────────────────────────────────
[Phase3] 构建特征堆叠...
  特征堆叠: (4201, 2401, 18)
[Phase3] 预测成本表面...
  预测进度: 0%
  预测进度: 5%
  预测进度: 10%
  预测进度: 15%
  预测进度: 20%
  预测进度: 25%
  预测进度: 30%
  预测进度: 35%
  预测进度: 40%
  预测进度: 45%
  预测进度: 50%
  预测进度: 55%
  预测进度: 59%
  预测进度: 64%
  预测进度: 69%
  预测进度: 74%
  预测进度: 79%
  预测进度: 84%
  预测进度: 89%
  预测进度: 94%
  预测进度: 99%
  成本表面预测完成, 范围: [0.0687, 1.0000]
[Phase4] 融合成本表面...
  走廊偏好已应用 (线性斜坡至300m, 最多70%折扣)
  成本范围: [0.0006, 0.2000]

  [A*] 运行中...
[Phase4] A*路径搜索: (1363, 885) -> (831, 1124)
  A*搜索完成 (0.1s), 路径长度: 682 像元
[Phase4] 路径平滑...
  RDP简化: 682 -> 48 点 (epsilon=90m)
  线性插值: 2590 点 (间距30m)
  滑动平均平滑: 窗口5点 (150m)
  [A*] 完成 (0.2s), 质量: 通过

  [IPSO-SA] 运行中...
[IPSO-SA] 初始化: 个体=30, 路标点=159, 走廊=30.0km, 直线=53.3km
  [IPSO-SA] 完成 (2.5s), 适应度=0.1391, 质量: 通过

  [DBO] 运行中...
[Phase4] 融合成本表面...
  成本范围: [0.0205, 0.2000]
[DBO] 初始化: 个体=30, 路标点=159, 走廊=30.0km, 直线=53.3km
[DBO] 行为分配: 滚球=6, 育雏=6, 觅食=9, 偷窃=9
  [DBO] 完成 (3.9s), 适应度=0.1391, 质量: 通过

==================================================
  案例 7/10
==================================================

  ────────────────────────────────────────────────────────────
  案例: case_07 — 南台湾联络线(345kV, 中距离)
  线路: way/365662507 | 电压: 345000V | 长度: 32.3km
  直线距离: 26.4km
  ────────────────────────────────────────────────────────────
[Phase3] 构建特征堆叠...
  特征堆叠: (4201, 2401, 18)
[Phase3] 预测成本表面...
  预测进度: 0%
  预测进度: 5%
  预测进度: 10%
  预测进度: 15%
  预测进度: 20%
  预测进度: 25%
  预测进度: 30%
  预测进度: 35%
  预测进度: 40%
  预测进度: 45%
  预测进度: 50%
  预测进度: 55%
  预测进度: 59%
  预测进度: 64%
  预测进度: 69%
  预测进度: 74%
  预测进度: 79%
  预测进度: 84%
  预测进度: 89%
  预测进度: 94%
  预测进度: 99%
  成本表面预测完成, 范围: [0.0687, 1.0000]
[Phase4] 融合成本表面...
  走廊偏好已应用 (线性斜坡至300m, 最多70%折扣)
  成本范围: [0.0006, 0.2000]

  [A*] 运行中...
[Phase4] A*路径搜索: (3576, 732) -> (3396, 492)
  A*搜索完成 (0.1s), 路径长度: 337 像元
[Phase4] 路径平滑...
  RDP简化: 337 -> 21 点 (epsilon=90m)
  线性插值: 1165 点 (间距30m)
  滑动平均平滑: 窗口5点 (150m)
  [A*] 完成 (0.3s), 质量: 通过

  [IPSO-SA] 运行中...
[IPSO-SA] 初始化: 个体=30, 路标点=79, 走廊=30.0km, 直线=26.4km
  [IPSO-SA] 完成 (1.4s), 适应度=0.1391, 质量: 通过

  [DBO] 运行中...
[Phase4] 融合成本表面...
  成本范围: [0.0205, 0.2000]
[DBO] 初始化: 个体=30, 路标点=79, 走廊=30.0km, 直线=26.4km
[DBO] 行为分配: 滚球=6, 育雏=6, 觅食=9, 偷窃=9
  [DBO] 完成 (2.3s), 适应度=0.1391, 质量: 通过

==================================================
  案例 8/10
==================================================

  ────────────────────────────────────────────────────────────
  案例: case_08 — 中部横贯线(345kV, 长距离山区)
  线路: way/199783876 | 电压: 345000V | 长度: 42.2km
  直线距离: 39.4km
  ────────────────────────────────────────────────────────────
[Phase3] 构建特征堆叠...
  特征堆叠: (4201, 2401, 18)
[Phase3] 预测成本表面...
  预测进度: 0%
  预测进度: 5%
  预测进度: 10%
  预测进度: 15%
  预测进度: 20%
  预测进度: 25%
  预测进度: 30%
  预测进度: 35%
  预测进度: 40%
  预测进度: 45%
  预测进度: 50%
  预测进度: 55%
  预测进度: 59%
  预测进度: 64%
  预测进度: 69%
  预测进度: 74%
  预测进度: 79%
  预测进度: 84%
  预测进度: 89%
  预测进度: 94%
  预测进度: 99%
  成本表面预测完成, 范围: [0.0687, 1.0000]
[Phase4] 融合成本表面...
  走廊偏好已应用 (线性斜坡至300m, 最多70%折扣)
  成本范围: [0.0006, 0.2000]

  [A*] 运行中...
[Phase4] A*路径搜索: (1810, 922) -> (1488, 617)
  A*搜索完成 (0.0s), 路径长度: 401 像元
[Phase4] 路径平滑...
  RDP简化: 401 -> 24 点 (epsilon=90m)
  线性插值: 1510 点 (间距30m)
  滑动平均平滑: 窗口5点 (150m)
  [A*] 完成 (0.2s), 质量: 通过

  [IPSO-SA] 运行中...
[IPSO-SA] 初始化: 个体=30, 路标点=118, 走廊=30.0km, 直线=39.4km
  [IPSO-SA] 完成 (1.8s), 适应度=0.1391, 质量: 通过

  [DBO] 运行中...
[Phase4] 融合成本表面...
  成本范围: [0.0205, 0.2000]
[DBO] 初始化: 个体=30, 路标点=118, 走廊=30.0km, 直线=39.4km
[DBO] 行为分配: 滚球=6, 育雏=6, 觅食=9, 偷窃=9
  [DBO] 完成 (3.1s), 适应度=0.1391, 质量: 通过

==================================================
  案例 9/10
==================================================

  ────────────────────────────────────────────────────────────
  案例: case_09 — 北部沿海线(345kV, 中距离)
  线路: way/129716882 | 电压: 345000V | 长度: 34.0km
  直线距离: 29.2km
  ────────────────────────────────────────────────────────────
[Phase3] 构建特征堆叠...
  特征堆叠: (4201, 2401, 18)
[Phase3] 预测成本表面...
  预测进度: 0%
  预测进度: 5%
  预测进度: 10%
  预测进度: 15%
  预测进度: 20%
  预测进度: 25%
  预测进度: 30%
  预测进度: 35%
  预测进度: 40%
  预测进度: 45%
  预测进度: 50%
  预测进度: 55%
  预测进度: 59%
  预测进度: 64%
  预测进度: 69%
  预测进度: 74%
  预测进度: 79%
  预测进度: 84%
  预测进度: 89%
  预测进度: 94%
  预测进度: 99%
  成本表面预测完成, 范围: [0.0687, 1.0000]
[Phase4] 融合成本表面...
  走廊偏好已应用 (线性斜坡至300m, 最多70%折扣)
  成本范围: [0.0006, 0.2000]

  [A*] 运行中...
[Phase4] A*路径搜索: (695, 1434) -> (439, 1635)
  A*搜索完成 (0.0s), 路径长度: 306 像元
[Phase4] 路径平滑...
  RDP简化: 306 -> 18 点 (epsilon=90m)
  线性插值: 1169 点 (间距30m)
  滑动平均平滑: 窗口5点 (150m)
  [A*] 完成 (0.2s), 质量: 通过

  [IPSO-SA] 运行中...
[IPSO-SA] 初始化: 个体=30, 路标点=87, 走廊=30.0km, 直线=29.2km
  [IPSO-SA] 完成 (1.5s), 适应度=0.1391, 质量: 通过

  [DBO] 运行中...
[Phase4] 融合成本表面...
  成本范围: [0.0205, 0.2000]
[DBO] 初始化: 个体=30, 路标点=87, 走廊=30.0km, 直线=29.2km
[DBO] 行为分配: 滚球=6, 育雏=6, 觅食=9, 偷窃=9
  [DBO] 完成 (2.1s), 适应度=0.1391, 质量: 通过

==================================================
  案例 10/10
==================================================

  ────────────────────────────────────────────────────────────
  案例: case_10 — 东部联络线(161kV, 中距离)
  线路: way/136343018 | 电压: 161000V | 长度: 48.2km
  直线距离: 44.8km
  ────────────────────────────────────────────────────────────
[Phase3] 构建特征堆叠...
  特征堆叠: (4201, 2401, 18)
[Phase3] 预测成本表面...
  预测进度: 0%
  预测进度: 5%
  预测进度: 10%
  预测进度: 15%
  预测进度: 20%
  预测进度: 25%
  预测进度: 30%
  预测进度: 35%
  预测进度: 40%
  预测进度: 45%
  预测进度: 50%
  预测进度: 55%
  预测进度: 59%
  预测进度: 64%
  预测进度: 69%
  预测进度: 74%
  预测进度: 79%
  预测进度: 84%
  预测进度: 89%
  预测进度: 94%
  预测进度: 99%
  成本表面预测完成, 范围: [0.0687, 1.0000]
[Phase4] 融合成本表面...
  走廊偏好已应用 (线性斜坡至300m, 最多70%折扣)
  成本范围: [0.0006, 0.2000]

  [A*] 运行中...
[Phase4] A*路径搜索: (2014, 1716) -> (2478, 1566)
  A*搜索完成 (0.0s), 路径长度: 467 像元
[Phase4] 路径平滑...
  RDP简化: 467 -> 46 点 (epsilon=90m)
  线性插值: 1634 点 (间距30m)
  滑动平均平滑: 窗口5点 (150m)
  [A*] 完成 (0.2s), 质量: 通过

  [IPSO-SA] 运行中...
[IPSO-SA] 初始化: 个体=30, 路标点=134, 走廊=30.0km, 直线=44.8km
  [IPSO-SA] 完成 (2.2s), 适应度=0.1391, 质量: 通过

  [DBO] 运行中...
[Phase4] 融合成本表面...
  成本范围: [0.0205, 0.2000]
[DBO] 初始化: 个体=30, 路标点=134, 走廊=30.0km, 直线=44.8km
[DBO] 行为分配: 滚球=6, 育雏=6, 觅食=9, 偷窃=9
  [DBO] 完成 (5.0s), 适应度=0.1391, 质量: 通过

============================================================
  [Step4] 汇总对比
============================================================

  案例           算法         耗时(s)      长度(km)     Hausdorff(m)   重叠率        质量        
  ----------------------------------------------------------------------------
  case_01      A*         0.2        57.5       4485           8.6        7/7       
  case_01      IPSO-SA    2.2        53.0       5362           7.8        7/7       
  case_01      DBO        3.1        53.0       5362           7.8        7/7       
  case_02      A*         0.4        113.7      10691          12.5       7/7       
  case_02      IPSO-SA    3.4        98.2       10334          6.2        5/7       
  case_02      DBO        4.4        98.2       10334          6.2        5/7       
  case_03      A*         0.4        81.8       7198           31.2       7/7       
  case_03      IPSO-SA    1.9        53.3       15039          2.1        5/7       
  case_03      DBO        2.5        53.3       15039          2.1        5/7       
  case_04      A*         0.2        70.9       2986           11.5       7/7       
  case_04      IPSO-SA    2.3        65.1       4311           27.4       7/7       
  case_04      DBO        3.0        65.1       4311           27.4       7/7       
  case_05      A*         0.2        54.9       13618          2.2        7/7       
  case_05      IPSO-SA    1.5        41.9       9134           16.7       7/7       
  case_05      DBO        2.7        41.9       9134           16.7       7/7       
  case_06      A*         0.2        74.1       12328          6.8        7/7       
  case_06      IPSO-SA    2.5        53.3       2412           43.3       7/7       
  case_06      DBO        3.9        53.3       2412           43.3       7/7       
  case_07      A*         0.3        33.4       4812           7.6        7/7       
  case_07      IPSO-SA    1.4        26.4       5437           39.5       7/7       
  case_07      DBO        2.3        26.4       5437           39.5       7/7       
  case_08      A*         0.2        43.4       3820           10.1       7/7       
  case_08      IPSO-SA    1.8        39.4       3413           25.7       7/7       
  case_08      DBO        3.1        39.4       3413           25.7       7/7       
  case_09      A*         0.2        33.6       3626           30.3       7/7       
  case_09      IPSO-SA    1.5        29.2       3674           5.3        7/7       
  case_09      DBO        2.1        29.2       3674           5.3        7/7       
  case_10      A*         0.2        48.1       631            96.0       7/7       
  case_10      IPSO-SA    2.2        44.8       2203           59.0       7/7       
  case_10      DBO        5.0        44.8       2203           59.0       7/7       

  --- 汇总统计 ---
  A*        : Hausdorff 均值=6419m, 重叠率 均值=21.7%, 质量通过=10/10
  IPSO-SA   : Hausdorff 均值=6132m, 重叠率 均值=23.3%, 质量通过=8/10
  DBO       : Hausdorff 均值=6132m, 重叠率 均值=23.3%, 质量通过=8/10

  汇总报告: C:\Users\86133\Desktop\大创项目文件夹\Transmission-line-route-planning\v3_20260710\output\validation_v3_summary.json

  --- 统计显著性检验 (配对t检验) ---
  A* vs IPSO-SA  Hausdorff: t=0.20, p=0.8454 n.s.
  A* vs DBO      Hausdorff: t=0.20, p=0.8454 n.s.
  A* vs IPSO-SA  重叠率: t=-0.20, p=0.8448 n.s.
  A* vs DBO      重叠率: t=-0.20, p=0.8448 n.s.
  对比图表: C:\Users\86133\Desktop\大创项目文件夹\Transmission-line-route-planning\v3_20260710\output\validation_v3_summary.png

============================================================
  V3 对比验证完成
============================================================
