============================================================
  V3 三算法对比验证: A* vs IPSO-SA vs DBO
============================================================

[Step1] 选择10条标准测试线路...
[Phase1] 加载输电线数据...
  原始输电线: 1795 条
  台湾地区输电线: 1795 条
  选中 10 条线路

============================================================
  [Step2] 公共预处理 (复用 v2 Phase 1-3)
============================================================
[Phase1] 加载台湾DEM...
  DEM加载完成: (12600, 7200), 范围: (120.0, 21.9, 122.0, 25.4)
[Phase1] 加载输电线数据...
  原始输电线: 1795 条
  台湾地区输电线: 1795 条
  使用缓存: taiwan_roads
  OSM道路: 71213 条
  使用缓存: taiwan_water
  OSM水域: 106971 条
  使用缓存: taiwan_protected
  OSM保护区: 145 个
  使用缓存: taiwan_landuse
  OSM土地利用: 130101 个
  使用缓存: taiwan_buildings
  OSM建筑: 573380 个
  使用缓存: taiwan_railways
  OSM铁路: 8649 条
  使用缓存: taiwan_airports
  OSM机场: 19 个
[Phase1] 生成台风风险层...
  台风风险层完成
[Phase1] 生成地震风险层...
  地震风险层完成
[Phase1] 生成滑坡风险层...
  滑坡风险层完成
[Phase1] 数据获取完成

[Phase2] 提取地形因子...
  - 坡度完成
  - 坡向完成
  - TRI完成
  - TPI完成
  - 曲率完成
  - 粗糙度完成
  已排除 10 条测试线路
[Phase2] 栅格对齐至统一分辨率...
  目标分辨率: 90m, 网格: 2401x4201
  对齐: dem
  对齐: slope
  对齐: aspect_cos
  对齐: aspect_sin
  对齐: tri
  对齐: tpi
  对齐: profile_curvature
  对齐: plan_curvature
  对齐: roughness
  对齐: typhoon_risk
  对齐: seismic_risk
  对齐: landslide_risk
  计算距离栅格...
  机场栅格化: 4658 像元
  栅格化土地利用分类...
    类别1: 13979个面
    类别2: 56473个面
    类别3: 453个面
    类别4: 25756个面
    类别5: 11143个面
    类别6: 15694个面
    类别7: 414个面
    类别8: 6189个面
    分类分布: [ 554413  391300    5241  112447   93393   46932    8931 8873944]
  计算建筑密度...
    密度范围: 0 - 116 栋/km^2
[Phase2] 栅格对齐完成

[Phase2] 生成硬约束掩膜 (v2_strict)...
  坡度>45°禁止: 73209 像元
  水域未纳入硬约束(WATER_BUFFER=0)
  自然保护区+200m缓冲区禁止: 0 像元
  高程>3000m禁止: 56002 像元
  建筑密度>500栋/km2禁止: 0 像元
  硬约束禁止区域: 127909 像元 (1.3%)
[Phase2] 生成软约束掩膜...
  土地利用软约束已应用 (基于预计算栅格)
  软约束完成
[Phase3] 构建特征堆叠...
  特征堆叠: (4201, 2401, 18)
[Phase3] 生成训练伪标签 (v2_strict)...
  伪标签生成完成, 范围: [0.000, 1.000]
[Phase3] 训练随机森林成本模型...
  训练样本: 100000
  训练中... n_estimators=200, max_depth=20
  训练完成 (2.5s)
  训练R^2: 0.9889
  测试R^2: 0.9845
  特征重要性 Top 5:
    1. dist_existing_line: 0.3987
    2. dist_road: 0.1105
    3. elevation: 0.1048
    4. roughness: 0.0841
    5. slope: 0.0651
  模型已保存: c:\Users\86133\Desktop\大创项目文件夹\Transmission-line-route-planning\data\models\rf_cost_model.pkl
  公共预处理完成, 耗时: 146s

============================================================
  [Step3] 逐条三算法验证 (10条)
============================================================

==================================================
  案例 1/10
==================================================

  ────────────────────────────────────────────────────────────
  案例: case_01 — 屏东恒春线(南台湾, 345kV, 短距离)
  线路: way/365662519 | 电压: 345000V | 长度: 57.4km
  直线距离: 53.0km
  ────────────────────────────────────────────────────────────
[Phase4] 融合成本表面...
  走廊偏好已应用 (线性斜坡至300m, 最多70%折扣)
  成本范围: [0.0000, 60783661022015596274423851523025928192.0000]
  [CNN] 使用 CNN 成本表面

  [A*] 运行中...
[Phase4] A*路径搜索: (3578, 732) -> (4128, 898)
  A*搜索完成 (0.0s), 路径长度: 571 像元
[Phase4] 路径平滑...
  RDP简化: 571 -> 43 点 (epsilon=90m)
  线性插值: 1968 点 (间距30m)
  滑动平均平滑: 窗口5点 (150m)
  [A*] 完成 (0.3s), 质量: 通过

  [IPSO-SA] 运行中...
[IPSO-SA] 初始化: 个体=30, 路标点=211, 走廊=30.0km, 直线=53.0km
  [IPSO-SA] 完成 (3.0s), 适应度=0.1373, 质量: 通过

  [DBO] 运行中...
[DBO] 初始化: 个体=40, 路标点=211, 走廊=30.0km, 直线=53.0km
[DBO] 行为分配: 滚球=8, 育雏=8, 觅食=12, 偷窃=12
  [DBO] 完成 (7.4s), 适应度=0.1362, 质量: 不通过

==================================================
  案例 2/10
==================================================

  ────────────────────────────────────────────────────────────
  案例: case_02 — 嘉义台中纵贯线(中台湾, 345kV, 长距离)
  线路: way/203692582 | 电压: 345000V | 长度: 109.8km
  直线距离: 98.2km
  ────────────────────────────────────────────────────────────
[Phase4] 融合成本表面...
  走廊偏好已应用 (线性斜坡至300m, 最多70%折扣)
  成本范围: [0.0000, 60783661022015596274423851523025928192.0000]
  [CNN] 使用 CNN 成本表面

  [A*] 运行中...
[Phase4] A*路径搜索: (2802, 512) -> (1811, 923)
  A*搜索完成 (0.5s), 路径长度: 1055 像元
[Phase4] 路径平滑...
  RDP简化: 1055 -> 89 点 (epsilon=90m)
  线性插值: 3976 点 (间距30m)
  滑动平均平滑: 窗口5点 (150m)
  [A*] 完成 (0.9s), 质量: 通过

  [IPSO-SA] 运行中...
[IPSO-SA] 初始化: 个体=30, 路标点=392, 走廊=30.0km, 直线=98.2km
  [IPSO-SA] 完成 (5.6s), 适应度=0.1373, 质量: 不通过

  [DBO] 运行中...
[DBO] 初始化: 个体=40, 路标点=392, 走廊=30.0km, 直线=98.2km
[DBO] 行为分配: 滚球=8, 育雏=8, 觅食=12, 偷窃=12
  [DBO] 完成 (24.5s), 适应度=0.1373, 质量: 不通过

==================================================
  案例 3/10
==================================================

  ────────────────────────────────────────────────────────────
  案例: case_03 — 新竹桃园线(西北台湾, 161kV, 中距离)
  线路: way/202162589 | 电压: 161000V | 长度: 73.7km
  直线距离: 53.3km
  ────────────────────────────────────────────────────────────
[Phase4] 融合成本表面...
  走廊偏好已应用 (线性斜坡至300m, 最多70%折扣)
  成本范围: [0.0000, 60783661022015596274423851523025928192.0000]
  [CNN] 使用 CNN 成本表面

  [A*] 运行中...
[Phase4] A*路径搜索: (850, 1183) -> (1423, 1239)
  A*搜索完成 (0.1s), 路径长度: 739 像元
[Phase4] 路径平滑...
  RDP简化: 739 -> 81 点 (epsilon=90m)
  线性插值: 2656 点 (间距30m)
  滑动平均平滑: 窗口5点 (150m)
  [A*] 完成 (0.4s), 质量: 通过

  [IPSO-SA] 运行中...
[IPSO-SA] 初始化: 个体=30, 路标点=213, 走廊=30.0km, 直线=53.3km
  [IPSO-SA] 完成 (3.5s), 适应度=0.1374, 质量: 不通过

  [DBO] 运行中...
[DBO] 初始化: 个体=40, 路标点=213, 走廊=30.0km, 直线=53.3km
[DBO] 行为分配: 滚球=8, 育雏=8, 觅食=12, 偷窃=12
  [DBO] 完成 (5.5s), 适应度=0.1372, 质量: 不通过

==================================================
  案例 4/10
==================================================

  ────────────────────────────────────────────────────────────
  案例: case_04 — 台东花东纵谷线(东台湾, 161kV, 中距离)
  线路: way/179686272 | 电压: 161000V | 长度: 70.6km
  直线距离: 65.1km
  ────────────────────────────────────────────────────────────
[Phase4] 融合成本表面...
  走廊偏好已应用 (线性斜坡至300m, 最多70%折扣)
  成本范围: [0.0000, 60783661022015596274423851523025928192.0000]
  [CNN] 使用 CNN 成本表面

  [A*] 运行中...
[Phase4] A*路径搜索: (3140, 1308) -> (2478, 1566)
  A*搜索完成 (0.1s), 路径长度: 670 像元
[Phase4] 路径平滑...
  RDP简化: 670 -> 55 点 (epsilon=90m)
  线性插值: 2399 点 (间距30m)
  滑动平均平滑: 窗口5点 (150m)
  [A*] 完成 (0.3s), 质量: 通过

  [IPSO-SA] 运行中...
[IPSO-SA] 初始化: 个体=30, 路标点=260, 走廊=30.0km, 直线=65.1km
  [IPSO-SA] 完成 (3.9s), 适应度=0.1373, 质量: 通过

  [DBO] 运行中...
[DBO] 初始化: 个体=40, 路标点=260, 走廊=30.0km, 直线=65.1km
[DBO] 行为分配: 滚球=8, 育雏=8, 觅食=12, 偷窃=12
  [DBO] 完成 (18.4s), 适应度=0.1372, 质量: 不通过

==================================================
  案例 5/10
==================================================

  ────────────────────────────────────────────────────────────
  案例: case_05 — 台中山线(中台湾山区, 345kV, 中距离)
  线路: way/199445383 | 电压: 345000V | 长度: 53.4km
  直线距离: 41.9km
  ────────────────────────────────────────────────────────────
[Phase4] 融合成本表面...
  走廊偏好已应用 (线性斜坡至300m, 最多70%折扣)
  成本范围: [0.0000, 60783661022015596274423851523025928192.0000]
  [CNN] 使用 CNN 成本表面

  [A*] 运行中...
[Phase4] A*路径搜索: (1811, 924) -> (2218, 707)
  A*搜索完成 (0.1s), 路径长度: 542 像元
[Phase4] 路径平滑...
  RDP简化: 542 -> 54 点 (epsilon=90m)
  线性插值: 1983 点 (间距30m)
  滑动平均平滑: 窗口5点 (150m)
  [A*] 完成 (0.3s), 质量: 通过

  [IPSO-SA] 运行中...
[IPSO-SA] 初始化: 个体=30, 路标点=167, 走廊=30.0km, 直线=41.9km
  [IPSO-SA] 完成 (2.4s), 适应度=0.1373, 质量: 通过

  [DBO] 运行中...
[DBO] 初始化: 个体=40, 路标点=167, 走廊=30.0km, 直线=41.9km
[DBO] 行为分配: 滚球=8, 育雏=8, 觅食=12, 偷窃=12
  [DBO] 完成 (8.4s), 适应度=0.1373, 质量: 不通过

==================================================
  案例 6/10
==================================================

  ────────────────────────────────────────────────────────────
  案例: case_06 — 台中苗栗线(中西部, 161kV, 中距离)
  线路: way/184391013 | 电压: 161000V | 长度: 56.0km
  直线距离: 53.3km
  ────────────────────────────────────────────────────────────
[Phase4] 融合成本表面...
  走廊偏好已应用 (线性斜坡至300m, 最多70%折扣)
  成本范围: [0.0000, 60783661022015596274423851523025928192.0000]
  [CNN] 使用 CNN 成本表面

  [A*] 运行中...
[Phase4] A*路径搜索: (1363, 885) -> (831, 1124)
  A*搜索完成 (0.2s), 路径长度: 595 像元
[Phase4] 路径平滑...
  RDP简化: 595 -> 47 点 (epsilon=90m)
  线性插值: 2331 点 (间距30m)
  滑动平均平滑: 窗口5点 (150m)
  [A*] 完成 (0.4s), 质量: 不通过

  [IPSO-SA] 运行中...
[IPSO-SA] 初始化: 个体=30, 路标点=213, 走廊=30.0km, 直线=53.3km
  [IPSO-SA] 完成 (3.1s), 适应度=0.1373, 质量: 不通过

  [DBO] 运行中...
[DBO] 初始化: 个体=40, 路标点=213, 走廊=30.0km, 直线=53.3km
[DBO] 行为分配: 滚球=8, 育雏=8, 觅食=12, 偷窃=12
  [DBO] 完成 (5.6s), 适应度=0.1372, 质量: 不通过

==================================================
  案例 7/10
==================================================

  ────────────────────────────────────────────────────────────
  案例: case_07 — 南台湾联络线(345kV, 中距离)
  线路: way/365662507 | 电压: 345000V | 长度: 32.3km
  直线距离: 26.4km
  ────────────────────────────────────────────────────────────
[Phase4] 融合成本表面...
  走廊偏好已应用 (线性斜坡至300m, 最多70%折扣)
  成本范围: [0.0000, 60783661022015596274423851523025928192.0000]
  [CNN] 使用 CNN 成本表面

  [A*] 运行中...
[Phase4] A*路径搜索: (3576, 732) -> (3396, 492)
  A*搜索完成 (0.1s), 路径长度: 316 像元
[Phase4] 路径平滑...
  RDP简化: 316 -> 37 点 (epsilon=90m)
  线性插值: 1143 点 (间距30m)
  滑动平均平滑: 窗口5点 (150m)
  [A*] 完成 (0.2s), 质量: 通过

  [IPSO-SA] 运行中...
[IPSO-SA] 初始化: 个体=30, 路标点=105, 走廊=30.0km, 直线=26.4km
  [IPSO-SA] 完成 (1.6s), 适应度=0.1373, 质量: 通过

  [DBO] 运行中...
[DBO] 初始化: 个体=40, 路标点=105, 走廊=30.0km, 直线=26.4km
[DBO] 行为分配: 滚球=8, 育雏=8, 觅食=12, 偷窃=12
  [DBO] 完成 (11.3s), 适应度=0.1371, 质量: 不通过

==================================================
  案例 8/10
==================================================

  ────────────────────────────────────────────────────────────
  案例: case_08 — 中部横贯线(345kV, 长距离山区)
  线路: way/199783876 | 电压: 345000V | 长度: 42.2km
  直线距离: 39.4km
  ────────────────────────────────────────────────────────────
[Phase4] 融合成本表面...
  走廊偏好已应用 (线性斜坡至300m, 最多70%折扣)
  成本范围: [0.0000, 60783661022015596274423851523025928192.0000]
  [CNN] 使用 CNN 成本表面

  [A*] 运行中...
[Phase4] A*路径搜索: (1810, 922) -> (1488, 617)
  A*搜索完成 (0.0s), 路径长度: 363 像元
[Phase4] 路径平滑...
  RDP简化: 363 -> 27 点 (epsilon=90m)
  线性插值: 1447 点 (间距30m)
  滑动平均平滑: 窗口5点 (150m)
  [A*] 完成 (0.2s), 质量: 通过

  [IPSO-SA] 运行中...
[IPSO-SA] 初始化: 个体=30, 路标点=157, 走廊=30.0km, 直线=39.4km
  [IPSO-SA] 完成 (2.4s), 适应度=0.1373, 质量: 通过

  [DBO] 运行中...
[DBO] 初始化: 个体=40, 路标点=157, 走廊=30.0km, 直线=39.4km
[DBO] 行为分配: 滚球=8, 育雏=8, 觅食=12, 偷窃=12
  [DBO] 完成 (3.6s), 适应度=0.1373, 质量: 通过

==================================================
  案例 9/10
==================================================

  ────────────────────────────────────────────────────────────
  案例: case_09 — 北部沿海线(345kV, 中距离)
  线路: way/129716882 | 电压: 345000V | 长度: 34.0km
  直线距离: 29.2km
  ────────────────────────────────────────────────────────────
[Phase4] 融合成本表面...
  走廊偏好已应用 (线性斜坡至300m, 最多70%折扣)
  成本范围: [0.0000, 60783661022015596274423851523025928192.0000]
  [CNN] 使用 CNN 成本表面

  [A*] 运行中...
[Phase4] A*路径搜索: (695, 1434) -> (439, 1635)
  A*搜索完成 (0.0s), 路径长度: 311 像元
[Phase4] 路径平滑...
  RDP简化: 311 -> 26 点 (epsilon=90m)
  线性插值: 1192 点 (间距30m)
  滑动平均平滑: 窗口5点 (150m)
  [A*] 完成 (0.2s), 质量: 通过

  [IPSO-SA] 运行中...
[IPSO-SA] 初始化: 个体=30, 路标点=116, 走廊=30.0km, 直线=29.2km
  [IPSO-SA] 完成 (1.8s), 适应度=0.1373, 质量: 通过

  [DBO] 运行中...
[DBO] 初始化: 个体=40, 路标点=116, 走廊=30.0km, 直线=29.2km
[DBO] 行为分配: 滚球=8, 育雏=8, 觅食=12, 偷窃=12
  [DBO] 完成 (6.8s), 适应度=0.1372, 质量: 不通过

==================================================
  案例 10/10
==================================================

  ────────────────────────────────────────────────────────────
  案例: case_10 — 东部联络线(161kV, 中距离)
  线路: way/136343018 | 电压: 161000V | 长度: 48.2km
  直线距离: 44.8km
  ────────────────────────────────────────────────────────────
[Phase4] 融合成本表面...
  走廊偏好已应用 (线性斜坡至300m, 最多70%折扣)
  成本范围: [0.0000, 60783661022015596274423851523025928192.0000]
  [CNN] 使用 CNN 成本表面

  [A*] 运行中...
[Phase4] A*路径搜索: (2014, 1716) -> (2478, 1566)
  A*搜索完成 (0.0s), 路径长度: 472 像元
[Phase4] 路径平滑...
  RDP简化: 472 -> 50 点 (epsilon=90m)
  线性插值: 1648 点 (间距30m)
  滑动平均平滑: 窗口5点 (150m)
  [A*] 完成 (0.3s), 质量: 通过

  [IPSO-SA] 运行中...
[IPSO-SA] 初始化: 个体=30, 路标点=179, 走廊=30.0km, 直线=44.8km
  [IPSO-SA] 完成 (2.7s), 适应度=0.1373, 质量: 通过

  [DBO] 运行中...
[DBO] 初始化: 个体=40, 路标点=179, 走廊=30.0km, 直线=44.8km
[DBO] 行为分配: 滚球=8, 育雏=8, 觅食=12, 偷窃=12
  [DBO] 完成 (8.5s), 适应度=0.1373, 质量: 不通过

============================================================
  [Step4] 汇总对比
============================================================

  案例           算法         耗时(s)      长度(km)     Hausdorff(m)   重叠率        质量        
  ----------------------------------------------------------------------------
  case_01      A*         0.3        58.0       4484           9.7        7/7       
  case_01      IPSO-SA    3.0        53.0       5362           7.8        7/7       
  case_01      DBO        7.4        123.9      33079          0.9        5/7       
  case_02      A*         0.9        115.6      10989          19.7       7/7       
  case_02      IPSO-SA    5.6        98.2       10334          6.2        5/7       
  case_02      DBO        24.5       172.0      11440          24.9       4/7       
  case_03      A*         0.4        77.1       3546           41.2       7/7       
  case_03      IPSO-SA    3.5        76.1       3537           42.4       5/7       
  case_03      DBO        5.5        56.1       9578           2.2        5/7       
  case_04      A*         0.3        70.4       2773           30.5       7/7       
  case_04      IPSO-SA    3.9        69.8       2763           28.4       7/7       
  case_04      DBO        18.4       92.9       3424           63.4       6/7       
  case_05      A*         0.3        57.1       13442          2.1        7/7       
  case_05      IPSO-SA    2.4        41.9       9134           16.7       7/7       
  case_05      DBO        8.4        78.9       10269          1.5        6/7       
  case_06      A*         0.4        67.0       12364          6.2        6/7       
  case_06      IPSO-SA    3.1        53.3       2412           43.4       6/7       
  case_06      DBO        5.6        128.4      39092          1.5        3/7       
  case_07      A*         0.2        32.6       2538           67.8       7/7       
  case_07      IPSO-SA    1.6        26.4       5437           39.6       7/7       
  case_07      DBO        11.3       46.2       6609           24.7       5/7       
  case_08      A*         0.2        41.6       2185           52.0       7/7       
  case_08      IPSO-SA    2.4        39.4       3413           25.6       7/7       
  case_08      DBO        3.6        49.4       5035           25.7       7/7       
  case_09      A*         0.2        34.2       3651           33.4       7/7       
  case_09      IPSO-SA    1.8        29.2       3674           5.2        7/7       
  case_09      DBO        6.8        62.6       3751           17.1       6/7       
  case_10      A*         0.3        48.4       592            93.1       7/7       
  case_10      IPSO-SA    2.7        47.9       609            93.7       7/7       
  case_10      DBO        8.5        126.9      2979           31.0       4/7       

  --- 汇总统计 ---
  A*        : Hausdorff 均值=5656m, 重叠率 均值=35.6%, 质量通过=9/10
  IPSO-SA   : Hausdorff 均值=4667m, 重叠率 均值=30.9%, 质量通过=7/10
  DBO       : Hausdorff 均值=12526m, 重叠率 均值=19.3%, 质量通过=1/10

  汇总报告: C:\Users\86133\Desktop\大创项目文件夹\Transmission-line-route-planning\v3_20260710\output\validation_v3_summary.json

  --- 统计显著性检验 (配对t检验) ---
  A* vs IPSO-SA  Hausdorff: t=0.86, p=0.4119 n.s.
  A* vs DBO      Hausdorff: t=-1.93, p=0.0854 n.s.
  A* vs IPSO-SA  重叠率: t=0.71, p=0.4942 n.s.
  A* vs DBO      重叠率: t=1.88, p=0.0928 n.s.
  对比图表: C:\Users\86133\Desktop\大创项目文件夹\Transmission-line-route-planning\v3_20260710\output\validation_v3_summary.png

============================================================
  V3 对比验证完成
============================================================
