============================================================
  V3 统计显著性检验 — 30次独立运行
============================================================

[Phase 1-2] 数据获取 + 预处理...
[Phase1] 加载台湾DEM...
  DEM加载完成: (12600, 7200), 范围: (120.0, 21.9, 122.0, 25.4)
[Phase1] 加载输电线数据...
  原始输电线: 1795 条
  台湾地区输电线: 1795 条
  使用缓存: taiwan_roads
  OSM道路: 71028 条
  使用缓存: taiwan_water
  OSM水域: 106933 条
  使用缓存: taiwan_protected
  OSM保护区: 145 个
  使用缓存: taiwan_landuse
  OSM土地利用: 207717 个
  使用缓存: taiwan_buildings
  OSM建筑: 568464 个
  使用缓存: taiwan_railways
  OSM铁路: 8527 条
  使用缓存: taiwan_airports
  OSM机场: 19 个
[Phase1] 生成台风风险层...
  台风风险层完成
[Phase1] 生成地震风险层...
  地震风险层完成
[Phase1] 生成滑坡风险层...
  滑坡风险层完成
[Phase1] 数据获取完成

[Phase2] 提取地形因子...
  - 坡度完成
  - 坡向完成
  - TRI完成
  - TPI完成
  - 曲率完成
  - 粗糙度完成
[Phase2] 栅格对齐至统一分辨率...
  目标分辨率: 90m, 网格: 2401x4201
  对齐: dem
  对齐: slope
  对齐: aspect_cos
  对齐: aspect_sin
  对齐: tri
  对齐: tpi
  对齐: profile_curvature
  对齐: plan_curvature
  对齐: roughness
  对齐: typhoon_risk
  对齐: seismic_risk
  对齐: landslide_risk
  计算距离栅格...
  机场栅格化: 4658 像元
  栅格化土地利用分类...
    类别1: 60443个面
    类别2: 43389个面
    类别3: 560个面
    类别4: 82591个面
    类别5: 16190个面
    类别6: 530个面
    类别7: 360个面
    类别8: 3654个面
    分类分布: [       0        0        0        0        0        0        0 10086601]
  计算建筑密度...
    密度范围: 0 - 116 栋/km^2
[Phase2] 栅格对齐完成

[Phase2] 生成硬约束掩膜 (v2_strict)...
  坡度>45°禁止: 73209 像元
  水域未纳入硬约束(WATER_BUFFER=0)
  自然保护区+200m缓冲区禁止: 0 像元
  高程>3000m禁止: 56002 像元
  建筑密度>500栋/km2禁止: 0 像元
  硬约束禁止区域: 127909 像元 (1.3%)
[Phase2] 生成软约束掩膜...
  土地利用软约束已应用 (基于预计算栅格)
  软约束完成
[Phase4] 融合成本表面...
  走廊偏好已应用 (线性斜坡至300m, 最多70%折扣)
  成本范围: [0.0001, 15195915255503899068605962880756482048.0000]
  成本表面: CNN, 耗时: 126s
[Phase1] 加载输电线数据...
  原始输电线: 1795 条
  台湾地区输电线: 1795 条
  选中 10 条线路

[Phase 3] 30次独立运行...

--- Run 1/30 (seed=42) ---
[Phase4] A*路径搜索: (3578, 732) -> (4128, 898)
  A*搜索完成 (0.0s), 路径长度: 575 像元
[Phase4] 路径平滑...
  RDP简化: 575 -> 37 点 (epsilon=90m)
  线性插值: 1962 点 (间距30m)
  滑动平均平滑: 窗口5点 (150m)
[IPSO-SA] 初始化: 个体=30, 路标点=211, 走廊=30.0km, 直线=53.0km
[DBO] 初始化: 个体=40, 路标点=211, 走廊=30.0km, 直线=53.0km
[DBO] 行为分配: 滚球=8, 育雏=8, 觅食=12, 偷窃=12
[Phase4] A*路径搜索: (2802, 512) -> (1811, 923)
  A*搜索完成 (0.2s), 路径长度: 1047 像元
[Phase4] 路径平滑...
  RDP简化: 1047 -> 96 点 (epsilon=90m)
  线性插值: 3922 点 (间距30m)
  滑动平均平滑: 窗口5点 (150m)
[IPSO-SA] 初始化: 个体=30, 路标点=392, 走廊=30.0km, 直线=98.2km
[DBO] 初始化: 个体=40, 路标点=392, 走廊=30.0km, 直线=98.2km
[DBO] 行为分配: 滚球=8, 育雏=8, 觅食=12, 偷窃=12
[Phase4] A*路径搜索: (850, 1183) -> (1423, 1239)
  A*搜索完成 (0.1s), 路径长度: 742 像元
[Phase4] 路径平滑...
  RDP简化: 742 -> 79 点 (epsilon=90m)
  线性插值: 2643 点 (间距30m)
  滑动平均平滑: 窗口5点 (150m)
[IPSO-SA] 初始化: 个体=30, 路标点=213, 走廊=30.0km, 直线=53.3km
[DBO] 初始化: 个体=40, 路标点=213, 走廊=30.0km, 直线=53.3km
[DBO] 行为分配: 滚球=8, 育雏=8, 觅食=12, 偷窃=12
[Phase4] A*路径搜索: (3140, 1308) -> (2478, 1566)
  A*搜索完成 (0.0s), 路径长度: 663 像元
[Phase4] 路径平滑...
  RDP简化: 663 -> 57 点 (epsilon=90m)
  线性插值: 2391 点 (间距30m)
  滑动平均平滑: 窗口5点 (150m)
[IPSO-SA] 初始化: 个体=30, 路标点=260, 走廊=30.0km, 直线=65.1km
[DBO] 初始化: 个体=40, 路标点=260, 走廊=30.0km, 直线=65.1km
[DBO] 行为分配: 滚球=8, 育雏=8, 觅食=12, 偷窃=12
[Phase4] A*路径搜索: (1811, 924) -> (2218, 707)
  A*搜索完成 (0.1s), 路径长度: 544 像元
[Phase4] 路径平滑...
  RDP简化: 544 -> 49 点 (epsilon=90m)
  线性插值: 1981 点 (间距30m)
  滑动平均平滑: 窗口5点 (150m)
[IPSO-SA] 初始化: 个体=30, 路标点=167, 走廊=30.0km, 直线=41.9km
[DBO] 初始化: 个体=40, 路标点=167, 走廊=30.0km, 直线=41.9km
[DBO] 行为分配: 滚球=8, 育雏=8, 觅食=12, 偷窃=12
[Phase4] A*路径搜索: (1363, 885) -> (831, 1124)
  A*搜索完成 (0.1s), 路径长度: 694 像元
[Phase4] 路径平滑...
  RDP简化: 694 -> 61 点 (epsilon=90m)
  线性插值: 2556 点 (间距30m)
  滑动平均平滑: 窗口5点 (150m)
[IPSO-SA] 初始化: 个体=30, 路标点=213, 走廊=30.0km, 直线=53.3km
[DBO] 初始化: 个体=40, 路标点=213, 走廊=30.0km, 直线=53.3km
[DBO] 行为分配: 滚球=8, 育雏=8, 觅食=12, 偷窃=12
[Phase4] A*路径搜索: (3576, 732) -> (3396, 492)
  A*搜索完成 (0.0s), 路径长度: 309 像元
[Phase4] 路径平滑...
  RDP简化: 309 -> 23 点 (epsilon=90m)
  线性插值: 1114 点 (间距30m)
  滑动平均平滑: 窗口5点 (150m)
[IPSO-SA] 初始化: 个体=30, 路标点=105, 走廊=30.0km, 直线=26.4km
[DBO] 初始化: 个体=40, 路标点=105, 走廊=30.0km, 直线=26.4km
[DBO] 行为分配: 滚球=8, 育雏=8, 觅食=12, 偷窃=12
[Phase4] A*路径搜索: (1810, 922) -> (1488, 617)
  A*搜索完成 (0.0s), 路径长度: 405 像元
[Phase4] 路径平滑...
  RDP简化: 405 -> 27 点 (epsilon=90m)
  线性插值: 1532 点 (间距30m)
  滑动平均平滑: 窗口5点 (150m)
[IPSO-SA] 初始化: 个体=30, 路标点=157, 走廊=30.0km, 直线=39.4km
[DBO] 初始化: 个体=40, 路标点=157, 走廊=30.0km, 直线=39.4km
[DBO] 行为分配: 滚球=8, 育雏=8, 觅食=12, 偷窃=12
[Phase4] A*路径搜索: (695, 1434) -> (439, 1635)
  A*搜索完成 (0.0s), 路径长度: 305 像元
[Phase4] 路径平滑...
  RDP简化: 305 -> 18 点 (epsilon=90m)
  线性插值: 1175 点 (间距30m)
  滑动平均平滑: 窗口5点 (150m)
[IPSO-SA] 初始化: 个体=30, 路标点=116, 走廊=30.0km, 直线=29.2km
[DBO] 初始化: 个体=40, 路标点=116, 走廊=30.0km, 直线=29.2km
[DBO] 行为分配: 滚球=8, 育雏=8, 觅食=12, 偷窃=12
[Phase4] A*路径搜索: (2014, 1716) -> (2478, 1566)
  A*搜索完成 (0.0s), 路径长度: 466 像元
[Phase4] 路径平滑...
  RDP简化: 466 -> 47 点 (epsilon=90m)
  线性插值: 1635 点 (间距30m)
  滑动平均平滑: 窗口5点 (150m)
[IPSO-SA] 初始化: 个体=30, 路标点=179, 走廊=30.0km, 直线=44.8km
[DBO] 初始化: 个体=40, 路标点=179, 走廊=30.0km, 直线=44.8km
[DBO] 行为分配: 滚球=8, 育雏=8, 觅食=12, 偷窃=12

--- Run 2/30 (seed=43) ---
[Phase4] A*路径搜索: (3578, 732) -> (4128, 898)
  A*搜索完成 (0.0s), 路径长度: 575 像元
[Phase4] 路径平滑...
  RDP简化: 575 -> 37 点 (epsilon=90m)
  线性插值: 1962 点 (间距30m)
  滑动平均平滑: 窗口5点 (150m)
[IPSO-SA] 初始化: 个体=30, 路标点=211, 走廊=30.0km, 直线=53.0km
[DBO] 初始化: 个体=40, 路标点=211, 走廊=30.0km, 直线=53.0km
[DBO] 行为分配: 滚球=8, 育雏=8, 觅食=12, 偷窃=12
[Phase4] A*路径搜索: (2802, 512) -> (1811, 923)
  A*搜索完成 (0.2s), 路径长度: 1047 像元
[Phase4] 路径平滑...
  RDP简化: 1047 -> 96 点 (epsilon=90m)
  线性插值: 3922 点 (间距30m)
  滑动平均平滑: 窗口5点 (150m)
[IPSO-SA] 初始化: 个体=30, 路标点=392, 走廊=30.0km, 直线=98.2km
[DBO] 初始化: 个体=40, 路标点=392, 走廊=30.0km, 直线=98.2km
[DBO] 行为分配: 滚球=8, 育雏=8, 觅食=12, 偷窃=12
[Phase4] A*路径搜索: (850, 1183) -> (1423, 1239)
  A*搜索完成 (0.1s), 路径长度: 742 像元
[Phase4] 路径平滑...
  RDP简化: 742 -> 79 点 (epsilon=90m)
  线性插值: 2643 点 (间距30m)
  滑动平均平滑: 窗口5点 (150m)
[IPSO-SA] 初始化: 个体=30, 路标点=213, 走廊=30.0km, 直线=53.3km
[DBO] 初始化: 个体=40, 路标点=213, 走廊=30.0km, 直线=53.3km
[DBO] 行为分配: 滚球=8, 育雏=8, 觅食=12, 偷窃=12
[Phase4] A*路径搜索: (3140, 1308) -> (2478, 1566)
  A*搜索完成 (0.0s), 路径长度: 663 像元
[Phase4] 路径平滑...
  RDP简化: 663 -> 57 点 (epsilon=90m)
  线性插值: 2391 点 (间距30m)
  滑动平均平滑: 窗口5点 (150m)
[IPSO-SA] 初始化: 个体=30, 路标点=260, 走廊=30.0km, 直线=65.1km
[DBO] 初始化: 个体=40, 路标点=260, 走廊=30.0km, 直线=65.1km
[DBO] 行为分配: 滚球=8, 育雏=8, 觅食=12, 偷窃=12
[Phase4] A*路径搜索: (1811, 924) -> (2218, 707)
  A*搜索完成 (0.1s), 路径长度: 544 像元
[Phase4] 路径平滑...
  RDP简化: 544 -> 49 点 (epsilon=90m)
  线性插值: 1981 点 (间距30m)
  滑动平均平滑: 窗口5点 (150m)
[IPSO-SA] 初始化: 个体=30, 路标点=167, 走廊=30.0km, 直线=41.9km
[DBO] 初始化: 个体=40, 路标点=167, 走廊=30.0km, 直线=41.9km
[DBO] 行为分配: 滚球=8, 育雏=8, 觅食=12, 偷窃=12
[Phase4] A*路径搜索: (1363, 885) -> (831, 1124)
  A*搜索完成 (0.1s), 路径长度: 694 像元
[Phase4] 路径平滑...
  RDP简化: 694 -> 61 点 (epsilon=90m)
  线性插值: 2556 点 (间距30m)
  滑动平均平滑: 窗口5点 (150m)
[IPSO-SA] 初始化: 个体=30, 路标点=213, 走廊=30.0km, 直线=53.3km
[DBO] 初始化: 个体=40, 路标点=213, 走廊=30.0km, 直线=53.3km
[DBO] 行为分配: 滚球=8, 育雏=8, 觅食=12, 偷窃=12
[Phase4] A*路径搜索: (3576, 732) -> (3396, 492)
  A*搜索完成 (0.0s), 路径长度: 309 像元
[Phase4] 路径平滑...
  RDP简化: 309 -> 23 点 (epsilon=90m)
  线性插值: 1114 点 (间距30m)
  滑动平均平滑: 窗口5点 (150m)
[IPSO-SA] 初始化: 个体=30, 路标点=105, 走廊=30.0km, 直线=26.4km
[DBO] 初始化: 个体=40, 路标点=105, 走廊=30.0km, 直线=26.4km
[DBO] 行为分配: 滚球=8, 育雏=8, 觅食=12, 偷窃=12
[Phase4] A*路径搜索: (1810, 922) -> (1488, 617)
  A*搜索完成 (0.0s), 路径长度: 405 像元
[Phase4] 路径平滑...
  RDP简化: 405 -> 27 点 (epsilon=90m)
  线性插值: 1532 点 (间距30m)
  滑动平均平滑: 窗口5点 (150m)
[IPSO-SA] 初始化: 个体=30, 路标点=157, 走廊=30.0km, 直线=39.4km
[DBO] 初始化: 个体=40, 路标点=157, 走廊=30.0km, 直线=39.4km
[DBO] 行为分配: 滚球=8, 育雏=8, 觅食=12, 偷窃=12
[Phase4] A*路径搜索: (695, 1434) -> (439, 1635)
  A*搜索完成 (0.0s), 路径长度: 305 像元
[Phase4] 路径平滑...
  RDP简化: 305 -> 18 点 (epsilon=90m)
  线性插值: 1175 点 (间距30m)
  滑动平均平滑: 窗口5点 (150m)
[IPSO-SA] 初始化: 个体=30, 路标点=116, 走廊=30.0km, 直线=29.2km
[DBO] 初始化: 个体=40, 路标点=116, 走廊=30.0km, 直线=29.2km
[DBO] 行为分配: 滚球=8, 育雏=8, 觅食=12, 偷窃=12
[Phase4] A*路径搜索: (2014, 1716) -> (2478, 1566)
  A*搜索完成 (0.0s), 路径长度: 466 像元
[Phase4] 路径平滑...
  RDP简化: 466 -> 47 点 (epsilon=90m)
  线性插值: 1635 点 (间距30m)
  滑动平均平滑: 窗口5点 (150m)
[IPSO-SA] 初始化: 个体=30, 路标点=179, 走廊=30.0km, 直线=44.8km
[DBO] 初始化: 个体=40, 路标点=179, 走廊=30.0km, 直线=44.8km
[DBO] 行为分配: 滚球=8, 育雏=8, 觅食=12, 偷窃=12

--- Run 3/30 (seed=44) ---
[Phase4] A*路径搜索: (3578, 732) -> (4128, 898)
  A*搜索完成 (0.0s), 路径长度: 575 像元
[Phase4] 路径平滑...
  RDP简化: 575 -> 37 点 (epsilon=90m)
  线性插值: 1962 点 (间距30m)
  滑动平均平滑: 窗口5点 (150m)
[IPSO-SA] 初始化: 个体=30, 路标点=211, 走廊=30.0km, 直线=53.0km
[DBO] 初始化: 个体=40, 路标点=211, 走廊=30.0km, 直线=53.0km
[DBO] 行为分配: 滚球=8, 育雏=8, 觅食=12, 偷窃=12
[Phase4] A*路径搜索: (2802, 512) -> (1811, 923)
  A*搜索完成 (0.2s), 路径长度: 1047 像元
[Phase4] 路径平滑...
  RDP简化: 1047 -> 96 点 (epsilon=90m)
  线性插值: 3922 点 (间距30m)
  滑动平均平滑: 窗口5点 (150m)
[IPSO-SA] 初始化: 个体=30, 路标点=392, 走廊=30.0km, 直线=98.2km
[DBO] 初始化: 个体=40, 路标点=392, 走廊=30.0km, 直线=98.2km
[DBO] 行为分配: 滚球=8, 育雏=8, 觅食=12, 偷窃=12
[Phase4] A*路径搜索: (850, 1183) -> (1423, 1239)
  A*搜索完成 (0.1s), 路径长度: 742 像元
[Phase4] 路径平滑...
  RDP简化: 742 -> 79 点 (epsilon=90m)
  线性插值: 2643 点 (间距30m)
  滑动平均平滑: 窗口5点 (150m)
[IPSO-SA] 初始化: 个体=30, 路标点=213, 走廊=30.0km, 直线=53.3km
[DBO] 初始化: 个体=40, 路标点=213, 走廊=30.0km, 直线=53.3km
[DBO] 行为分配: 滚球=8, 育雏=8, 觅食=12, 偷窃=12
[Phase4] A*路径搜索: (3140, 1308) -> (2478, 1566)
  A*搜索完成 (0.0s), 路径长度: 663 像元
[Phase4] 路径平滑...
  RDP简化: 663 -> 57 点 (epsilon=90m)
  线性插值: 2391 点 (间距30m)
  滑动平均平滑: 窗口5点 (150m)
[IPSO-SA] 初始化: 个体=30, 路标点=260, 走廊=30.0km, 直线=65.1km
[DBO] 初始化: 个体=40, 路标点=260, 走廊=30.0km, 直线=65.1km
[DBO] 行为分配: 滚球=8, 育雏=8, 觅食=12, 偷窃=12
[Phase4] A*路径搜索: (1811, 924) -> (2218, 707)
  A*搜索完成 (0.1s), 路径长度: 544 像元
[Phase4] 路径平滑...
  RDP简化: 544 -> 49 点 (epsilon=90m)
  线性插值: 1981 点 (间距30m)
  滑动平均平滑: 窗口5点 (150m)
[IPSO-SA] 初始化: 个体=30, 路标点=167, 走廊=30.0km, 直线=41.9km
[DBO] 初始化: 个体=40, 路标点=167, 走廊=30.0km, 直线=41.9km
[DBO] 行为分配: 滚球=8, 育雏=8, 觅食=12, 偷窃=12
[Phase4] A*路径搜索: (1363, 885) -> (831, 1124)
  A*搜索完成 (0.1s), 路径长度: 694 像元
[Phase4] 路径平滑...
  RDP简化: 694 -> 61 点 (epsilon=90m)
  线性插值: 2556 点 (间距30m)
  滑动平均平滑: 窗口5点 (150m)
[IPSO-SA] 初始化: 个体=30, 路标点=213, 走廊=30.0km, 直线=53.3km
[DBO] 初始化: 个体=40, 路标点=213, 走廊=30.0km, 直线=53.3km
[DBO] 行为分配: 滚球=8, 育雏=8, 觅食=12, 偷窃=12
[Phase4] A*路径搜索: (3576, 732) -> (3396, 492)
  A*搜索完成 (0.0s), 路径长度: 309 像元
[Phase4] 路径平滑...
  RDP简化: 309 -> 23 点 (epsilon=90m)
  线性插值: 1114 点 (间距30m)
  滑动平均平滑: 窗口5点 (150m)
[IPSO-SA] 初始化: 个体=30, 路标点=105, 走廊=30.0km, 直线=26.4km
[DBO] 初始化: 个体=40, 路标点=105, 走廊=30.0km, 直线=26.4km
[DBO] 行为分配: 滚球=8, 育雏=8, 觅食=12, 偷窃=12
[Phase4] A*路径搜索: (1810, 922) -> (1488, 617)
  A*搜索完成 (0.0s), 路径长度: 405 像元
[Phase4] 路径平滑...
  RDP简化: 405 -> 27 点 (epsilon=90m)
  线性插值: 1532 点 (间距30m)
  滑动平均平滑: 窗口5点 (150m)
[IPSO-SA] 初始化: 个体=30, 路标点=157, 走廊=30.0km, 直线=39.4km
[DBO] 初始化: 个体=40, 路标点=157, 走廊=30.0km, 直线=39.4km
[DBO] 行为分配: 滚球=8, 育雏=8, 觅食=12, 偷窃=12
[Phase4] A*路径搜索: (695, 1434) -> (439, 1635)
  A*搜索完成 (0.0s), 路径长度: 305 像元
[Phase4] 路径平滑...
  RDP简化: 305 -> 18 点 (epsilon=90m)
  线性插值: 1175 点 (间距30m)
  滑动平均平滑: 窗口5点 (150m)
[IPSO-SA] 初始化: 个体=30, 路标点=116, 走廊=30.0km, 直线=29.2km
[DBO] 初始化: 个体=40, 路标点=116, 走廊=30.0km, 直线=29.2km
[DBO] 行为分配: 滚球=8, 育雏=8, 觅食=12, 偷窃=12
[Phase4] A*路径搜索: (2014, 1716) -> (2478, 1566)
  A*搜索完成 (0.0s), 路径长度: 466 像元
[Phase4] 路径平滑...
  RDP简化: 466 -> 47 点 (epsilon=90m)
  线性插值: 1635 点 (间距30m)
  滑动平均平滑: 窗口5点 (150m)
[IPSO-SA] 初始化: 个体=30, 路标点=179, 走廊=30.0km, 直线=44.8km
[DBO] 初始化: 个体=40, 路标点=179, 走廊=30.0km, 直线=44.8km
[DBO] 行为分配: 滚球=8, 育雏=8, 觅食=12, 偷窃=12

--- Run 4/30 (seed=45) ---
[Phase4] A*路径搜索: (3578, 732) -> (4128, 898)
  A*搜索完成 (0.0s), 路径长度: 575 像元
[Phase4] 路径平滑...
  RDP简化: 575 -> 37 点 (epsilon=90m)
  线性插值: 1962 点 (间距30m)
  滑动平均平滑: 窗口5点 (150m)
[IPSO-SA] 初始化: 个体=30, 路标点=211, 走廊=30.0km, 直线=53.0km
[DBO] 初始化: 个体=40, 路标点=211, 走廊=30.0km, 直线=53.0km
[DBO] 行为分配: 滚球=8, 育雏=8, 觅食=12, 偷窃=12
[Phase4] A*路径搜索: (2802, 512) -> (1811, 923)
  A*搜索完成 (0.2s), 路径长度: 1047 像元
[Phase4] 路径平滑...
  RDP简化: 1047 -> 96 点 (epsilon=90m)
  线性插值: 3922 点 (间距30m)
  滑动平均平滑: 窗口5点 (150m)
[IPSO-SA] 初始化: 个体=30, 路标点=392, 走廊=30.0km, 直线=98.2km
[DBO] 初始化: 个体=40, 路标点=392, 走廊=30.0km, 直线=98.2km
[DBO] 行为分配: 滚球=8, 育雏=8, 觅食=12, 偷窃=12
[Phase4] A*路径搜索: (850, 1183) -> (1423, 1239)
  A*搜索完成 (0.1s), 路径长度: 742 像元
[Phase4] 路径平滑...
  RDP简化: 742 -> 79 点 (epsilon=90m)
  线性插值: 2643 点 (间距30m)
  滑动平均平滑: 窗口5点 (150m)
[IPSO-SA] 初始化: 个体=30, 路标点=213, 走廊=30.0km, 直线=53.3km
[DBO] 初始化: 个体=40, 路标点=213, 走廊=30.0km, 直线=53.3km
[DBO] 行为分配: 滚球=8, 育雏=8, 觅食=12, 偷窃=12
[Phase4] A*路径搜索: (3140, 1308) -> (2478, 1566)
  A*搜索完成 (0.0s), 路径长度: 663 像元
[Phase4] 路径平滑...
  RDP简化: 663 -> 57 点 (epsilon=90m)
  线性插值: 2391 点 (间距30m)
  滑动平均平滑: 窗口5点 (150m)
[IPSO-SA] 初始化: 个体=30, 路标点=260, 走廊=30.0km, 直线=65.1km
[DBO] 初始化: 个体=40, 路标点=260, 走廊=30.0km, 直线=65.1km
[DBO] 行为分配: 滚球=8, 育雏=8, 觅食=12, 偷窃=12
[Phase4] A*路径搜索: (1811, 924) -> (2218, 707)
  A*搜索完成 (0.1s), 路径长度: 544 像元
[Phase4] 路径平滑...
  RDP简化: 544 -> 49 点 (epsilon=90m)
  线性插值: 1981 点 (间距30m)
  滑动平均平滑: 窗口5点 (150m)
[IPSO-SA] 初始化: 个体=30, 路标点=167, 走廊=30.0km, 直线=41.9km
[DBO] 初始化: 个体=40, 路标点=167, 走廊=30.0km, 直线=41.9km
[DBO] 行为分配: 滚球=8, 育雏=8, 觅食=12, 偷窃=12
[Phase4] A*路径搜索: (1363, 885) -> (831, 1124)
  A*搜索完成 (0.1s), 路径长度: 694 像元
[Phase4] 路径平滑...
  RDP简化: 694 -> 61 点 (epsilon=90m)
  线性插值: 2556 点 (间距30m)
  滑动平均平滑: 窗口5点 (150m)
[IPSO-SA] 初始化: 个体=30, 路标点=213, 走廊=30.0km, 直线=53.3km
[DBO] 初始化: 个体=40, 路标点=213, 走廊=30.0km, 直线=53.3km
[DBO] 行为分配: 滚球=8, 育雏=8, 觅食=12, 偷窃=12
[Phase4] A*路径搜索: (3576, 732) -> (3396, 492)
  A*搜索完成 (0.0s), 路径长度: 309 像元
[Phase4] 路径平滑...
  RDP简化: 309 -> 23 点 (epsilon=90m)
  线性插值: 1114 点 (间距30m)
  滑动平均平滑: 窗口5点 (150m)
[IPSO-SA] 初始化: 个体=30, 路标点=105, 走廊=30.0km, 直线=26.4km
[DBO] 初始化: 个体=40, 路标点=105, 走廊=30.0km, 直线=26.4km
[DBO] 行为分配: 滚球=8, 育雏=8, 觅食=12, 偷窃=12
[Phase4] A*路径搜索: (1810, 922) -> (1488, 617)
  A*搜索完成 (0.0s), 路径长度: 405 像元
[Phase4] 路径平滑...
  RDP简化: 405 -> 27 点 (epsilon=90m)
  线性插值: 1532 点 (间距30m)
  滑动平均平滑: 窗口5点 (150m)
[IPSO-SA] 初始化: 个体=30, 路标点=157, 走廊=30.0km, 直线=39.4km
[DBO] 初始化: 个体=40, 路标点=157, 走廊=30.0km, 直线=39.4km
[DBO] 行为分配: 滚球=8, 育雏=8, 觅食=12, 偷窃=12
[Phase4] A*路径搜索: (695, 1434) -> (439, 1635)
  A*搜索完成 (0.0s), 路径长度: 305 像元
[Phase4] 路径平滑...
  RDP简化: 305 -> 18 点 (epsilon=90m)
  线性插值: 1175 点 (间距30m)
  滑动平均平滑: 窗口5点 (150m)
[IPSO-SA] 初始化: 个体=30, 路标点=116, 走廊=30.0km, 直线=29.2km
[DBO] 初始化: 个体=40, 路标点=116, 走廊=30.0km, 直线=29.2km
[DBO] 行为分配: 滚球=8, 育雏=8, 觅食=12, 偷窃=12
[Phase4] A*路径搜索: (2014, 1716) -> (2478, 1566)
  A*搜索完成 (0.0s), 路径长度: 466 像元
[Phase4] 路径平滑...
  RDP简化: 466 -> 47 点 (epsilon=90m)
  线性插值: 1635 点 (间距30m)
  滑动平均平滑: 窗口5点 (150m)
[IPSO-SA] 初始化: 个体=30, 路标点=179, 走廊=30.0km, 直线=44.8km
[DBO] 初始化: 个体=40, 路标点=179, 走廊=30.0km, 直线=44.8km
[DBO] 行为分配: 滚球=8, 育雏=8, 觅食=12, 偷窃=12

--- Run 5/30 (seed=46) ---
[Phase4] A*路径搜索: (3578, 732) -> (4128, 898)
  A*搜索完成 (0.0s), 路径长度: 575 像元
[Phase4] 路径平滑...
  RDP简化: 575 -> 37 点 (epsilon=90m)
  线性插值: 1962 点 (间距30m)
  滑动平均平滑: 窗口5点 (150m)
[IPSO-SA] 初始化: 个体=30, 路标点=211, 走廊=30.0km, 直线=53.0km
[DBO] 初始化: 个体=40, 路标点=211, 走廊=30.0km, 直线=53.0km
[DBO] 行为分配: 滚球=8, 育雏=8, 觅食=12, 偷窃=12
[Phase4] A*路径搜索: (2802, 512) -> (1811, 923)
  A*搜索完成 (0.2s), 路径长度: 1047 像元
[Phase4] 路径平滑...
  RDP简化: 1047 -> 96 点 (epsilon=90m)
  线性插值: 3922 点 (间距30m)
  滑动平均平滑: 窗口5点 (150m)
[IPSO-SA] 初始化: 个体=30, 路标点=392, 走廊=30.0km, 直线=98.2km
[DBO] 初始化: 个体=40, 路标点=392, 走廊=30.0km, 直线=98.2km
[DBO] 行为分配: 滚球=8, 育雏=8, 觅食=12, 偷窃=12
[Phase4] A*路径搜索: (850, 1183) -> (1423, 1239)
  A*搜索完成 (0.1s), 路径长度: 742 像元
[Phase4] 路径平滑...
  RDP简化: 742 -> 79 点 (epsilon=90m)
  线性插值: 2643 点 (间距30m)
  滑动平均平滑: 窗口5点 (150m)
[IPSO-SA] 初始化: 个体=30, 路标点=213, 走廊=30.0km, 直线=53.3km
[DBO] 初始化: 个体=40, 路标点=213, 走廊=30.0km, 直线=53.3km
[DBO] 行为分配: 滚球=8, 育雏=8, 觅食=12, 偷窃=12
[Phase4] A*路径搜索: (3140, 1308) -> (2478, 1566)
  A*搜索完成 (0.0s), 路径长度: 663 像元
[Phase4] 路径平滑...
  RDP简化: 663 -> 57 点 (epsilon=90m)
  线性插值: 2391 点 (间距30m)
  滑动平均平滑: 窗口5点 (150m)
[IPSO-SA] 初始化: 个体=30, 路标点=260, 走廊=30.0km, 直线=65.1km
[DBO] 初始化: 个体=40, 路标点=260, 走廊=30.0km, 直线=65.1km
[DBO] 行为分配: 滚球=8, 育雏=8, 觅食=12, 偷窃=12
[Phase4] A*路径搜索: (1811, 924) -> (2218, 707)
  A*搜索完成 (0.1s), 路径长度: 544 像元
[Phase4] 路径平滑...
  RDP简化: 544 -> 49 点 (epsilon=90m)
  线性插值: 1981 点 (间距30m)
  滑动平均平滑: 窗口5点 (150m)
[IPSO-SA] 初始化: 个体=30, 路标点=167, 走廊=30.0km, 直线=41.9km
[DBO] 初始化: 个体=40, 路标点=167, 走廊=30.0km, 直线=41.9km
[DBO] 行为分配: 滚球=8, 育雏=8, 觅食=12, 偷窃=12
[Phase4] A*路径搜索: (1363, 885) -> (831, 1124)
  A*搜索完成 (0.1s), 路径长度: 694 像元
[Phase4] 路径平滑...
  RDP简化: 694 -> 61 点 (epsilon=90m)
  线性插值: 2556 点 (间距30m)
  滑动平均平滑: 窗口5点 (150m)
[IPSO-SA] 初始化: 个体=30, 路标点=213, 走廊=30.0km, 直线=53.3km
[DBO] 初始化: 个体=40, 路标点=213, 走廊=30.0km, 直线=53.3km
[DBO] 行为分配: 滚球=8, 育雏=8, 觅食=12, 偷窃=12
[Phase4] A*路径搜索: (3576, 732) -> (3396, 492)
  A*搜索完成 (0.0s), 路径长度: 309 像元
[Phase4] 路径平滑...
  RDP简化: 309 -> 23 点 (epsilon=90m)
  线性插值: 1114 点 (间距30m)
  滑动平均平滑: 窗口5点 (150m)
[IPSO-SA] 初始化: 个体=30, 路标点=105, 走廊=30.0km, 直线=26.4km
[DBO] 初始化: 个体=40, 路标点=105, 走廊=30.0km, 直线=26.4km
[DBO] 行为分配: 滚球=8, 育雏=8, 觅食=12, 偷窃=12
[Phase4] A*路径搜索: (1810, 922) -> (1488, 617)
  A*搜索完成 (0.0s), 路径长度: 405 像元
[Phase4] 路径平滑...
  RDP简化: 405 -> 27 点 (epsilon=90m)
  线性插值: 1532 点 (间距30m)
  滑动平均平滑: 窗口5点 (150m)
[IPSO-SA] 初始化: 个体=30, 路标点=157, 走廊=30.0km, 直线=39.4km
[DBO] 初始化: 个体=40, 路标点=157, 走廊=30.0km, 直线=39.4km
[DBO] 行为分配: 滚球=8, 育雏=8, 觅食=12, 偷窃=12
[Phase4] A*路径搜索: (695, 1434) -> (439, 1635)
  A*搜索完成 (0.0s), 路径长度: 305 像元
[Phase4] 路径平滑...
  RDP简化: 305 -> 18 点 (epsilon=90m)
  线性插值: 1175 点 (间距30m)
  滑动平均平滑: 窗口5点 (150m)
[IPSO-SA] 初始化: 个体=30, 路标点=116, 走廊=30.0km, 直线=29.2km
[DBO] 初始化: 个体=40, 路标点=116, 走廊=30.0km, 直线=29.2km
[DBO] 行为分配: 滚球=8, 育雏=8, 觅食=12, 偷窃=12
[Phase4] A*路径搜索: (2014, 1716) -> (2478, 1566)
  A*搜索完成 (0.0s), 路径长度: 466 像元
[Phase4] 路径平滑...
  RDP简化: 466 -> 47 点 (epsilon=90m)
  线性插值: 1635 点 (间距30m)
  滑动平均平滑: 窗口5点 (150m)
[IPSO-SA] 初始化: 个体=30, 路标点=179, 走廊=30.0km, 直线=44.8km
[DBO] 初始化: 个体=40, 路标点=179, 走廊=30.0km, 直线=44.8km
[DBO] 行为分配: 滚球=8, 育雏=8, 觅食=12, 偷窃=12
  A*: runs=5, Hausdorff μ=5740m
  IPSO-SA: runs=5, Hausdorff μ=4291m
  DBO: runs=5, Hausdorff μ=8407m

--- Run 6/30 (seed=47) ---
[Phase4] A*路径搜索: (3578, 732) -> (4128, 898)
  A*搜索完成 (0.0s), 路径长度: 575 像元
[Phase4] 路径平滑...
  RDP简化: 575 -> 37 点 (epsilon=90m)
  线性插值: 1962 点 (间距30m)
  滑动平均平滑: 窗口5点 (150m)
[IPSO-SA] 初始化: 个体=30, 路标点=211, 走廊=30.0km, 直线=53.0km
[DBO] 初始化: 个体=40, 路标点=211, 走廊=30.0km, 直线=53.0km
[DBO] 行为分配: 滚球=8, 育雏=8, 觅食=12, 偷窃=12
[Phase4] A*路径搜索: (2802, 512) -> (1811, 923)
  A*搜索完成 (0.3s), 路径长度: 1047 像元
[Phase4] 路径平滑...
  RDP简化: 1047 -> 96 点 (epsilon=90m)
  线性插值: 3922 点 (间距30m)
  滑动平均平滑: 窗口5点 (150m)
[IPSO-SA] 初始化: 个体=30, 路标点=392, 走廊=30.0km, 直线=98.2km
[DBO] 初始化: 个体=40, 路标点=392, 走廊=30.0km, 直线=98.2km
[DBO] 行为分配: 滚球=8, 育雏=8, 觅食=12, 偷窃=12
[Phase4] A*路径搜索: (850, 1183) -> (1423, 1239)
  A*搜索完成 (0.1s), 路径长度: 742 像元
[Phase4] 路径平滑...
  RDP简化: 742 -> 79 点 (epsilon=90m)
  线性插值: 2643 点 (间距30m)
  滑动平均平滑: 窗口5点 (150m)
[IPSO-SA] 初始化: 个体=30, 路标点=213, 走廊=30.0km, 直线=53.3km
[DBO] 初始化: 个体=40, 路标点=213, 走廊=30.0km, 直线=53.3km
[DBO] 行为分配: 滚球=8, 育雏=8, 觅食=12, 偷窃=12
[Phase4] A*路径搜索: (3140, 1308) -> (2478, 1566)
  A*搜索完成 (0.0s), 路径长度: 663 像元
[Phase4] 路径平滑...
  RDP简化: 663 -> 57 点 (epsilon=90m)
  线性插值: 2391 点 (间距30m)
  滑动平均平滑: 窗口5点 (150m)
[IPSO-SA] 初始化: 个体=30, 路标点=260, 走廊=30.0km, 直线=65.1km
[DBO] 初始化: 个体=40, 路标点=260, 走廊=30.0km, 直线=65.1km
[DBO] 行为分配: 滚球=8, 育雏=8, 觅食=12, 偷窃=12
[Phase4] A*路径搜索: (1811, 924) -> (2218, 707)
  A*搜索完成 (0.1s), 路径长度: 544 像元
[Phase4] 路径平滑...
  RDP简化: 544 -> 49 点 (epsilon=90m)
  线性插值: 1981 点 (间距30m)
  滑动平均平滑: 窗口5点 (150m)
[IPSO-SA] 初始化: 个体=30, 路标点=167, 走廊=30.0km, 直线=41.9km
[DBO] 初始化: 个体=40, 路标点=167, 走廊=30.0km, 直线=41.9km
[DBO] 行为分配: 滚球=8, 育雏=8, 觅食=12, 偷窃=12
[Phase4] A*路径搜索: (1363, 885) -> (831, 1124)
  A*搜索完成 (0.1s), 路径长度: 694 像元
[Phase4] 路径平滑...
  RDP简化: 694 -> 61 点 (epsilon=90m)
  线性插值: 2556 点 (间距30m)
  滑动平均平滑: 窗口5点 (150m)
[IPSO-SA] 初始化: 个体=30, 路标点=213, 走廊=30.0km, 直线=53.3km
[DBO] 初始化: 个体=40, 路标点=213, 走廊=30.0km, 直线=53.3km
[DBO] 行为分配: 滚球=8, 育雏=8, 觅食=12, 偷窃=12
[Phase4] A*路径搜索: (3576, 732) -> (3396, 492)
  A*搜索完成 (0.0s), 路径长度: 309 像元
[Phase4] 路径平滑...
  RDP简化: 309 -> 23 点 (epsilon=90m)
  线性插值: 1114 点 (间距30m)
  滑动平均平滑: 窗口5点 (150m)
[IPSO-SA] 初始化: 个体=30, 路标点=105, 走廊=30.0km, 直线=26.4km
[DBO] 初始化: 个体=40, 路标点=105, 走廊=30.0km, 直线=26.4km
[DBO] 行为分配: 滚球=8, 育雏=8, 觅食=12, 偷窃=12
[Phase4] A*路径搜索: (1810, 922) -> (1488, 617)
  A*搜索完成 (0.0s), 路径长度: 405 像元
[Phase4] 路径平滑...
  RDP简化: 405 -> 27 点 (epsilon=90m)
  线性插值: 1532 点 (间距30m)
  滑动平均平滑: 窗口5点 (150m)
[IPSO-SA] 初始化: 个体=30, 路标点=157, 走廊=30.0km, 直线=39.4km
[DBO] 初始化: 个体=40, 路标点=157, 走廊=30.0km, 直线=39.4km
[DBO] 行为分配: 滚球=8, 育雏=8, 觅食=12, 偷窃=12
[Phase4] A*路径搜索: (695, 1434) -> (439, 1635)
  A*搜索完成 (0.0s), 路径长度: 305 像元
[Phase4] 路径平滑...
  RDP简化: 305 -> 18 点 (epsilon=90m)
  线性插值: 1175 点 (间距30m)
  滑动平均平滑: 窗口5点 (150m)
[IPSO-SA] 初始化: 个体=30, 路标点=116, 走廊=30.0km, 直线=29.2km
[DBO] 初始化: 个体=40, 路标点=116, 走廊=30.0km, 直线=29.2km
[DBO] 行为分配: 滚球=8, 育雏=8, 觅食=12, 偷窃=12
[Phase4] A*路径搜索: (2014, 1716) -> (2478, 1566)
  A*搜索完成 (0.0s), 路径长度: 466 像元
[Phase4] 路径平滑...
  RDP简化: 466 -> 47 点 (epsilon=90m)
  线性插值: 1635 点 (间距30m)
  滑动平均平滑: 窗口5点 (150m)
[IPSO-SA] 初始化: 个体=30, 路标点=179, 走廊=30.0km, 直线=44.8km
[DBO] 初始化: 个体=40, 路标点=179, 走廊=30.0km, 直线=44.8km
[DBO] 行为分配: 滚球=8, 育雏=8, 觅食=12, 偷窃=12

--- Run 7/30 (seed=48) ---
[Phase4] A*路径搜索: (3578, 732) -> (4128, 898)
  A*搜索完成 (0.0s), 路径长度: 575 像元
[Phase4] 路径平滑...
  RDP简化: 575 -> 37 点 (epsilon=90m)
  线性插值: 1962 点 (间距30m)
  滑动平均平滑: 窗口5点 (150m)
[IPSO-SA] 初始化: 个体=30, 路标点=211, 走廊=30.0km, 直线=53.0km
[DBO] 初始化: 个体=40, 路标点=211, 走廊=30.0km, 直线=53.0km
[DBO] 行为分配: 滚球=8, 育雏=8, 觅食=12, 偷窃=12
[Phase4] A*路径搜索: (2802, 512) -> (1811, 923)
  A*搜索完成 (1.9s), 路径长度: 1047 像元
[Phase4] 路径平滑...
  RDP简化: 1047 -> 96 点 (epsilon=90m)
  线性插值: 3922 点 (间距30m)
  滑动平均平滑: 窗口5点 (150m)
[IPSO-SA] 初始化: 个体=30, 路标点=392, 走廊=30.0km, 直线=98.2km
[DBO] 初始化: 个体=40, 路标点=392, 走廊=30.0km, 直线=98.2km
[DBO] 行为分配: 滚球=8, 育雏=8, 觅食=12, 偷窃=12
[Phase4] A*路径搜索: (850, 1183) -> (1423, 1239)
  A*搜索完成 (0.1s), 路径长度: 742 像元
[Phase4] 路径平滑...
  RDP简化: 742 -> 79 点 (epsilon=90m)
  线性插值: 2643 点 (间距30m)
  滑动平均平滑: 窗口5点 (150m)
[IPSO-SA] 初始化: 个体=30, 路标点=213, 走廊=30.0km, 直线=53.3km
[DBO] 初始化: 个体=40, 路标点=213, 走廊=30.0km, 直线=53.3km
[DBO] 行为分配: 滚球=8, 育雏=8, 觅食=12, 偷窃=12
[Phase4] A*路径搜索: (3140, 1308) -> (2478, 1566)
  A*搜索完成 (0.0s), 路径长度: 663 像元
[Phase4] 路径平滑...
  RDP简化: 663 -> 57 点 (epsilon=90m)
  线性插值: 2391 点 (间距30m)
  滑动平均平滑: 窗口5点 (150m)
[IPSO-SA] 初始化: 个体=30, 路标点=260, 走廊=30.0km, 直线=65.1km
[DBO] 初始化: 个体=40, 路标点=260, 走廊=30.0km, 直线=65.1km
[DBO] 行为分配: 滚球=8, 育雏=8, 觅食=12, 偷窃=12
[Phase4] A*路径搜索: (1811, 924) -> (2218, 707)
  A*搜索完成 (0.1s), 路径长度: 544 像元
[Phase4] 路径平滑...
  RDP简化: 544 -> 49 点 (epsilon=90m)
  线性插值: 1981 点 (间距30m)
  滑动平均平滑: 窗口5点 (150m)
[IPSO-SA] 初始化: 个体=30, 路标点=167, 走廊=30.0km, 直线=41.9km
[DBO] 初始化: 个体=40, 路标点=167, 走廊=30.0km, 直线=41.9km
[DBO] 行为分配: 滚球=8, 育雏=8, 觅食=12, 偷窃=12
[Phase4] A*路径搜索: (1363, 885) -> (831, 1124)
  A*搜索完成 (0.1s), 路径长度: 694 像元
[Phase4] 路径平滑...
  RDP简化: 694 -> 61 点 (epsilon=90m)
  线性插值: 2556 点 (间距30m)
  滑动平均平滑: 窗口5点 (150m)
[IPSO-SA] 初始化: 个体=30, 路标点=213, 走廊=30.0km, 直线=53.3km
[DBO] 初始化: 个体=40, 路标点=213, 走廊=30.0km, 直线=53.3km
[DBO] 行为分配: 滚球=8, 育雏=8, 觅食=12, 偷窃=12
[Phase4] A*路径搜索: (3576, 732) -> (3396, 492)
  A*搜索完成 (0.0s), 路径长度: 309 像元
[Phase4] 路径平滑...
  RDP简化: 309 -> 23 点 (epsilon=90m)
  线性插值: 1114 点 (间距30m)
  滑动平均平滑: 窗口5点 (150m)
[IPSO-SA] 初始化: 个体=30, 路标点=105, 走廊=30.0km, 直线=26.4km
[DBO] 初始化: 个体=40, 路标点=105, 走廊=30.0km, 直线=26.4km
[DBO] 行为分配: 滚球=8, 育雏=8, 觅食=12, 偷窃=12
[Phase4] A*路径搜索: (1810, 922) -> (1488, 617)
  A*搜索完成 (0.0s), 路径长度: 405 像元
[Phase4] 路径平滑...
  RDP简化: 405 -> 27 点 (epsilon=90m)
  线性插值: 1532 点 (间距30m)
  滑动平均平滑: 窗口5点 (150m)
[IPSO-SA] 初始化: 个体=30, 路标点=157, 走廊=30.0km, 直线=39.4km
[DBO] 初始化: 个体=40, 路标点=157, 走廊=30.0km, 直线=39.4km
[DBO] 行为分配: 滚球=8, 育雏=8, 觅食=12, 偷窃=12
[Phase4] A*路径搜索: (695, 1434) -> (439, 1635)
  A*搜索完成 (0.0s), 路径长度: 305 像元
[Phase4] 路径平滑...
  RDP简化: 305 -> 18 点 (epsilon=90m)
  线性插值: 1175 点 (间距30m)
  滑动平均平滑: 窗口5点 (150m)
[IPSO-SA] 初始化: 个体=30, 路标点=116, 走廊=30.0km, 直线=29.2km
[DBO] 初始化: 个体=40, 路标点=116, 走廊=30.0km, 直线=29.2km
[DBO] 行为分配: 滚球=8, 育雏=8, 觅食=12, 偷窃=12
[Phase4] A*路径搜索: (2014, 1716) -> (2478, 1566)
  A*搜索完成 (0.0s), 路径长度: 466 像元
[Phase4] 路径平滑...
  RDP简化: 466 -> 47 点 (epsilon=90m)
  线性插值: 1635 点 (间距30m)
  滑动平均平滑: 窗口5点 (150m)
[IPSO-SA] 初始化: 个体=30, 路标点=179, 走廊=30.0km, 直线=44.8km
[DBO] 初始化: 个体=40, 路标点=179, 走廊=30.0km, 直线=44.8km
[DBO] 行为分配: 滚球=8, 育雏=8, 觅食=12, 偷窃=12

--- Run 8/30 (seed=49) ---
[Phase4] A*路径搜索: (3578, 732) -> (4128, 898)
  A*搜索完成 (0.0s), 路径长度: 575 像元
[Phase4] 路径平滑...
  RDP简化: 575 -> 37 点 (epsilon=90m)
  线性插值: 1962 点 (间距30m)
  滑动平均平滑: 窗口5点 (150m)
[IPSO-SA] 初始化: 个体=30, 路标点=211, 走廊=30.0km, 直线=53.0km
[DBO] 初始化: 个体=40, 路标点=211, 走廊=30.0km, 直线=53.0km
[DBO] 行为分配: 滚球=8, 育雏=8, 觅食=12, 偷窃=12
[Phase4] A*路径搜索: (2802, 512) -> (1811, 923)
  A*搜索完成 (3.1s), 路径长度: 1047 像元
[Phase4] 路径平滑...
  RDP简化: 1047 -> 96 点 (epsilon=90m)
  线性插值: 3922 点 (间距30m)
  滑动平均平滑: 窗口5点 (150m)
[IPSO-SA] 初始化: 个体=30, 路标点=392, 走廊=30.0km, 直线=98.2km
[DBO] 初始化: 个体=40, 路标点=392, 走廊=30.0km, 直线=98.2km
[DBO] 行为分配: 滚球=8, 育雏=8, 觅食=12, 偷窃=12
[Phase4] A*路径搜索: (850, 1183) -> (1423, 1239)
  A*搜索完成 (0.1s), 路径长度: 742 像元
[Phase4] 路径平滑...
  RDP简化: 742 -> 79 点 (epsilon=90m)
  线性插值: 2643 点 (间距30m)
  滑动平均平滑: 窗口5点 (150m)
[IPSO-SA] 初始化: 个体=30, 路标点=213, 走廊=30.0km, 直线=53.3km
[DBO] 初始化: 个体=40, 路标点=213, 走廊=30.0km, 直线=53.3km
[DBO] 行为分配: 滚球=8, 育雏=8, 觅食=12, 偷窃=12
[Phase4] A*路径搜索: (3140, 1308) -> (2478, 1566)
  A*搜索完成 (0.0s), 路径长度: 663 像元
[Phase4] 路径平滑...
  RDP简化: 663 -> 57 点 (epsilon=90m)
  线性插值: 2391 点 (间距30m)
  滑动平均平滑: 窗口5点 (150m)
[IPSO-SA] 初始化: 个体=30, 路标点=260, 走廊=30.0km, 直线=65.1km
[DBO] 初始化: 个体=40, 路标点=260, 走廊=30.0km, 直线=65.1km
[DBO] 行为分配: 滚球=8, 育雏=8, 觅食=12, 偷窃=12
[Phase4] A*路径搜索: (1811, 924) -> (2218, 707)
  A*搜索完成 (0.1s), 路径长度: 544 像元
[Phase4] 路径平滑...
  RDP简化: 544 -> 49 点 (epsilon=90m)
  线性插值: 1981 点 (间距30m)
  滑动平均平滑: 窗口5点 (150m)
[IPSO-SA] 初始化: 个体=30, 路标点=167, 走廊=30.0km, 直线=41.9km
[DBO] 初始化: 个体=40, 路标点=167, 走廊=30.0km, 直线=41.9km
[DBO] 行为分配: 滚球=8, 育雏=8, 觅食=12, 偷窃=12
[Phase4] A*路径搜索: (1363, 885) -> (831, 1124)
  A*搜索完成 (0.1s), 路径长度: 694 像元
[Phase4] 路径平滑...
  RDP简化: 694 -> 61 点 (epsilon=90m)
  线性插值: 2556 点 (间距30m)
  滑动平均平滑: 窗口5点 (150m)
[IPSO-SA] 初始化: 个体=30, 路标点=213, 走廊=30.0km, 直线=53.3km
[DBO] 初始化: 个体=40, 路标点=213, 走廊=30.0km, 直线=53.3km
[DBO] 行为分配: 滚球=8, 育雏=8, 觅食=12, 偷窃=12
[Phase4] A*路径搜索: (3576, 732) -> (3396, 492)
  A*搜索完成 (0.0s), 路径长度: 309 像元
[Phase4] 路径平滑...
  RDP简化: 309 -> 23 点 (epsilon=90m)
  线性插值: 1114 点 (间距30m)
  滑动平均平滑: 窗口5点 (150m)
[IPSO-SA] 初始化: 个体=30, 路标点=105, 走廊=30.0km, 直线=26.4km
[DBO] 初始化: 个体=40, 路标点=105, 走廊=30.0km, 直线=26.4km
[DBO] 行为分配: 滚球=8, 育雏=8, 觅食=12, 偷窃=12
[Phase4] A*路径搜索: (1810, 922) -> (1488, 617)
  A*搜索完成 (0.0s), 路径长度: 405 像元
[Phase4] 路径平滑...
  RDP简化: 405 -> 27 点 (epsilon=90m)
  线性插值: 1532 点 (间距30m)
  滑动平均平滑: 窗口5点 (150m)
[IPSO-SA] 初始化: 个体=30, 路标点=157, 走廊=30.0km, 直线=39.4km
[DBO] 初始化: 个体=40, 路标点=157, 走廊=30.0km, 直线=39.4km
[DBO] 行为分配: 滚球=8, 育雏=8, 觅食=12, 偷窃=12
[Phase4] A*路径搜索: (695, 1434) -> (439, 1635)
  A*搜索完成 (0.0s), 路径长度: 305 像元
[Phase4] 路径平滑...
  RDP简化: 305 -> 18 点 (epsilon=90m)
  线性插值: 1175 点 (间距30m)
  滑动平均平滑: 窗口5点 (150m)
[IPSO-SA] 初始化: 个体=30, 路标点=116, 走廊=30.0km, 直线=29.2km
[DBO] 初始化: 个体=40, 路标点=116, 走廊=30.0km, 直线=29.2km
[DBO] 行为分配: 滚球=8, 育雏=8, 觅食=12, 偷窃=12
[Phase4] A*路径搜索: (2014, 1716) -> (2478, 1566)
  A*搜索完成 (0.0s), 路径长度: 466 像元
[Phase4] 路径平滑...
  RDP简化: 466 -> 47 点 (epsilon=90m)
  线性插值: 1635 点 (间距30m)
  滑动平均平滑: 窗口5点 (150m)
[IPSO-SA] 初始化: 个体=30, 路标点=179, 走廊=30.0km, 直线=44.8km
[DBO] 初始化: 个体=40, 路标点=179, 走廊=30.0km, 直线=44.8km
[DBO] 行为分配: 滚球=8, 育雏=8, 觅食=12, 偷窃=12

--- Run 9/30 (seed=50) ---
[Phase4] A*路径搜索: (3578, 732) -> (4128, 898)
  A*搜索完成 (0.0s), 路径长度: 575 像元
[Phase4] 路径平滑...
  RDP简化: 575 -> 37 点 (epsilon=90m)
  线性插值: 1962 点 (间距30m)
  滑动平均平滑: 窗口5点 (150m)
[IPSO-SA] 初始化: 个体=30, 路标点=211, 走廊=30.0km, 直线=53.0km
[DBO] 初始化: 个体=40, 路标点=211, 走廊=30.0km, 直线=53.0km
[DBO] 行为分配: 滚球=8, 育雏=8, 觅食=12, 偷窃=12
[Phase4] A*路径搜索: (2802, 512) -> (1811, 923)
  A*搜索完成 (0.2s), 路径长度: 1047 像元
[Phase4] 路径平滑...
  RDP简化: 1047 -> 96 点 (epsilon=90m)
  线性插值: 3922 点 (间距30m)
  滑动平均平滑: 窗口5点 (150m)
[IPSO-SA] 初始化: 个体=30, 路标点=392, 走廊=30.0km, 直线=98.2km
[DBO] 初始化: 个体=40, 路标点=392, 走廊=30.0km, 直线=98.2km
[DBO] 行为分配: 滚球=8, 育雏=8, 觅食=12, 偷窃=12
[Phase4] A*路径搜索: (850, 1183) -> (1423, 1239)
  A*搜索完成 (0.1s), 路径长度: 742 像元
[Phase4] 路径平滑...
  RDP简化: 742 -> 79 点 (epsilon=90m)
  线性插值: 2643 点 (间距30m)
  滑动平均平滑: 窗口5点 (150m)
[IPSO-SA] 初始化: 个体=30, 路标点=213, 走廊=30.0km, 直线=53.3km
[DBO] 初始化: 个体=40, 路标点=213, 走廊=30.0km, 直线=53.3km
[DBO] 行为分配: 滚球=8, 育雏=8, 觅食=12, 偷窃=12
[Phase4] A*路径搜索: (3140, 1308) -> (2478, 1566)
  A*搜索完成 (0.0s), 路径长度: 663 像元
[Phase4] 路径平滑...
  RDP简化: 663 -> 57 点 (epsilon=90m)
  线性插值: 2391 点 (间距30m)
  滑动平均平滑: 窗口5点 (150m)
[IPSO-SA] 初始化: 个体=30, 路标点=260, 走廊=30.0km, 直线=65.1km
[DBO] 初始化: 个体=40, 路标点=260, 走廊=30.0km, 直线=65.1km
[DBO] 行为分配: 滚球=8, 育雏=8, 觅食=12, 偷窃=12
[Phase4] A*路径搜索: (1811, 924) -> (2218, 707)
  A*搜索完成 (0.1s), 路径长度: 544 像元
[Phase4] 路径平滑...
  RDP简化: 544 -> 49 点 (epsilon=90m)
  线性插值: 1981 点 (间距30m)
  滑动平均平滑: 窗口5点 (150m)
[IPSO-SA] 初始化: 个体=30, 路标点=167, 走廊=30.0km, 直线=41.9km
[DBO] 初始化: 个体=40, 路标点=167, 走廊=30.0km, 直线=41.9km
[DBO] 行为分配: 滚球=8, 育雏=8, 觅食=12, 偷窃=12
[Phase4] A*路径搜索: (1363, 885) -> (831, 1124)
  A*搜索完成 (0.1s), 路径长度: 694 像元
[Phase4] 路径平滑...
  RDP简化: 694 -> 61 点 (epsilon=90m)
  线性插值: 2556 点 (间距30m)
  滑动平均平滑: 窗口5点 (150m)
[IPSO-SA] 初始化: 个体=30, 路标点=213, 走廊=30.0km, 直线=53.3km
[DBO] 初始化: 个体=40, 路标点=213, 走廊=30.0km, 直线=53.3km
[DBO] 行为分配: 滚球=8, 育雏=8, 觅食=12, 偷窃=12
[Phase4] A*路径搜索: (3576, 732) -> (3396, 492)
  A*搜索完成 (0.0s), 路径长度: 309 像元
[Phase4] 路径平滑...
  RDP简化: 309 -> 23 点 (epsilon=90m)
  线性插值: 1114 点 (间距30m)
  滑动平均平滑: 窗口5点 (150m)
[IPSO-SA] 初始化: 个体=30, 路标点=105, 走廊=30.0km, 直线=26.4km
[DBO] 初始化: 个体=40, 路标点=105, 走廊=30.0km, 直线=26.4km
[DBO] 行为分配: 滚球=8, 育雏=8, 觅食=12, 偷窃=12
[Phase4] A*路径搜索: (1810, 922) -> (1488, 617)
  A*搜索完成 (0.0s), 路径长度: 405 像元
[Phase4] 路径平滑...
  RDP简化: 405 -> 27 点 (epsilon=90m)
  线性插值: 1532 点 (间距30m)
  滑动平均平滑: 窗口5点 (150m)
[IPSO-SA] 初始化: 个体=30, 路标点=157, 走廊=30.0km, 直线=39.4km
[DBO] 初始化: 个体=40, 路标点=157, 走廊=30.0km, 直线=39.4km
[DBO] 行为分配: 滚球=8, 育雏=8, 觅食=12, 偷窃=12
[Phase4] A*路径搜索: (695, 1434) -> (439, 1635)
  A*搜索完成 (0.0s), 路径长度: 305 像元
[Phase4] 路径平滑...
  RDP简化: 305 -> 18 点 (epsilon=90m)
  线性插值: 1175 点 (间距30m)
  滑动平均平滑: 窗口5点 (150m)
[IPSO-SA] 初始化: 个体=30, 路标点=116, 走廊=30.0km, 直线=29.2km
[DBO] 初始化: 个体=40, 路标点=116, 走廊=30.0km, 直线=29.2km
[DBO] 行为分配: 滚球=8, 育雏=8, 觅食=12, 偷窃=12
[Phase4] A*路径搜索: (2014, 1716) -> (2478, 1566)
  A*搜索完成 (0.0s), 路径长度: 466 像元
[Phase4] 路径平滑...
  RDP简化: 466 -> 47 点 (epsilon=90m)
  线性插值: 1635 点 (间距30m)
  滑动平均平滑: 窗口5点 (150m)
[IPSO-SA] 初始化: 个体=30, 路标点=179, 走廊=30.0km, 直线=44.8km
[DBO] 初始化: 个体=40, 路标点=179, 走廊=30.0km, 直线=44.8km
[DBO] 行为分配: 滚球=8, 育雏=8, 觅食=12, 偷窃=12

--- Run 10/30 (seed=51) ---
[Phase4] A*路径搜索: (3578, 732) -> (4128, 898)
  A*搜索完成 (0.0s), 路径长度: 575 像元
[Phase4] 路径平滑...
  RDP简化: 575 -> 37 点 (epsilon=90m)
  线性插值: 1962 点 (间距30m)
  滑动平均平滑: 窗口5点 (150m)
[IPSO-SA] 初始化: 个体=30, 路标点=211, 走廊=30.0km, 直线=53.0km
[DBO] 初始化: 个体=40, 路标点=211, 走廊=30.0km, 直线=53.0km
[DBO] 行为分配: 滚球=8, 育雏=8, 觅食=12, 偷窃=12
[Phase4] A*路径搜索: (2802, 512) -> (1811, 923)
  A*搜索完成 (0.2s), 路径长度: 1047 像元
[Phase4] 路径平滑...
  RDP简化: 1047 -> 96 点 (epsilon=90m)
  线性插值: 3922 点 (间距30m)
  滑动平均平滑: 窗口5点 (150m)
[IPSO-SA] 初始化: 个体=30, 路标点=392, 走廊=30.0km, 直线=98.2km
[DBO] 初始化: 个体=40, 路标点=392, 走廊=30.0km, 直线=98.2km
[DBO] 行为分配: 滚球=8, 育雏=8, 觅食=12, 偷窃=12
[Phase4] A*路径搜索: (850, 1183) -> (1423, 1239)
  A*搜索完成 (0.1s), 路径长度: 742 像元
[Phase4] 路径平滑...
  RDP简化: 742 -> 79 点 (epsilon=90m)
  线性插值: 2643 点 (间距30m)
  滑动平均平滑: 窗口5点 (150m)
[IPSO-SA] 初始化: 个体=30, 路标点=213, 走廊=30.0km, 直线=53.3km
[DBO] 初始化: 个体=40, 路标点=213, 走廊=30.0km, 直线=53.3km
[DBO] 行为分配: 滚球=8, 育雏=8, 觅食=12, 偷窃=12
[Phase4] A*路径搜索: (3140, 1308) -> (2478, 1566)
  A*搜索完成 (0.0s), 路径长度: 663 像元
[Phase4] 路径平滑...
  RDP简化: 663 -> 57 点 (epsilon=90m)
  线性插值: 2391 点 (间距30m)
  滑动平均平滑: 窗口5点 (150m)
[IPSO-SA] 初始化: 个体=30, 路标点=260, 走廊=30.0km, 直线=65.1km
[DBO] 初始化: 个体=40, 路标点=260, 走廊=30.0km, 直线=65.1km
[DBO] 行为分配: 滚球=8, 育雏=8, 觅食=12, 偷窃=12
[Phase4] A*路径搜索: (1811, 924) -> (2218, 707)
  A*搜索完成 (0.1s), 路径长度: 544 像元
[Phase4] 路径平滑...
  RDP简化: 544 -> 49 点 (epsilon=90m)
  线性插值: 1981 点 (间距30m)
  滑动平均平滑: 窗口5点 (150m)
[IPSO-SA] 初始化: 个体=30, 路标点=167, 走廊=30.0km, 直线=41.9km
[DBO] 初始化: 个体=40, 路标点=167, 走廊=30.0km, 直线=41.9km
[DBO] 行为分配: 滚球=8, 育雏=8, 觅食=12, 偷窃=12
[Phase4] A*路径搜索: (1363, 885) -> (831, 1124)
  A*搜索完成 (0.1s), 路径长度: 694 像元
[Phase4] 路径平滑...
  RDP简化: 694 -> 61 点 (epsilon=90m)
  线性插值: 2556 点 (间距30m)
  滑动平均平滑: 窗口5点 (150m)
[IPSO-SA] 初始化: 个体=30, 路标点=213, 走廊=30.0km, 直线=53.3km
[DBO] 初始化: 个体=40, 路标点=213, 走廊=30.0km, 直线=53.3km
[DBO] 行为分配: 滚球=8, 育雏=8, 觅食=12, 偷窃=12
[Phase4] A*路径搜索: (3576, 732) -> (3396, 492)
  A*搜索完成 (0.1s), 路径长度: 309 像元
[Phase4] 路径平滑...
  RDP简化: 309 -> 23 点 (epsilon=90m)
  线性插值: 1114 点 (间距30m)
  滑动平均平滑: 窗口5点 (150m)
[IPSO-SA] 初始化: 个体=30, 路标点=105, 走廊=30.0km, 直线=26.4km
[DBO] 初始化: 个体=40, 路标点=105, 走廊=30.0km, 直线=26.4km
[DBO] 行为分配: 滚球=8, 育雏=8, 觅食=12, 偷窃=12
[Phase4] A*路径搜索: (1810, 922) -> (1488, 617)
  A*搜索完成 (0.0s), 路径长度: 405 像元
[Phase4] 路径平滑...
  RDP简化: 405 -> 27 点 (epsilon=90m)
  线性插值: 1532 点 (间距30m)
  滑动平均平滑: 窗口5点 (150m)
[IPSO-SA] 初始化: 个体=30, 路标点=157, 走廊=30.0km, 直线=39.4km
[DBO] 初始化: 个体=40, 路标点=157, 走廊=30.0km, 直线=39.4km
[DBO] 行为分配: 滚球=8, 育雏=8, 觅食=12, 偷窃=12
[Phase4] A*路径搜索: (695, 1434) -> (439, 1635)
  A*搜索完成 (0.0s), 路径长度: 305 像元
[Phase4] 路径平滑...
  RDP简化: 305 -> 18 点 (epsilon=90m)
  线性插值: 1175 点 (间距30m)
  滑动平均平滑: 窗口5点 (150m)
[IPSO-SA] 初始化: 个体=30, 路标点=116, 走廊=30.0km, 直线=29.2km
[DBO] 初始化: 个体=40, 路标点=116, 走廊=30.0km, 直线=29.2km
[DBO] 行为分配: 滚球=8, 育雏=8, 觅食=12, 偷窃=12
[Phase4] A*路径搜索: (2014, 1716) -> (2478, 1566)
  A*搜索完成 (0.0s), 路径长度: 466 像元
[Phase4] 路径平滑...
  RDP简化: 466 -> 47 点 (epsilon=90m)
  线性插值: 1635 点 (间距30m)
  滑动平均平滑: 窗口5点 (150m)
[IPSO-SA] 初始化: 个体=30, 路标点=179, 走廊=30.0km, 直线=44.8km
[DBO] 初始化: 个体=40, 路标点=179, 走廊=30.0km, 直线=44.8km
[DBO] 行为分配: 滚球=8, 育雏=8, 觅食=12, 偷窃=12
  A*: runs=10, Hausdorff μ=5740m
  IPSO-SA: runs=10, Hausdorff μ=4239m
  DBO: runs=10, Hausdorff μ=8593m

--- Run 11/30 (seed=52) ---
[Phase4] A*路径搜索: (3578, 732) -> (4128, 898)
  A*搜索完成 (0.0s), 路径长度: 575 像元
[Phase4] 路径平滑...
  RDP简化: 575 -> 37 点 (epsilon=90m)
  线性插值: 1962 点 (间距30m)
  滑动平均平滑: 窗口5点 (150m)
[IPSO-SA] 初始化: 个体=30, 路标点=211, 走廊=30.0km, 直线=53.0km
[DBO] 初始化: 个体=40, 路标点=211, 走廊=30.0km, 直线=53.0km
[DBO] 行为分配: 滚球=8, 育雏=8, 觅食=12, 偷窃=12
[Phase4] A*路径搜索: (2802, 512) -> (1811, 923)
  A*搜索完成 (0.3s), 路径长度: 1047 像元
[Phase4] 路径平滑...
  RDP简化: 1047 -> 96 点 (epsilon=90m)
  线性插值: 3922 点 (间距30m)
  滑动平均平滑: 窗口5点 (150m)
[IPSO-SA] 初始化: 个体=30, 路标点=392, 走廊=30.0km, 直线=98.2km
[DBO] 初始化: 个体=40, 路标点=392, 走廊=30.0km, 直线=98.2km
[DBO] 行为分配: 滚球=8, 育雏=8, 觅食=12, 偷窃=12
[Phase4] A*路径搜索: (850, 1183) -> (1423, 1239)
  A*搜索完成 (0.1s), 路径长度: 742 像元
[Phase4] 路径平滑...
  RDP简化: 742 -> 79 点 (epsilon=90m)
  线性插值: 2643 点 (间距30m)
  滑动平均平滑: 窗口5点 (150m)
[IPSO-SA] 初始化: 个体=30, 路标点=213, 走廊=30.0km, 直线=53.3km
[DBO] 初始化: 个体=40, 路标点=213, 走廊=30.0km, 直线=53.3km
[DBO] 行为分配: 滚球=8, 育雏=8, 觅食=12, 偷窃=12
[Phase4] A*路径搜索: (3140, 1308) -> (2478, 1566)
  A*搜索完成 (0.1s), 路径长度: 663 像元
[Phase4] 路径平滑...
  RDP简化: 663 -> 57 点 (epsilon=90m)
  线性插值: 2391 点 (间距30m)
  滑动平均平滑: 窗口5点 (150m)
[IPSO-SA] 初始化: 个体=30, 路标点=260, 走廊=30.0km, 直线=65.1km
[DBO] 初始化: 个体=40, 路标点=260, 走廊=30.0km, 直线=65.1km
[DBO] 行为分配: 滚球=8, 育雏=8, 觅食=12, 偷窃=12
[Phase4] A*路径搜索: (1811, 924) -> (2218, 707)
  A*搜索完成 (0.1s), 路径长度: 544 像元
[Phase4] 路径平滑...
  RDP简化: 544 -> 49 点 (epsilon=90m)
  线性插值: 1981 点 (间距30m)
  滑动平均平滑: 窗口5点 (150m)
[IPSO-SA] 初始化: 个体=30, 路标点=167, 走廊=30.0km, 直线=41.9km
[DBO] 初始化: 个体=40, 路标点=167, 走廊=30.0km, 直线=41.9km
[DBO] 行为分配: 滚球=8, 育雏=8, 觅食=12, 偷窃=12
[Phase4] A*路径搜索: (1363, 885) -> (831, 1124)
  A*搜索完成 (0.1s), 路径长度: 694 像元
[Phase4] 路径平滑...
  RDP简化: 694 -> 61 点 (epsilon=90m)
  线性插值: 2556 点 (间距30m)
  滑动平均平滑: 窗口5点 (150m)
[IPSO-SA] 初始化: 个体=30, 路标点=213, 走廊=30.0km, 直线=53.3km
[DBO] 初始化: 个体=40, 路标点=213, 走廊=30.0km, 直线=53.3km
[DBO] 行为分配: 滚球=8, 育雏=8, 觅食=12, 偷窃=12
[Phase4] A*路径搜索: (3576, 732) -> (3396, 492)
  A*搜索完成 (0.1s), 路径长度: 309 像元
[Phase4] 路径平滑...
  RDP简化: 309 -> 23 点 (epsilon=90m)
  线性插值: 1114 点 (间距30m)
  滑动平均平滑: 窗口5点 (150m)
[IPSO-SA] 初始化: 个体=30, 路标点=105, 走廊=30.0km, 直线=26.4km
[DBO] 初始化: 个体=40, 路标点=105, 走廊=30.0km, 直线=26.4km
[DBO] 行为分配: 滚球=8, 育雏=8, 觅食=12, 偷窃=12
[Phase4] A*路径搜索: (1810, 922) -> (1488, 617)
  A*搜索完成 (0.0s), 路径长度: 405 像元
[Phase4] 路径平滑...
  RDP简化: 405 -> 27 点 (epsilon=90m)
  线性插值: 1532 点 (间距30m)
  滑动平均平滑: 窗口5点 (150m)
[IPSO-SA] 初始化: 个体=30, 路标点=157, 走廊=30.0km, 直线=39.4km
[DBO] 初始化: 个体=40, 路标点=157, 走廊=30.0km, 直线=39.4km
[DBO] 行为分配: 滚球=8, 育雏=8, 觅食=12, 偷窃=12
[Phase4] A*路径搜索: (695, 1434) -> (439, 1635)
  A*搜索完成 (0.0s), 路径长度: 305 像元
[Phase4] 路径平滑...
  RDP简化: 305 -> 18 点 (epsilon=90m)
  线性插值: 1175 点 (间距30m)
  滑动平均平滑: 窗口5点 (150m)
[IPSO-SA] 初始化: 个体=30, 路标点=116, 走廊=30.0km, 直线=29.2km
[DBO] 初始化: 个体=40, 路标点=116, 走廊=30.0km, 直线=29.2km
[DBO] 行为分配: 滚球=8, 育雏=8, 觅食=12, 偷窃=12
[Phase4] A*路径搜索: (2014, 1716) -> (2478, 1566)
  A*搜索完成 (0.0s), 路径长度: 466 像元
[Phase4] 路径平滑...
  RDP简化: 466 -> 47 点 (epsilon=90m)
  线性插值: 1635 点 (间距30m)
  滑动平均平滑: 窗口5点 (150m)
[IPSO-SA] 初始化: 个体=30, 路标点=179, 走廊=30.0km, 直线=44.8km
[DBO] 初始化: 个体=40, 路标点=179, 走廊=30.0km, 直线=44.8km
[DBO] 行为分配: 滚球=8, 育雏=8, 觅食=12, 偷窃=12

--- Run 12/30 (seed=53) ---
[Phase4] A*路径搜索: (3578, 732) -> (4128, 898)
  A*搜索完成 (0.0s), 路径长度: 575 像元
[Phase4] 路径平滑...
  RDP简化: 575 -> 37 点 (epsilon=90m)
  线性插值: 1962 点 (间距30m)
  滑动平均平滑: 窗口5点 (150m)
[IPSO-SA] 初始化: 个体=30, 路标点=211, 走廊=30.0km, 直线=53.0km
[DBO] 初始化: 个体=40, 路标点=211, 走廊=30.0km, 直线=53.0km
[DBO] 行为分配: 滚球=8, 育雏=8, 觅食=12, 偷窃=12
[Phase4] A*路径搜索: (2802, 512) -> (1811, 923)
  A*搜索完成 (0.3s), 路径长度: 1047 像元
[Phase4] 路径平滑...
  RDP简化: 1047 -> 96 点 (epsilon=90m)
  线性插值: 3922 点 (间距30m)
  滑动平均平滑: 窗口5点 (150m)
[IPSO-SA] 初始化: 个体=30, 路标点=392, 走廊=30.0km, 直线=98.2km
[DBO] 初始化: 个体=40, 路标点=392, 走廊=30.0km, 直线=98.2km
[DBO] 行为分配: 滚球=8, 育雏=8, 觅食=12, 偷窃=12
[Phase4] A*路径搜索: (850, 1183) -> (1423, 1239)
  A*搜索完成 (0.1s), 路径长度: 742 像元
[Phase4] 路径平滑...
  RDP简化: 742 -> 79 点 (epsilon=90m)
  线性插值: 2643 点 (间距30m)
  滑动平均平滑: 窗口5点 (150m)
[IPSO-SA] 初始化: 个体=30, 路标点=213, 走廊=30.0km, 直线=53.3km
[DBO] 初始化: 个体=40, 路标点=213, 走廊=30.0km, 直线=53.3km
[DBO] 行为分配: 滚球=8, 育雏=8, 觅食=12, 偷窃=12
[Phase4] A*路径搜索: (3140, 1308) -> (2478, 1566)
  A*搜索完成 (0.0s), 路径长度: 663 像元
[Phase4] 路径平滑...
  RDP简化: 663 -> 57 点 (epsilon=90m)
  线性插值: 2391 点 (间距30m)
  滑动平均平滑: 窗口5点 (150m)
[IPSO-SA] 初始化: 个体=30, 路标点=260, 走廊=30.0km, 直线=65.1km
[DBO] 初始化: 个体=40, 路标点=260, 走廊=30.0km, 直线=65.1km
[DBO] 行为分配: 滚球=8, 育雏=8, 觅食=12, 偷窃=12
[Phase4] A*路径搜索: (1811, 924) -> (2218, 707)
  A*搜索完成 (0.1s), 路径长度: 544 像元
[Phase4] 路径平滑...
  RDP简化: 544 -> 49 点 (epsilon=90m)
  线性插值: 1981 点 (间距30m)
  滑动平均平滑: 窗口5点 (150m)
[IPSO-SA] 初始化: 个体=30, 路标点=167, 走廊=30.0km, 直线=41.9km
[DBO] 初始化: 个体=40, 路标点=167, 走廊=30.0km, 直线=41.9km
[DBO] 行为分配: 滚球=8, 育雏=8, 觅食=12, 偷窃=12
[Phase4] A*路径搜索: (1363, 885) -> (831, 1124)
  A*搜索完成 (0.1s), 路径长度: 694 像元
[Phase4] 路径平滑...
  RDP简化: 694 -> 61 点 (epsilon=90m)
  线性插值: 2556 点 (间距30m)
  滑动平均平滑: 窗口5点 (150m)
[IPSO-SA] 初始化: 个体=30, 路标点=213, 走廊=30.0km, 直线=53.3km
[DBO] 初始化: 个体=40, 路标点=213, 走廊=30.0km, 直线=53.3km
[DBO] 行为分配: 滚球=8, 育雏=8, 觅食=12, 偷窃=12
[Phase4] A*路径搜索: (3576, 732) -> (3396, 492)
  A*搜索完成 (0.1s), 路径长度: 309 像元
[Phase4] 路径平滑...
  RDP简化: 309 -> 23 点 (epsilon=90m)
  线性插值: 1114 点 (间距30m)
  滑动平均平滑: 窗口5点 (150m)
[IPSO-SA] 初始化: 个体=30, 路标点=105, 走廊=30.0km, 直线=26.4km
[DBO] 初始化: 个体=40, 路标点=105, 走廊=30.0km, 直线=26.4km
[DBO] 行为分配: 滚球=8, 育雏=8, 觅食=12, 偷窃=12
[Phase4] A*路径搜索: (1810, 922) -> (1488, 617)
  A*搜索完成 (0.0s), 路径长度: 405 像元
[Phase4] 路径平滑...
  RDP简化: 405 -> 27 点 (epsilon=90m)
  线性插值: 1532 点 (间距30m)
  滑动平均平滑: 窗口5点 (150m)
[IPSO-SA] 初始化: 个体=30, 路标点=157, 走廊=30.0km, 直线=39.4km
[DBO] 初始化: 个体=40, 路标点=157, 走廊=30.0km, 直线=39.4km
[DBO] 行为分配: 滚球=8, 育雏=8, 觅食=12, 偷窃=12
[Phase4] A*路径搜索: (695, 1434) -> (439, 1635)
  A*搜索完成 (0.0s), 路径长度: 305 像元
[Phase4] 路径平滑...
  RDP简化: 305 -> 18 点 (epsilon=90m)
  线性插值: 1175 点 (间距30m)
  滑动平均平滑: 窗口5点 (150m)
[IPSO-SA] 初始化: 个体=30, 路标点=116, 走廊=30.0km, 直线=29.2km
[DBO] 初始化: 个体=40, 路标点=116, 走廊=30.0km, 直线=29.2km
[DBO] 行为分配: 滚球=8, 育雏=8, 觅食=12, 偷窃=12
[Phase4] A*路径搜索: (2014, 1716) -> (2478, 1566)
  A*搜索完成 (0.0s), 路径长度: 466 像元
[Phase4] 路径平滑...
  RDP简化: 466 -> 47 点 (epsilon=90m)
  线性插值: 1635 点 (间距30m)
  滑动平均平滑: 窗口5点 (150m)
[IPSO-SA] 初始化: 个体=30, 路标点=179, 走廊=30.0km, 直线=44.8km
[DBO] 初始化: 个体=40, 路标点=179, 走廊=30.0km, 直线=44.8km
[DBO] 行为分配: 滚球=8, 育雏=8, 觅食=12, 偷窃=12

--- Run 13/30 (seed=54) ---
[Phase4] A*路径搜索: (3578, 732) -> (4128, 898)
  A*搜索完成 (0.0s), 路径长度: 575 像元
[Phase4] 路径平滑...
  RDP简化: 575 -> 37 点 (epsilon=90m)
  线性插值: 1962 点 (间距30m)
  滑动平均平滑: 窗口5点 (150m)
[IPSO-SA] 初始化: 个体=30, 路标点=211, 走廊=30.0km, 直线=53.0km
[DBO] 初始化: 个体=40, 路标点=211, 走廊=30.0km, 直线=53.0km
[DBO] 行为分配: 滚球=8, 育雏=8, 觅食=12, 偷窃=12
[Phase4] A*路径搜索: (2802, 512) -> (1811, 923)
  A*搜索完成 (0.3s), 路径长度: 1047 像元
[Phase4] 路径平滑...
  RDP简化: 1047 -> 96 点 (epsilon=90m)
  线性插值: 3922 点 (间距30m)
  滑动平均平滑: 窗口5点 (150m)
[IPSO-SA] 初始化: 个体=30, 路标点=392, 走廊=30.0km, 直线=98.2km
[DBO] 初始化: 个体=40, 路标点=392, 走廊=30.0km, 直线=98.2km
[DBO] 行为分配: 滚球=8, 育雏=8, 觅食=12, 偷窃=12
[Phase4] A*路径搜索: (850, 1183) -> (1423, 1239)
  A*搜索完成 (0.1s), 路径长度: 742 像元
[Phase4] 路径平滑...
  RDP简化: 742 -> 79 点 (epsilon=90m)
  线性插值: 2643 点 (间距30m)
  滑动平均平滑: 窗口5点 (150m)
[IPSO-SA] 初始化: 个体=30, 路标点=213, 走廊=30.0km, 直线=53.3km
[DBO] 初始化: 个体=40, 路标点=213, 走廊=30.0km, 直线=53.3km
[DBO] 行为分配: 滚球=8, 育雏=8, 觅食=12, 偷窃=12
[Phase4] A*路径搜索: (3140, 1308) -> (2478, 1566)
  A*搜索完成 (0.0s), 路径长度: 663 像元
[Phase4] 路径平滑...
  RDP简化: 663 -> 57 点 (epsilon=90m)
  线性插值: 2391 点 (间距30m)
  滑动平均平滑: 窗口5点 (150m)
[IPSO-SA] 初始化: 个体=30, 路标点=260, 走廊=30.0km, 直线=65.1km
[DBO] 初始化: 个体=40, 路标点=260, 走廊=30.0km, 直线=65.1km
[DBO] 行为分配: 滚球=8, 育雏=8, 觅食=12, 偷窃=12
[Phase4] A*路径搜索: (1811, 924) -> (2218, 707)
  A*搜索完成 (0.1s), 路径长度: 544 像元
[Phase4] 路径平滑...
  RDP简化: 544 -> 49 点 (epsilon=90m)
  线性插值: 1981 点 (间距30m)
  滑动平均平滑: 窗口5点 (150m)
[IPSO-SA] 初始化: 个体=30, 路标点=167, 走廊=30.0km, 直线=41.9km
[DBO] 初始化: 个体=40, 路标点=167, 走廊=30.0km, 直线=41.9km
[DBO] 行为分配: 滚球=8, 育雏=8, 觅食=12, 偷窃=12
[Phase4] A*路径搜索: (1363, 885) -> (831, 1124)
  A*搜索完成 (0.1s), 路径长度: 694 像元
[Phase4] 路径平滑...
  RDP简化: 694 -> 61 点 (epsilon=90m)
  线性插值: 2556 点 (间距30m)
  滑动平均平滑: 窗口5点 (150m)
[IPSO-SA] 初始化: 个体=30, 路标点=213, 走廊=30.0km, 直线=53.3km
[DBO] 初始化: 个体=40, 路标点=213, 走廊=30.0km, 直线=53.3km
[DBO] 行为分配: 滚球=8, 育雏=8, 觅食=12, 偷窃=12
[Phase4] A*路径搜索: (3576, 732) -> (3396, 492)
  A*搜索完成 (0.1s), 路径长度: 309 像元
[Phase4] 路径平滑...
  RDP简化: 309 -> 23 点 (epsilon=90m)
  线性插值: 1114 点 (间距30m)
  滑动平均平滑: 窗口5点 (150m)
[IPSO-SA] 初始化: 个体=30, 路标点=105, 走廊=30.0km, 直线=26.4km
[DBO] 初始化: 个体=40, 路标点=105, 走廊=30.0km, 直线=26.4km
[DBO] 行为分配: 滚球=8, 育雏=8, 觅食=12, 偷窃=12
[Phase4] A*路径搜索: (1810, 922) -> (1488, 617)
  A*搜索完成 (0.0s), 路径长度: 405 像元
[Phase4] 路径平滑...
  RDP简化: 405 -> 27 点 (epsilon=90m)
  线性插值: 1532 点 (间距30m)
  滑动平均平滑: 窗口5点 (150m)
[IPSO-SA] 初始化: 个体=30, 路标点=157, 走廊=30.0km, 直线=39.4km
[DBO] 初始化: 个体=40, 路标点=157, 走廊=30.0km, 直线=39.4km
[DBO] 行为分配: 滚球=8, 育雏=8, 觅食=12, 偷窃=12
[Phase4] A*路径搜索: (695, 1434) -> (439, 1635)
  A*搜索完成 (0.0s), 路径长度: 305 像元
[Phase4] 路径平滑...
  RDP简化: 305 -> 18 点 (epsilon=90m)
  线性插值: 1175 点 (间距30m)
  滑动平均平滑: 窗口5点 (150m)
[IPSO-SA] 初始化: 个体=30, 路标点=116, 走廊=30.0km, 直线=29.2km
[DBO] 初始化: 个体=40, 路标点=116, 走廊=30.0km, 直线=29.2km
[DBO] 行为分配: 滚球=8, 育雏=8, 觅食=12, 偷窃=12
[Phase4] A*路径搜索: (2014, 1716) -> (2478, 1566)
  A*搜索完成 (0.0s), 路径长度: 466 像元
[Phase4] 路径平滑...
  RDP简化: 466 -> 47 点 (epsilon=90m)
  线性插值: 1635 点 (间距30m)
  滑动平均平滑: 窗口5点 (150m)
[IPSO-SA] 初始化: 个体=30, 路标点=179, 走廊=30.0km, 直线=44.8km
[DBO] 初始化: 个体=40, 路标点=179, 走廊=30.0km, 直线=44.8km
[DBO] 行为分配: 滚球=8, 育雏=8, 觅食=12, 偷窃=12

--- Run 14/30 (seed=55) ---
[Phase4] A*路径搜索: (3578, 732) -> (4128, 898)
  A*搜索完成 (0.0s), 路径长度: 575 像元
[Phase4] 路径平滑...
  RDP简化: 575 -> 37 点 (epsilon=90m)
  线性插值: 1962 点 (间距30m)
  滑动平均平滑: 窗口5点 (150m)
[IPSO-SA] 初始化: 个体=30, 路标点=211, 走廊=30.0km, 直线=53.0km
[DBO] 初始化: 个体=40, 路标点=211, 走廊=30.0km, 直线=53.0km
[DBO] 行为分配: 滚球=8, 育雏=8, 觅食=12, 偷窃=12
[Phase4] A*路径搜索: (2802, 512) -> (1811, 923)
  A*搜索完成 (0.3s), 路径长度: 1047 像元
[Phase4] 路径平滑...
  RDP简化: 1047 -> 96 点 (epsilon=90m)
  线性插值: 3922 点 (间距30m)
  滑动平均平滑: 窗口5点 (150m)
[IPSO-SA] 初始化: 个体=30, 路标点=392, 走廊=30.0km, 直线=98.2km
[DBO] 初始化: 个体=40, 路标点=392, 走廊=30.0km, 直线=98.2km
[DBO] 行为分配: 滚球=8, 育雏=8, 觅食=12, 偷窃=12
[Phase4] A*路径搜索: (850, 1183) -> (1423, 1239)
  A*搜索完成 (0.1s), 路径长度: 742 像元
[Phase4] 路径平滑...
  RDP简化: 742 -> 79 点 (epsilon=90m)
  线性插值: 2643 点 (间距30m)
  滑动平均平滑: 窗口5点 (150m)
[IPSO-SA] 初始化: 个体=30, 路标点=213, 走廊=30.0km, 直线=53.3km
[DBO] 初始化: 个体=40, 路标点=213, 走廊=30.0km, 直线=53.3km
[DBO] 行为分配: 滚球=8, 育雏=8, 觅食=12, 偷窃=12
[Phase4] A*路径搜索: (3140, 1308) -> (2478, 1566)
  A*搜索完成 (0.0s), 路径长度: 663 像元
[Phase4] 路径平滑...
  RDP简化: 663 -> 57 点 (epsilon=90m)
  线性插值: 2391 点 (间距30m)
  滑动平均平滑: 窗口5点 (150m)
[IPSO-SA] 初始化: 个体=30, 路标点=260, 走廊=30.0km, 直线=65.1km
[DBO] 初始化: 个体=40, 路标点=260, 走廊=30.0km, 直线=65.1km
[DBO] 行为分配: 滚球=8, 育雏=8, 觅食=12, 偷窃=12
[Phase4] A*路径搜索: (1811, 924) -> (2218, 707)
  A*搜索完成 (0.1s), 路径长度: 544 像元
[Phase4] 路径平滑...
  RDP简化: 544 -> 49 点 (epsilon=90m)
  线性插值: 1981 点 (间距30m)
  滑动平均平滑: 窗口5点 (150m)
[IPSO-SA] 初始化: 个体=30, 路标点=167, 走廊=30.0km, 直线=41.9km
[DBO] 初始化: 个体=40, 路标点=167, 走廊=30.0km, 直线=41.9km
[DBO] 行为分配: 滚球=8, 育雏=8, 觅食=12, 偷窃=12
[Phase4] A*路径搜索: (1363, 885) -> (831, 1124)
  A*搜索完成 (0.1s), 路径长度: 694 像元
[Phase4] 路径平滑...
  RDP简化: 694 -> 61 点 (epsilon=90m)
  线性插值: 2556 点 (间距30m)
  滑动平均平滑: 窗口5点 (150m)
[IPSO-SA] 初始化: 个体=30, 路标点=213, 走廊=30.0km, 直线=53.3km
[DBO] 初始化: 个体=40, 路标点=213, 走廊=30.0km, 直线=53.3km
[DBO] 行为分配: 滚球=8, 育雏=8, 觅食=12, 偷窃=12
[Phase4] A*路径搜索: (3576, 732) -> (3396, 492)
  A*搜索完成 (0.0s), 路径长度: 309 像元
[Phase4] 路径平滑...
  RDP简化: 309 -> 23 点 (epsilon=90m)
  线性插值: 1114 点 (间距30m)
  滑动平均平滑: 窗口5点 (150m)
[IPSO-SA] 初始化: 个体=30, 路标点=105, 走廊=30.0km, 直线=26.4km
[DBO] 初始化: 个体=40, 路标点=105, 走廊=30.0km, 直线=26.4km
[DBO] 行为分配: 滚球=8, 育雏=8, 觅食=12, 偷窃=12
[Phase4] A*路径搜索: (1810, 922) -> (1488, 617)
  A*搜索完成 (0.0s), 路径长度: 405 像元
[Phase4] 路径平滑...
  RDP简化: 405 -> 27 点 (epsilon=90m)
  线性插值: 1532 点 (间距30m)
  滑动平均平滑: 窗口5点 (150m)
[IPSO-SA] 初始化: 个体=30, 路标点=157, 走廊=30.0km, 直线=39.4km
[DBO] 初始化: 个体=40, 路标点=157, 走廊=30.0km, 直线=39.4km
[DBO] 行为分配: 滚球=8, 育雏=8, 觅食=12, 偷窃=12
[Phase4] A*路径搜索: (695, 1434) -> (439, 1635)
  A*搜索完成 (0.0s), 路径长度: 305 像元
[Phase4] 路径平滑...
  RDP简化: 305 -> 18 点 (epsilon=90m)
  线性插值: 1175 点 (间距30m)
  滑动平均平滑: 窗口5点 (150m)
[IPSO-SA] 初始化: 个体=30, 路标点=116, 走廊=30.0km, 直线=29.2km
[DBO] 初始化: 个体=40, 路标点=116, 走廊=30.0km, 直线=29.2km
[DBO] 行为分配: 滚球=8, 育雏=8, 觅食=12, 偷窃=12
[Phase4] A*路径搜索: (2014, 1716) -> (2478, 1566)
  A*搜索完成 (0.0s), 路径长度: 466 像元
[Phase4] 路径平滑...
  RDP简化: 466 -> 47 点 (epsilon=90m)
  线性插值: 1635 点 (间距30m)
  滑动平均平滑: 窗口5点 (150m)
[IPSO-SA] 初始化: 个体=30, 路标点=179, 走廊=30.0km, 直线=44.8km
[DBO] 初始化: 个体=40, 路标点=179, 走廊=30.0km, 直线=44.8km
[DBO] 行为分配: 滚球=8, 育雏=8, 觅食=12, 偷窃=12

--- Run 15/30 (seed=56) ---
[Phase4] A*路径搜索: (3578, 732) -> (4128, 898)
  A*搜索完成 (0.0s), 路径长度: 575 像元
[Phase4] 路径平滑...
  RDP简化: 575 -> 37 点 (epsilon=90m)
  线性插值: 1962 点 (间距30m)
  滑动平均平滑: 窗口5点 (150m)
[IPSO-SA] 初始化: 个体=30, 路标点=211, 走廊=30.0km, 直线=53.0km
[DBO] 初始化: 个体=40, 路标点=211, 走廊=30.0km, 直线=53.0km
[DBO] 行为分配: 滚球=8, 育雏=8, 觅食=12, 偷窃=12
[Phase4] A*路径搜索: (2802, 512) -> (1811, 923)
  A*搜索完成 (0.2s), 路径长度: 1047 像元
[Phase4] 路径平滑...
  RDP简化: 1047 -> 96 点 (epsilon=90m)
  线性插值: 3922 点 (间距30m)
  滑动平均平滑: 窗口5点 (150m)
[IPSO-SA] 初始化: 个体=30, 路标点=392, 走廊=30.0km, 直线=98.2km
[DBO] 初始化: 个体=40, 路标点=392, 走廊=30.0km, 直线=98.2km
[DBO] 行为分配: 滚球=8, 育雏=8, 觅食=12, 偷窃=12
[Phase4] A*路径搜索: (850, 1183) -> (1423, 1239)
  A*搜索完成 (0.1s), 路径长度: 742 像元
[Phase4] 路径平滑...
  RDP简化: 742 -> 79 点 (epsilon=90m)
  线性插值: 2643 点 (间距30m)
  滑动平均平滑: 窗口5点 (150m)
[IPSO-SA] 初始化: 个体=30, 路标点=213, 走廊=30.0km, 直线=53.3km
[DBO] 初始化: 个体=40, 路标点=213, 走廊=30.0km, 直线=53.3km
[DBO] 行为分配: 滚球=8, 育雏=8, 觅食=12, 偷窃=12
[Phase4] A*路径搜索: (3140, 1308) -> (2478, 1566)
  A*搜索完成 (0.0s), 路径长度: 663 像元
[Phase4] 路径平滑...
  RDP简化: 663 -> 57 点 (epsilon=90m)
  线性插值: 2391 点 (间距30m)
  滑动平均平滑: 窗口5点 (150m)
[IPSO-SA] 初始化: 个体=30, 路标点=260, 走廊=30.0km, 直线=65.1km
[DBO] 初始化: 个体=40, 路标点=260, 走廊=30.0km, 直线=65.1km
[DBO] 行为分配: 滚球=8, 育雏=8, 觅食=12, 偷窃=12
[Phase4] A*路径搜索: (1811, 924) -> (2218, 707)
  A*搜索完成 (0.1s), 路径长度: 544 像元
[Phase4] 路径平滑...
  RDP简化: 544 -> 49 点 (epsilon=90m)
  线性插值: 1981 点 (间距30m)
  滑动平均平滑: 窗口5点 (150m)
[IPSO-SA] 初始化: 个体=30, 路标点=167, 走廊=30.0km, 直线=41.9km
[DBO] 初始化: 个体=40, 路标点=167, 走廊=30.0km, 直线=41.9km
[DBO] 行为分配: 滚球=8, 育雏=8, 觅食=12, 偷窃=12
[Phase4] A*路径搜索: (1363, 885) -> (831, 1124)
  A*搜索完成 (0.1s), 路径长度: 694 像元
[Phase4] 路径平滑...
  RDP简化: 694 -> 61 点 (epsilon=90m)
  线性插值: 2556 点 (间距30m)
  滑动平均平滑: 窗口5点 (150m)
[IPSO-SA] 初始化: 个体=30, 路标点=213, 走廊=30.0km, 直线=53.3km
[DBO] 初始化: 个体=40, 路标点=213, 走廊=30.0km, 直线=53.3km
[DBO] 行为分配: 滚球=8, 育雏=8, 觅食=12, 偷窃=12
[Phase4] A*路径搜索: (3576, 732) -> (3396, 492)
  A*搜索完成 (0.0s), 路径长度: 309 像元
[Phase4] 路径平滑...
  RDP简化: 309 -> 23 点 (epsilon=90m)
  线性插值: 1114 点 (间距30m)
  滑动平均平滑: 窗口5点 (150m)
[IPSO-SA] 初始化: 个体=30, 路标点=105, 走廊=30.0km, 直线=26.4km
[DBO] 初始化: 个体=40, 路标点=105, 走廊=30.0km, 直线=26.4km
[DBO] 行为分配: 滚球=8, 育雏=8, 觅食=12, 偷窃=12
[Phase4] A*路径搜索: (1810, 922) -> (1488, 617)
  A*搜索完成 (0.0s), 路径长度: 405 像元
[Phase4] 路径平滑...
  RDP简化: 405 -> 27 点 (epsilon=90m)
  线性插值: 1532 点 (间距30m)
  滑动平均平滑: 窗口5点 (150m)
[IPSO-SA] 初始化: 个体=30, 路标点=157, 走廊=30.0km, 直线=39.4km
[DBO] 初始化: 个体=40, 路标点=157, 走廊=30.0km, 直线=39.4km
[DBO] 行为分配: 滚球=8, 育雏=8, 觅食=12, 偷窃=12
[Phase4] A*路径搜索: (695, 1434) -> (439, 1635)
  A*搜索完成 (0.0s), 路径长度: 305 像元
[Phase4] 路径平滑...
  RDP简化: 305 -> 18 点 (epsilon=90m)
  线性插值: 1175 点 (间距30m)
  滑动平均平滑: 窗口5点 (150m)
[IPSO-SA] 初始化: 个体=30, 路标点=116, 走廊=30.0km, 直线=29.2km
[DBO] 初始化: 个体=40, 路标点=116, 走廊=30.0km, 直线=29.2km
[DBO] 行为分配: 滚球=8, 育雏=8, 觅食=12, 偷窃=12
[Phase4] A*路径搜索: (2014, 1716) -> (2478, 1566)
  A*搜索完成 (0.0s), 路径长度: 466 像元
[Phase4] 路径平滑...
  RDP简化: 466 -> 47 点 (epsilon=90m)
  线性插值: 1635 点 (间距30m)
  滑动平均平滑: 窗口5点 (150m)
[IPSO-SA] 初始化: 个体=30, 路标点=179, 走廊=30.0km, 直线=44.8km
[DBO] 初始化: 个体=40, 路标点=179, 走廊=30.0km, 直线=44.8km
[DBO] 行为分配: 滚球=8, 育雏=8, 觅食=12, 偷窃=12
  A*: runs=15, Hausdorff μ=5740m
  IPSO-SA: runs=15, Hausdorff μ=4250m
  DBO: runs=15, Hausdorff μ=9121m

--- Run 16/30 (seed=57) ---
[Phase4] A*路径搜索: (3578, 732) -> (4128, 898)
  A*搜索完成 (0.0s), 路径长度: 575 像元
[Phase4] 路径平滑...
  RDP简化: 575 -> 37 点 (epsilon=90m)
  线性插值: 1962 点 (间距30m)
  滑动平均平滑: 窗口5点 (150m)
[IPSO-SA] 初始化: 个体=30, 路标点=211, 走廊=30.0km, 直线=53.0km
[DBO] 初始化: 个体=40, 路标点=211, 走廊=30.0km, 直线=53.0km
[DBO] 行为分配: 滚球=8, 育雏=8, 觅食=12, 偷窃=12
[Phase4] A*路径搜索: (2802, 512) -> (1811, 923)
  A*搜索完成 (0.2s), 路径长度: 1047 像元
[Phase4] 路径平滑...
  RDP简化: 1047 -> 96 点 (epsilon=90m)
  线性插值: 3922 点 (间距30m)
  滑动平均平滑: 窗口5点 (150m)
[IPSO-SA] 初始化: 个体=30, 路标点=392, 走廊=30.0km, 直线=98.2km
[DBO] 初始化: 个体=40, 路标点=392, 走廊=30.0km, 直线=98.2km
[DBO] 行为分配: 滚球=8, 育雏=8, 觅食=12, 偷窃=12
[Phase4] A*路径搜索: (850, 1183) -> (1423, 1239)
  A*搜索完成 (0.1s), 路径长度: 742 像元
[Phase4] 路径平滑...
  RDP简化: 742 -> 79 点 (epsilon=90m)
  线性插值: 2643 点 (间距30m)
  滑动平均平滑: 窗口5点 (150m)
[IPSO-SA] 初始化: 个体=30, 路标点=213, 走廊=30.0km, 直线=53.3km
[DBO] 初始化: 个体=40, 路标点=213, 走廊=30.0km, 直线=53.3km
[DBO] 行为分配: 滚球=8, 育雏=8, 觅食=12, 偷窃=12
[Phase4] A*路径搜索: (3140, 1308) -> (2478, 1566)
  A*搜索完成 (0.0s), 路径长度: 663 像元
[Phase4] 路径平滑...
  RDP简化: 663 -> 57 点 (epsilon=90m)
  线性插值: 2391 点 (间距30m)
  滑动平均平滑: 窗口5点 (150m)
[IPSO-SA] 初始化: 个体=30, 路标点=260, 走廊=30.0km, 直线=65.1km
[DBO] 初始化: 个体=40, 路标点=260, 走廊=30.0km, 直线=65.1km
[DBO] 行为分配: 滚球=8, 育雏=8, 觅食=12, 偷窃=12
[Phase4] A*路径搜索: (1811, 924) -> (2218, 707)
  A*搜索完成 (0.1s), 路径长度: 544 像元
[Phase4] 路径平滑...
  RDP简化: 544 -> 49 点 (epsilon=90m)
  线性插值: 1981 点 (间距30m)
  滑动平均平滑: 窗口5点 (150m)
[IPSO-SA] 初始化: 个体=30, 路标点=167, 走廊=30.0km, 直线=41.9km
[DBO] 初始化: 个体=40, 路标点=167, 走廊=30.0km, 直线=41.9km
[DBO] 行为分配: 滚球=8, 育雏=8, 觅食=12, 偷窃=12
[Phase4] A*路径搜索: (1363, 885) -> (831, 1124)
  A*搜索完成 (0.1s), 路径长度: 694 像元
[Phase4] 路径平滑...
  RDP简化: 694 -> 61 点 (epsilon=90m)
  线性插值: 2556 点 (间距30m)
  滑动平均平滑: 窗口5点 (150m)
[IPSO-SA] 初始化: 个体=30, 路标点=213, 走廊=30.0km, 直线=53.3km
[DBO] 初始化: 个体=40, 路标点=213, 走廊=30.0km, 直线=53.3km
[DBO] 行为分配: 滚球=8, 育雏=8, 觅食=12, 偷窃=12
[Phase4] A*路径搜索: (3576, 732) -> (3396, 492)
  A*搜索完成 (0.0s), 路径长度: 309 像元
[Phase4] 路径平滑...
  RDP简化: 309 -> 23 点 (epsilon=90m)
  线性插值: 1114 点 (间距30m)
  滑动平均平滑: 窗口5点 (150m)
[IPSO-SA] 初始化: 个体=30, 路标点=105, 走廊=30.0km, 直线=26.4km
[DBO] 初始化: 个体=40, 路标点=105, 走廊=30.0km, 直线=26.4km
[DBO] 行为分配: 滚球=8, 育雏=8, 觅食=12, 偷窃=12
[Phase4] A*路径搜索: (1810, 922) -> (1488, 617)
  A*搜索完成 (0.0s), 路径长度: 405 像元
[Phase4] 路径平滑...
  RDP简化: 405 -> 27 点 (epsilon=90m)
  线性插值: 1532 点 (间距30m)
  滑动平均平滑: 窗口5点 (150m)
[IPSO-SA] 初始化: 个体=30, 路标点=157, 走廊=30.0km, 直线=39.4km
[DBO] 初始化: 个体=40, 路标点=157, 走廊=30.0km, 直线=39.4km
[DBO] 行为分配: 滚球=8, 育雏=8, 觅食=12, 偷窃=12
[Phase4] A*路径搜索: (695, 1434) -> (439, 1635)
  A*搜索完成 (0.0s), 路径长度: 305 像元
[Phase4] 路径平滑...
  RDP简化: 305 -> 18 点 (epsilon=90m)
  线性插值: 1175 点 (间距30m)
  滑动平均平滑: 窗口5点 (150m)
[IPSO-SA] 初始化: 个体=30, 路标点=116, 走廊=30.0km, 直线=29.2km
[DBO] 初始化: 个体=40, 路标点=116, 走廊=30.0km, 直线=29.2km
[DBO] 行为分配: 滚球=8, 育雏=8, 觅食=12, 偷窃=12
[Phase4] A*路径搜索: (2014, 1716) -> (2478, 1566)
  A*搜索完成 (0.0s), 路径长度: 466 像元
[Phase4] 路径平滑...
  RDP简化: 466 -> 47 点 (epsilon=90m)
  线性插值: 1635 点 (间距30m)
  滑动平均平滑: 窗口5点 (150m)
[IPSO-SA] 初始化: 个体=30, 路标点=179, 走廊=30.0km, 直线=44.8km
[DBO] 初始化: 个体=40, 路标点=179, 走廊=30.0km, 直线=44.8km
[DBO] 行为分配: 滚球=8, 育雏=8, 觅食=12, 偷窃=12

--- Run 17/30 (seed=58) ---
[Phase4] A*路径搜索: (3578, 732) -> (4128, 898)
  A*搜索完成 (0.0s), 路径长度: 575 像元
[Phase4] 路径平滑...
  RDP简化: 575 -> 37 点 (epsilon=90m)
  线性插值: 1962 点 (间距30m)
  滑动平均平滑: 窗口5点 (150m)
[IPSO-SA] 初始化: 个体=30, 路标点=211, 走廊=30.0km, 直线=53.0km
[DBO] 初始化: 个体=40, 路标点=211, 走廊=30.0km, 直线=53.0km
[DBO] 行为分配: 滚球=8, 育雏=8, 觅食=12, 偷窃=12
[Phase4] A*路径搜索: (2802, 512) -> (1811, 923)
  A*搜索完成 (0.2s), 路径长度: 1047 像元
[Phase4] 路径平滑...
  RDP简化: 1047 -> 96 点 (epsilon=90m)
  线性插值: 3922 点 (间距30m)
  滑动平均平滑: 窗口5点 (150m)
[IPSO-SA] 初始化: 个体=30, 路标点=392, 走廊=30.0km, 直线=98.2km
[DBO] 初始化: 个体=40, 路标点=392, 走廊=30.0km, 直线=98.2km
[DBO] 行为分配: 滚球=8, 育雏=8, 觅食=12, 偷窃=12
[Phase4] A*路径搜索: (850, 1183) -> (1423, 1239)
  A*搜索完成 (0.1s), 路径长度: 742 像元
[Phase4] 路径平滑...
  RDP简化: 742 -> 79 点 (epsilon=90m)
  线性插值: 2643 点 (间距30m)
  滑动平均平滑: 窗口5点 (150m)
[IPSO-SA] 初始化: 个体=30, 路标点=213, 走廊=30.0km, 直线=53.3km
[DBO] 初始化: 个体=40, 路标点=213, 走廊=30.0km, 直线=53.3km
[DBO] 行为分配: 滚球=8, 育雏=8, 觅食=12, 偷窃=12
[Phase4] A*路径搜索: (3140, 1308) -> (2478, 1566)
  A*搜索完成 (0.0s), 路径长度: 663 像元
[Phase4] 路径平滑...
  RDP简化: 663 -> 57 点 (epsilon=90m)
  线性插值: 2391 点 (间距30m)
  滑动平均平滑: 窗口5点 (150m)
[IPSO-SA] 初始化: 个体=30, 路标点=260, 走廊=30.0km, 直线=65.1km
[DBO] 初始化: 个体=40, 路标点=260, 走廊=30.0km, 直线=65.1km
[DBO] 行为分配: 滚球=8, 育雏=8, 觅食=12, 偷窃=12
[Phase4] A*路径搜索: (1811, 924) -> (2218, 707)
  A*搜索完成 (0.1s), 路径长度: 544 像元
[Phase4] 路径平滑...
  RDP简化: 544 -> 49 点 (epsilon=90m)
  线性插值: 1981 点 (间距30m)
  滑动平均平滑: 窗口5点 (150m)
[IPSO-SA] 初始化: 个体=30, 路标点=167, 走廊=30.0km, 直线=41.9km
[DBO] 初始化: 个体=40, 路标点=167, 走廊=30.0km, 直线=41.9km
[DBO] 行为分配: 滚球=8, 育雏=8, 觅食=12, 偷窃=12
[Phase4] A*路径搜索: (1363, 885) -> (831, 1124)
  A*搜索完成 (0.1s), 路径长度: 694 像元
[Phase4] 路径平滑...
  RDP简化: 694 -> 61 点 (epsilon=90m)
  线性插值: 2556 点 (间距30m)
  滑动平均平滑: 窗口5点 (150m)
[IPSO-SA] 初始化: 个体=30, 路标点=213, 走廊=30.0km, 直线=53.3km
[DBO] 初始化: 个体=40, 路标点=213, 走廊=30.0km, 直线=53.3km
[DBO] 行为分配: 滚球=8, 育雏=8, 觅食=12, 偷窃=12
[Phase4] A*路径搜索: (3576, 732) -> (3396, 492)
  A*搜索完成 (0.0s), 路径长度: 309 像元
[Phase4] 路径平滑...
  RDP简化: 309 -> 23 点 (epsilon=90m)
  线性插值: 1114 点 (间距30m)
  滑动平均平滑: 窗口5点 (150m)
[IPSO-SA] 初始化: 个体=30, 路标点=105, 走廊=30.0km, 直线=26.4km
[DBO] 初始化: 个体=40, 路标点=105, 走廊=30.0km, 直线=26.4km
[DBO] 行为分配: 滚球=8, 育雏=8, 觅食=12, 偷窃=12
[Phase4] A*路径搜索: (1810, 922) -> (1488, 617)
  A*搜索完成 (0.0s), 路径长度: 405 像元
[Phase4] 路径平滑...
  RDP简化: 405 -> 27 点 (epsilon=90m)
  线性插值: 1532 点 (间距30m)
  滑动平均平滑: 窗口5点 (150m)
[IPSO-SA] 初始化: 个体=30, 路标点=157, 走廊=30.0km, 直线=39.4km
[DBO] 初始化: 个体=40, 路标点=157, 走廊=30.0km, 直线=39.4km
[DBO] 行为分配: 滚球=8, 育雏=8, 觅食=12, 偷窃=12
[Phase4] A*路径搜索: (695, 1434) -> (439, 1635)
  A*搜索完成 (0.0s), 路径长度: 305 像元
[Phase4] 路径平滑...
  RDP简化: 305 -> 18 点 (epsilon=90m)
  线性插值: 1175 点 (间距30m)
  滑动平均平滑: 窗口5点 (150m)
[IPSO-SA] 初始化: 个体=30, 路标点=116, 走廊=30.0km, 直线=29.2km
[DBO] 初始化: 个体=40, 路标点=116, 走廊=30.0km, 直线=29.2km
[DBO] 行为分配: 滚球=8, 育雏=8, 觅食=12, 偷窃=12
[Phase4] A*路径搜索: (2014, 1716) -> (2478, 1566)
  A*搜索完成 (0.0s), 路径长度: 466 像元
[Phase4] 路径平滑...
  RDP简化: 466 -> 47 点 (epsilon=90m)
  线性插值: 1635 点 (间距30m)
  滑动平均平滑: 窗口5点 (150m)
[IPSO-SA] 初始化: 个体=30, 路标点=179, 走廊=30.0km, 直线=44.8km
[DBO] 初始化: 个体=40, 路标点=179, 走廊=30.0km, 直线=44.8km
[DBO] 行为分配: 滚球=8, 育雏=8, 觅食=12, 偷窃=12

--- Run 18/30 (seed=59) ---
[Phase4] A*路径搜索: (3578, 732) -> (4128, 898)
  A*搜索完成 (0.0s), 路径长度: 575 像元
[Phase4] 路径平滑...
  RDP简化: 575 -> 37 点 (epsilon=90m)
  线性插值: 1962 点 (间距30m)
  滑动平均平滑: 窗口5点 (150m)
[IPSO-SA] 初始化: 个体=30, 路标点=211, 走廊=30.0km, 直线=53.0km
[DBO] 初始化: 个体=40, 路标点=211, 走廊=30.0km, 直线=53.0km
[DBO] 行为分配: 滚球=8, 育雏=8, 觅食=12, 偷窃=12
[Phase4] A*路径搜索: (2802, 512) -> (1811, 923)
  A*搜索完成 (0.2s), 路径长度: 1047 像元
[Phase4] 路径平滑...
  RDP简化: 1047 -> 96 点 (epsilon=90m)
  线性插值: 3922 点 (间距30m)
  滑动平均平滑: 窗口5点 (150m)
[IPSO-SA] 初始化: 个体=30, 路标点=392, 走廊=30.0km, 直线=98.2km
[DBO] 初始化: 个体=40, 路标点=392, 走廊=30.0km, 直线=98.2km
[DBO] 行为分配: 滚球=8, 育雏=8, 觅食=12, 偷窃=12
[Phase4] A*路径搜索: (850, 1183) -> (1423, 1239)
  A*搜索完成 (0.1s), 路径长度: 742 像元
[Phase4] 路径平滑...
  RDP简化: 742 -> 79 点 (epsilon=90m)
  线性插值: 2643 点 (间距30m)
  滑动平均平滑: 窗口5点 (150m)
[IPSO-SA] 初始化: 个体=30, 路标点=213, 走廊=30.0km, 直线=53.3km
[DBO] 初始化: 个体=40, 路标点=213, 走廊=30.0km, 直线=53.3km
[DBO] 行为分配: 滚球=8, 育雏=8, 觅食=12, 偷窃=12
[Phase4] A*路径搜索: (3140, 1308) -> (2478, 1566)
  A*搜索完成 (0.0s), 路径长度: 663 像元
[Phase4] 路径平滑...
  RDP简化: 663 -> 57 点 (epsilon=90m)
  线性插值: 2391 点 (间距30m)
  滑动平均平滑: 窗口5点 (150m)
[IPSO-SA] 初始化: 个体=30, 路标点=260, 走廊=30.0km, 直线=65.1km
[DBO] 初始化: 个体=40, 路标点=260, 走廊=30.0km, 直线=65.1km
[DBO] 行为分配: 滚球=8, 育雏=8, 觅食=12, 偷窃=12
[Phase4] A*路径搜索: (1811, 924) -> (2218, 707)
  A*搜索完成 (0.1s), 路径长度: 544 像元
[Phase4] 路径平滑...
  RDP简化: 544 -> 49 点 (epsilon=90m)
  线性插值: 1981 点 (间距30m)
  滑动平均平滑: 窗口5点 (150m)
[IPSO-SA] 初始化: 个体=30, 路标点=167, 走廊=30.0km, 直线=41.9km
[DBO] 初始化: 个体=40, 路标点=167, 走廊=30.0km, 直线=41.9km
[DBO] 行为分配: 滚球=8, 育雏=8, 觅食=12, 偷窃=12
[Phase4] A*路径搜索: (1363, 885) -> (831, 1124)
  A*搜索完成 (0.1s), 路径长度: 694 像元
[Phase4] 路径平滑...
  RDP简化: 694 -> 61 点 (epsilon=90m)
  线性插值: 2556 点 (间距30m)
  滑动平均平滑: 窗口5点 (150m)
[IPSO-SA] 初始化: 个体=30, 路标点=213, 走廊=30.0km, 直线=53.3km
[DBO] 初始化: 个体=40, 路标点=213, 走廊=30.0km, 直线=53.3km
[DBO] 行为分配: 滚球=8, 育雏=8, 觅食=12, 偷窃=12
[Phase4] A*路径搜索: (3576, 732) -> (3396, 492)
  A*搜索完成 (0.0s), 路径长度: 309 像元
[Phase4] 路径平滑...
  RDP简化: 309 -> 23 点 (epsilon=90m)
  线性插值: 1114 点 (间距30m)
  滑动平均平滑: 窗口5点 (150m)
[IPSO-SA] 初始化: 个体=30, 路标点=105, 走廊=30.0km, 直线=26.4km
[DBO] 初始化: 个体=40, 路标点=105, 走廊=30.0km, 直线=26.4km
[DBO] 行为分配: 滚球=8, 育雏=8, 觅食=12, 偷窃=12
[Phase4] A*路径搜索: (1810, 922) -> (1488, 617)
  A*搜索完成 (0.0s), 路径长度: 405 像元
[Phase4] 路径平滑...
  RDP简化: 405 -> 27 点 (epsilon=90m)
  线性插值: 1532 点 (间距30m)
  滑动平均平滑: 窗口5点 (150m)
[IPSO-SA] 初始化: 个体=30, 路标点=157, 走廊=30.0km, 直线=39.4km
[DBO] 初始化: 个体=40, 路标点=157, 走廊=30.0km, 直线=39.4km
[DBO] 行为分配: 滚球=8, 育雏=8, 觅食=12, 偷窃=12
[Phase4] A*路径搜索: (695, 1434) -> (439, 1635)
  A*搜索完成 (0.0s), 路径长度: 305 像元
[Phase4] 路径平滑...
  RDP简化: 305 -> 18 点 (epsilon=90m)
  线性插值: 1175 点 (间距30m)
  滑动平均平滑: 窗口5点 (150m)
[IPSO-SA] 初始化: 个体=30, 路标点=116, 走廊=30.0km, 直线=29.2km
[DBO] 初始化: 个体=40, 路标点=116, 走廊=30.0km, 直线=29.2km
[DBO] 行为分配: 滚球=8, 育雏=8, 觅食=12, 偷窃=12
[Phase4] A*路径搜索: (2014, 1716) -> (2478, 1566)
  A*搜索完成 (0.0s), 路径长度: 466 像元
[Phase4] 路径平滑...
  RDP简化: 466 -> 47 点 (epsilon=90m)
  线性插值: 1635 点 (间距30m)
  滑动平均平滑: 窗口5点 (150m)
[IPSO-SA] 初始化: 个体=30, 路标点=179, 走廊=30.0km, 直线=44.8km
[DBO] 初始化: 个体=40, 路标点=179, 走廊=30.0km, 直线=44.8km
[DBO] 行为分配: 滚球=8, 育雏=8, 觅食=12, 偷窃=12

--- Run 19/30 (seed=60) ---
[Phase4] A*路径搜索: (3578, 732) -> (4128, 898)
  A*搜索完成 (0.0s), 路径长度: 575 像元
[Phase4] 路径平滑...
  RDP简化: 575 -> 37 点 (epsilon=90m)
  线性插值: 1962 点 (间距30m)
  滑动平均平滑: 窗口5点 (150m)
[IPSO-SA] 初始化: 个体=30, 路标点=211, 走廊=30.0km, 直线=53.0km
[DBO] 初始化: 个体=40, 路标点=211, 走廊=30.0km, 直线=53.0km
[DBO] 行为分配: 滚球=8, 育雏=8, 觅食=12, 偷窃=12
[Phase4] A*路径搜索: (2802, 512) -> (1811, 923)
  A*搜索完成 (0.2s), 路径长度: 1047 像元
[Phase4] 路径平滑...
  RDP简化: 1047 -> 96 点 (epsilon=90m)
  线性插值: 3922 点 (间距30m)
  滑动平均平滑: 窗口5点 (150m)
[IPSO-SA] 初始化: 个体=30, 路标点=392, 走廊=30.0km, 直线=98.2km
[DBO] 初始化: 个体=40, 路标点=392, 走廊=30.0km, 直线=98.2km
[DBO] 行为分配: 滚球=8, 育雏=8, 觅食=12, 偷窃=12
[Phase4] A*路径搜索: (850, 1183) -> (1423, 1239)
  A*搜索完成 (0.1s), 路径长度: 742 像元
[Phase4] 路径平滑...
  RDP简化: 742 -> 79 点 (epsilon=90m)
  线性插值: 2643 点 (间距30m)
  滑动平均平滑: 窗口5点 (150m)
[IPSO-SA] 初始化: 个体=30, 路标点=213, 走廊=30.0km, 直线=53.3km
[DBO] 初始化: 个体=40, 路标点=213, 走廊=30.0km, 直线=53.3km
[DBO] 行为分配: 滚球=8, 育雏=8, 觅食=12, 偷窃=12
[Phase4] A*路径搜索: (3140, 1308) -> (2478, 1566)
  A*搜索完成 (0.0s), 路径长度: 663 像元
[Phase4] 路径平滑...
  RDP简化: 663 -> 57 点 (epsilon=90m)
  线性插值: 2391 点 (间距30m)
  滑动平均平滑: 窗口5点 (150m)
[IPSO-SA] 初始化: 个体=30, 路标点=260, 走廊=30.0km, 直线=65.1km
[DBO] 初始化: 个体=40, 路标点=260, 走廊=30.0km, 直线=65.1km
[DBO] 行为分配: 滚球=8, 育雏=8, 觅食=12, 偷窃=12
[Phase4] A*路径搜索: (1811, 924) -> (2218, 707)
  A*搜索完成 (0.1s), 路径长度: 544 像元
[Phase4] 路径平滑...
  RDP简化: 544 -> 49 点 (epsilon=90m)
  线性插值: 1981 点 (间距30m)
  滑动平均平滑: 窗口5点 (150m)
[IPSO-SA] 初始化: 个体=30, 路标点=167, 走廊=30.0km, 直线=41.9km
[DBO] 初始化: 个体=40, 路标点=167, 走廊=30.0km, 直线=41.9km
[DBO] 行为分配: 滚球=8, 育雏=8, 觅食=12, 偷窃=12
[Phase4] A*路径搜索: (1363, 885) -> (831, 1124)
  A*搜索完成 (0.1s), 路径长度: 694 像元
[Phase4] 路径平滑...
  RDP简化: 694 -> 61 点 (epsilon=90m)
  线性插值: 2556 点 (间距30m)
  滑动平均平滑: 窗口5点 (150m)
[IPSO-SA] 初始化: 个体=30, 路标点=213, 走廊=30.0km, 直线=53.3km
[DBO] 初始化: 个体=40, 路标点=213, 走廊=30.0km, 直线=53.3km
[DBO] 行为分配: 滚球=8, 育雏=8, 觅食=12, 偷窃=12
[Phase4] A*路径搜索: (3576, 732) -> (3396, 492)
  A*搜索完成 (0.0s), 路径长度: 309 像元
[Phase4] 路径平滑...
  RDP简化: 309 -> 23 点 (epsilon=90m)
  线性插值: 1114 点 (间距30m)
  滑动平均平滑: 窗口5点 (150m)
[IPSO-SA] 初始化: 个体=30, 路标点=105, 走廊=30.0km, 直线=26.4km
[DBO] 初始化: 个体=40, 路标点=105, 走廊=30.0km, 直线=26.4km
[DBO] 行为分配: 滚球=8, 育雏=8, 觅食=12, 偷窃=12
[Phase4] A*路径搜索: (1810, 922) -> (1488, 617)
  A*搜索完成 (0.0s), 路径长度: 405 像元
[Phase4] 路径平滑...
  RDP简化: 405 -> 27 点 (epsilon=90m)
  线性插值: 1532 点 (间距30m)
  滑动平均平滑: 窗口5点 (150m)
[IPSO-SA] 初始化: 个体=30, 路标点=157, 走廊=30.0km, 直线=39.4km
[DBO] 初始化: 个体=40, 路标点=157, 走廊=30.0km, 直线=39.4km
[DBO] 行为分配: 滚球=8, 育雏=8, 觅食=12, 偷窃=12
[Phase4] A*路径搜索: (695, 1434) -> (439, 1635)
  A*搜索完成 (0.0s), 路径长度: 305 像元
[Phase4] 路径平滑...
  RDP简化: 305 -> 18 点 (epsilon=90m)
  线性插值: 1175 点 (间距30m)
  滑动平均平滑: 窗口5点 (150m)
[IPSO-SA] 初始化: 个体=30, 路标点=116, 走廊=30.0km, 直线=29.2km
[DBO] 初始化: 个体=40, 路标点=116, 走廊=30.0km, 直线=29.2km
[DBO] 行为分配: 滚球=8, 育雏=8, 觅食=12, 偷窃=12
[Phase4] A*路径搜索: (2014, 1716) -> (2478, 1566)
  A*搜索完成 (0.0s), 路径长度: 466 像元
[Phase4] 路径平滑...
  RDP简化: 466 -> 47 点 (epsilon=90m)
  线性插值: 1635 点 (间距30m)
  滑动平均平滑: 窗口5点 (150m)
[IPSO-SA] 初始化: 个体=30, 路标点=179, 走廊=30.0km, 直线=44.8km
[DBO] 初始化: 个体=40, 路标点=179, 走廊=30.0km, 直线=44.8km
[DBO] 行为分配: 滚球=8, 育雏=8, 觅食=12, 偷窃=12

--- Run 20/30 (seed=61) ---
[Phase4] A*路径搜索: (3578, 732) -> (4128, 898)
  A*搜索完成 (0.0s), 路径长度: 575 像元
[Phase4] 路径平滑...
  RDP简化: 575 -> 37 点 (epsilon=90m)
  线性插值: 1962 点 (间距30m)
  滑动平均平滑: 窗口5点 (150m)
[IPSO-SA] 初始化: 个体=30, 路标点=211, 走廊=30.0km, 直线=53.0km
[DBO] 初始化: 个体=40, 路标点=211, 走廊=30.0km, 直线=53.0km
[DBO] 行为分配: 滚球=8, 育雏=8, 觅食=12, 偷窃=12
[Phase4] A*路径搜索: (2802, 512) -> (1811, 923)
  A*搜索完成 (0.2s), 路径长度: 1047 像元
[Phase4] 路径平滑...
  RDP简化: 1047 -> 96 点 (epsilon=90m)
  线性插值: 3922 点 (间距30m)
  滑动平均平滑: 窗口5点 (150m)
[IPSO-SA] 初始化: 个体=30, 路标点=392, 走廊=30.0km, 直线=98.2km
[DBO] 初始化: 个体=40, 路标点=392, 走廊=30.0km, 直线=98.2km
[DBO] 行为分配: 滚球=8, 育雏=8, 觅食=12, 偷窃=12
[Phase4] A*路径搜索: (850, 1183) -> (1423, 1239)
  A*搜索完成 (0.1s), 路径长度: 742 像元
[Phase4] 路径平滑...
  RDP简化: 742 -> 79 点 (epsilon=90m)
  线性插值: 2643 点 (间距30m)
  滑动平均平滑: 窗口5点 (150m)
[IPSO-SA] 初始化: 个体=30, 路标点=213, 走廊=30.0km, 直线=53.3km
[DBO] 初始化: 个体=40, 路标点=213, 走廊=30.0km, 直线=53.3km
[DBO] 行为分配: 滚球=8, 育雏=8, 觅食=12, 偷窃=12
[Phase4] A*路径搜索: (3140, 1308) -> (2478, 1566)
  A*搜索完成 (0.0s), 路径长度: 663 像元
[Phase4] 路径平滑...
  RDP简化: 663 -> 57 点 (epsilon=90m)
  线性插值: 2391 点 (间距30m)
  滑动平均平滑: 窗口5点 (150m)
[IPSO-SA] 初始化: 个体=30, 路标点=260, 走廊=30.0km, 直线=65.1km
[DBO] 初始化: 个体=40, 路标点=260, 走廊=30.0km, 直线=65.1km
[DBO] 行为分配: 滚球=8, 育雏=8, 觅食=12, 偷窃=12
[Phase4] A*路径搜索: (1811, 924) -> (2218, 707)
  A*搜索完成 (0.1s), 路径长度: 544 像元
[Phase4] 路径平滑...
  RDP简化: 544 -> 49 点 (epsilon=90m)
  线性插值: 1981 点 (间距30m)
  滑动平均平滑: 窗口5点 (150m)
[IPSO-SA] 初始化: 个体=30, 路标点=167, 走廊=30.0km, 直线=41.9km
[DBO] 初始化: 个体=40, 路标点=167, 走廊=30.0km, 直线=41.9km
[DBO] 行为分配: 滚球=8, 育雏=8, 觅食=12, 偷窃=12
[Phase4] A*路径搜索: (1363, 885) -> (831, 1124)
  A*搜索完成 (0.1s), 路径长度: 694 像元
[Phase4] 路径平滑...
  RDP简化: 694 -> 61 点 (epsilon=90m)
  线性插值: 2556 点 (间距30m)
  滑动平均平滑: 窗口5点 (150m)
[IPSO-SA] 初始化: 个体=30, 路标点=213, 走廊=30.0km, 直线=53.3km
[DBO] 初始化: 个体=40, 路标点=213, 走廊=30.0km, 直线=53.3km
[DBO] 行为分配: 滚球=8, 育雏=8, 觅食=12, 偷窃=12
[Phase4] A*路径搜索: (3576, 732) -> (3396, 492)
  A*搜索完成 (0.0s), 路径长度: 309 像元
[Phase4] 路径平滑...
  RDP简化: 309 -> 23 点 (epsilon=90m)
  线性插值: 1114 点 (间距30m)
  滑动平均平滑: 窗口5点 (150m)
[IPSO-SA] 初始化: 个体=30, 路标点=105, 走廊=30.0km, 直线=26.4km
[DBO] 初始化: 个体=40, 路标点=105, 走廊=30.0km, 直线=26.4km
[DBO] 行为分配: 滚球=8, 育雏=8, 觅食=12, 偷窃=12
[Phase4] A*路径搜索: (1810, 922) -> (1488, 617)
  A*搜索完成 (0.0s), 路径长度: 405 像元
[Phase4] 路径平滑...
  RDP简化: 405 -> 27 点 (epsilon=90m)
  线性插值: 1532 点 (间距30m)
  滑动平均平滑: 窗口5点 (150m)
[IPSO-SA] 初始化: 个体=30, 路标点=157, 走廊=30.0km, 直线=39.4km
[DBO] 初始化: 个体=40, 路标点=157, 走廊=30.0km, 直线=39.4km
[DBO] 行为分配: 滚球=8, 育雏=8, 觅食=12, 偷窃=12
[Phase4] A*路径搜索: (695, 1434) -> (439, 1635)
  A*搜索完成 (0.0s), 路径长度: 305 像元
[Phase4] 路径平滑...
  RDP简化: 305 -> 18 点 (epsilon=90m)
  线性插值: 1175 点 (间距30m)
  滑动平均平滑: 窗口5点 (150m)
[IPSO-SA] 初始化: 个体=30, 路标点=116, 走廊=30.0km, 直线=29.2km
[DBO] 初始化: 个体=40, 路标点=116, 走廊=30.0km, 直线=29.2km
[DBO] 行为分配: 滚球=8, 育雏=8, 觅食=12, 偷窃=12
[Phase4] A*路径搜索: (2014, 1716) -> (2478, 1566)
  A*搜索完成 (0.0s), 路径长度: 466 像元
[Phase4] 路径平滑...
  RDP简化: 466 -> 47 点 (epsilon=90m)
  线性插值: 1635 点 (间距30m)
  滑动平均平滑: 窗口5点 (150m)
[IPSO-SA] 初始化: 个体=30, 路标点=179, 走廊=30.0km, 直线=44.8km
[DBO] 初始化: 个体=40, 路标点=179, 走廊=30.0km, 直线=44.8km
[DBO] 行为分配: 滚球=8, 育雏=8, 觅食=12, 偷窃=12
  A*: runs=20, Hausdorff μ=5740m
  IPSO-SA: runs=20, Hausdorff μ=4234m
  DBO: runs=20, Hausdorff μ=9209m

--- Run 21/30 (seed=62) ---
[Phase4] A*路径搜索: (3578, 732) -> (4128, 898)
  A*搜索完成 (0.0s), 路径长度: 575 像元
[Phase4] 路径平滑...
  RDP简化: 575 -> 37 点 (epsilon=90m)
  线性插值: 1962 点 (间距30m)
  滑动平均平滑: 窗口5点 (150m)
[IPSO-SA] 初始化: 个体=30, 路标点=211, 走廊=30.0km, 直线=53.0km
[DBO] 初始化: 个体=40, 路标点=211, 走廊=30.0km, 直线=53.0km
[DBO] 行为分配: 滚球=8, 育雏=8, 觅食=12, 偷窃=12
[Phase4] A*路径搜索: (2802, 512) -> (1811, 923)
  A*搜索完成 (0.2s), 路径长度: 1047 像元
[Phase4] 路径平滑...
  RDP简化: 1047 -> 96 点 (epsilon=90m)
  线性插值: 3922 点 (间距30m)
  滑动平均平滑: 窗口5点 (150m)
[IPSO-SA] 初始化: 个体=30, 路标点=392, 走廊=30.0km, 直线=98.2km
[DBO] 初始化: 个体=40, 路标点=392, 走廊=30.0km, 直线=98.2km
[DBO] 行为分配: 滚球=8, 育雏=8, 觅食=12, 偷窃=12
[Phase4] A*路径搜索: (850, 1183) -> (1423, 1239)
  A*搜索完成 (0.1s), 路径长度: 742 像元
[Phase4] 路径平滑...
  RDP简化: 742 -> 79 点 (epsilon=90m)
  线性插值: 2643 点 (间距30m)
  滑动平均平滑: 窗口5点 (150m)
[IPSO-SA] 初始化: 个体=30, 路标点=213, 走廊=30.0km, 直线=53.3km
[DBO] 初始化: 个体=40, 路标点=213, 走廊=30.0km, 直线=53.3km
[DBO] 行为分配: 滚球=8, 育雏=8, 觅食=12, 偷窃=12
[Phase4] A*路径搜索: (3140, 1308) -> (2478, 1566)
  A*搜索完成 (0.0s), 路径长度: 663 像元
[Phase4] 路径平滑...
  RDP简化: 663 -> 57 点 (epsilon=90m)
  线性插值: 2391 点 (间距30m)
  滑动平均平滑: 窗口5点 (150m)
[IPSO-SA] 初始化: 个体=30, 路标点=260, 走廊=30.0km, 直线=65.1km
[DBO] 初始化: 个体=40, 路标点=260, 走廊=30.0km, 直线=65.1km
[DBO] 行为分配: 滚球=8, 育雏=8, 觅食=12, 偷窃=12
[Phase4] A*路径搜索: (1811, 924) -> (2218, 707)
  A*搜索完成 (0.1s), 路径长度: 544 像元
[Phase4] 路径平滑...
  RDP简化: 544 -> 49 点 (epsilon=90m)
  线性插值: 1981 点 (间距30m)
  滑动平均平滑: 窗口5点 (150m)
[IPSO-SA] 初始化: 个体=30, 路标点=167, 走廊=30.0km, 直线=41.9km
[DBO] 初始化: 个体=40, 路标点=167, 走廊=30.0km, 直线=41.9km
[DBO] 行为分配: 滚球=8, 育雏=8, 觅食=12, 偷窃=12
[Phase4] A*路径搜索: (1363, 885) -> (831, 1124)
  A*搜索完成 (0.1s), 路径长度: 694 像元
[Phase4] 路径平滑...
  RDP简化: 694 -> 61 点 (epsilon=90m)
  线性插值: 2556 点 (间距30m)
  滑动平均平滑: 窗口5点 (150m)
[IPSO-SA] 初始化: 个体=30, 路标点=213, 走廊=30.0km, 直线=53.3km
[DBO] 初始化: 个体=40, 路标点=213, 走廊=30.0km, 直线=53.3km
[DBO] 行为分配: 滚球=8, 育雏=8, 觅食=12, 偷窃=12
[Phase4] A*路径搜索: (3576, 732) -> (3396, 492)
  A*搜索完成 (0.0s), 路径长度: 309 像元
[Phase4] 路径平滑...
  RDP简化: 309 -> 23 点 (epsilon=90m)
  线性插值: 1114 点 (间距30m)
  滑动平均平滑: 窗口5点 (150m)
[IPSO-SA] 初始化: 个体=30, 路标点=105, 走廊=30.0km, 直线=26.4km
[DBO] 初始化: 个体=40, 路标点=105, 走廊=30.0km, 直线=26.4km
[DBO] 行为分配: 滚球=8, 育雏=8, 觅食=12, 偷窃=12
[Phase4] A*路径搜索: (1810, 922) -> (1488, 617)
  A*搜索完成 (0.0s), 路径长度: 405 像元
[Phase4] 路径平滑...
  RDP简化: 405 -> 27 点 (epsilon=90m)
  线性插值: 1532 点 (间距30m)
  滑动平均平滑: 窗口5点 (150m)
[IPSO-SA] 初始化: 个体=30, 路标点=157, 走廊=30.0km, 直线=39.4km
[DBO] 初始化: 个体=40, 路标点=157, 走廊=30.0km, 直线=39.4km
[DBO] 行为分配: 滚球=8, 育雏=8, 觅食=12, 偷窃=12
[Phase4] A*路径搜索: (695, 1434) -> (439, 1635)
  A*搜索完成 (0.0s), 路径长度: 305 像元
[Phase4] 路径平滑...
  RDP简化: 305 -> 18 点 (epsilon=90m)
  线性插值: 1175 点 (间距30m)
  滑动平均平滑: 窗口5点 (150m)
[IPSO-SA] 初始化: 个体=30, 路标点=116, 走廊=30.0km, 直线=29.2km
[DBO] 初始化: 个体=40, 路标点=116, 走廊=30.0km, 直线=29.2km
[DBO] 行为分配: 滚球=8, 育雏=8, 觅食=12, 偷窃=12
[Phase4] A*路径搜索: (2014, 1716) -> (2478, 1566)
  A*搜索完成 (0.0s), 路径长度: 466 像元
[Phase4] 路径平滑...
  RDP简化: 466 -> 47 点 (epsilon=90m)
  线性插值: 1635 点 (间距30m)
  滑动平均平滑: 窗口5点 (150m)
[IPSO-SA] 初始化: 个体=30, 路标点=179, 走廊=30.0km, 直线=44.8km
[DBO] 初始化: 个体=40, 路标点=179, 走廊=30.0km, 直线=44.8km
[DBO] 行为分配: 滚球=8, 育雏=8, 觅食=12, 偷窃=12

--- Run 22/30 (seed=63) ---
[Phase4] A*路径搜索: (3578, 732) -> (4128, 898)
  A*搜索完成 (0.0s), 路径长度: 575 像元
[Phase4] 路径平滑...
  RDP简化: 575 -> 37 点 (epsilon=90m)
  线性插值: 1962 点 (间距30m)
  滑动平均平滑: 窗口5点 (150m)
[IPSO-SA] 初始化: 个体=30, 路标点=211, 走廊=30.0km, 直线=53.0km
[DBO] 初始化: 个体=40, 路标点=211, 走廊=30.0km, 直线=53.0km
[DBO] 行为分配: 滚球=8, 育雏=8, 觅食=12, 偷窃=12
[Phase4] A*路径搜索: (2802, 512) -> (1811, 923)
  A*搜索完成 (0.2s), 路径长度: 1047 像元
[Phase4] 路径平滑...
  RDP简化: 1047 -> 96 点 (epsilon=90m)
  线性插值: 3922 点 (间距30m)
  滑动平均平滑: 窗口5点 (150m)
[IPSO-SA] 初始化: 个体=30, 路标点=392, 走廊=30.0km, 直线=98.2km
[DBO] 初始化: 个体=40, 路标点=392, 走廊=30.0km, 直线=98.2km
[DBO] 行为分配: 滚球=8, 育雏=8, 觅食=12, 偷窃=12
[Phase4] A*路径搜索: (850, 1183) -> (1423, 1239)
  A*搜索完成 (0.1s), 路径长度: 742 像元
[Phase4] 路径平滑...
  RDP简化: 742 -> 79 点 (epsilon=90m)
  线性插值: 2643 点 (间距30m)
  滑动平均平滑: 窗口5点 (150m)
[IPSO-SA] 初始化: 个体=30, 路标点=213, 走廊=30.0km, 直线=53.3km
[DBO] 初始化: 个体=40, 路标点=213, 走廊=30.0km, 直线=53.3km
[DBO] 行为分配: 滚球=8, 育雏=8, 觅食=12, 偷窃=12
[Phase4] A*路径搜索: (3140, 1308) -> (2478, 1566)
  A*搜索完成 (0.0s), 路径长度: 663 像元
[Phase4] 路径平滑...
  RDP简化: 663 -> 57 点 (epsilon=90m)
  线性插值: 2391 点 (间距30m)
  滑动平均平滑: 窗口5点 (150m)
[IPSO-SA] 初始化: 个体=30, 路标点=260, 走廊=30.0km, 直线=65.1km
[DBO] 初始化: 个体=40, 路标点=260, 走廊=30.0km, 直线=65.1km
[DBO] 行为分配: 滚球=8, 育雏=8, 觅食=12, 偷窃=12
[Phase4] A*路径搜索: (1811, 924) -> (2218, 707)
  A*搜索完成 (0.1s), 路径长度: 544 像元
[Phase4] 路径平滑...
  RDP简化: 544 -> 49 点 (epsilon=90m)
  线性插值: 1981 点 (间距30m)
  滑动平均平滑: 窗口5点 (150m)
[IPSO-SA] 初始化: 个体=30, 路标点=167, 走廊=30.0km, 直线=41.9km
[DBO] 初始化: 个体=40, 路标点=167, 走廊=30.0km, 直线=41.9km
[DBO] 行为分配: 滚球=8, 育雏=8, 觅食=12, 偷窃=12
[Phase4] A*路径搜索: (1363, 885) -> (831, 1124)
  A*搜索完成 (0.1s), 路径长度: 694 像元
[Phase4] 路径平滑...
  RDP简化: 694 -> 61 点 (epsilon=90m)
  线性插值: 2556 点 (间距30m)
  滑动平均平滑: 窗口5点 (150m)
[IPSO-SA] 初始化: 个体=30, 路标点=213, 走廊=30.0km, 直线=53.3km
[DBO] 初始化: 个体=40, 路标点=213, 走廊=30.0km, 直线=53.3km
[DBO] 行为分配: 滚球=8, 育雏=8, 觅食=12, 偷窃=12
[Phase4] A*路径搜索: (3576, 732) -> (3396, 492)
  A*搜索完成 (0.0s), 路径长度: 309 像元
[Phase4] 路径平滑...
  RDP简化: 309 -> 23 点 (epsilon=90m)
  线性插值: 1114 点 (间距30m)
  滑动平均平滑: 窗口5点 (150m)
[IPSO-SA] 初始化: 个体=30, 路标点=105, 走廊=30.0km, 直线=26.4km
[DBO] 初始化: 个体=40, 路标点=105, 走廊=30.0km, 直线=26.4km
[DBO] 行为分配: 滚球=8, 育雏=8, 觅食=12, 偷窃=12
[Phase4] A*路径搜索: (1810, 922) -> (1488, 617)
  A*搜索完成 (0.0s), 路径长度: 405 像元
[Phase4] 路径平滑...
  RDP简化: 405 -> 27 点 (epsilon=90m)
  线性插值: 1532 点 (间距30m)
  滑动平均平滑: 窗口5点 (150m)
[IPSO-SA] 初始化: 个体=30, 路标点=157, 走廊=30.0km, 直线=39.4km
[DBO] 初始化: 个体=40, 路标点=157, 走廊=30.0km, 直线=39.4km
[DBO] 行为分配: 滚球=8, 育雏=8, 觅食=12, 偷窃=12
[Phase4] A*路径搜索: (695, 1434) -> (439, 1635)
  A*搜索完成 (0.0s), 路径长度: 305 像元
[Phase4] 路径平滑...
  RDP简化: 305 -> 18 点 (epsilon=90m)
  线性插值: 1175 点 (间距30m)
  滑动平均平滑: 窗口5点 (150m)
[IPSO-SA] 初始化: 个体=30, 路标点=116, 走廊=30.0km, 直线=29.2km
[DBO] 初始化: 个体=40, 路标点=116, 走廊=30.0km, 直线=29.2km
[DBO] 行为分配: 滚球=8, 育雏=8, 觅食=12, 偷窃=12
[Phase4] A*路径搜索: (2014, 1716) -> (2478, 1566)
  A*搜索完成 (0.0s), 路径长度: 466 像元
[Phase4] 路径平滑...
  RDP简化: 466 -> 47 点 (epsilon=90m)
  线性插值: 1635 点 (间距30m)
  滑动平均平滑: 窗口5点 (150m)
[IPSO-SA] 初始化: 个体=30, 路标点=179, 走廊=30.0km, 直线=44.8km
[DBO] 初始化: 个体=40, 路标点=179, 走廊=30.0km, 直线=44.8km
[DBO] 行为分配: 滚球=8, 育雏=8, 觅食=12, 偷窃=12

--- Run 23/30 (seed=64) ---
[Phase4] A*路径搜索: (3578, 732) -> (4128, 898)
  A*搜索完成 (0.0s), 路径长度: 575 像元
[Phase4] 路径平滑...
  RDP简化: 575 -> 37 点 (epsilon=90m)
  线性插值: 1962 点 (间距30m)
  滑动平均平滑: 窗口5点 (150m)
[IPSO-SA] 初始化: 个体=30, 路标点=211, 走廊=30.0km, 直线=53.0km
[DBO] 初始化: 个体=40, 路标点=211, 走廊=30.0km, 直线=53.0km
[DBO] 行为分配: 滚球=8, 育雏=8, 觅食=12, 偷窃=12
[Phase4] A*路径搜索: (2802, 512) -> (1811, 923)
  A*搜索完成 (0.2s), 路径长度: 1047 像元
[Phase4] 路径平滑...
  RDP简化: 1047 -> 96 点 (epsilon=90m)
  线性插值: 3922 点 (间距30m)
  滑动平均平滑: 窗口5点 (150m)
[IPSO-SA] 初始化: 个体=30, 路标点=392, 走廊=30.0km, 直线=98.2km
[DBO] 初始化: 个体=40, 路标点=392, 走廊=30.0km, 直线=98.2km
[DBO] 行为分配: 滚球=8, 育雏=8, 觅食=12, 偷窃=12
[Phase4] A*路径搜索: (850, 1183) -> (1423, 1239)
  A*搜索完成 (0.1s), 路径长度: 742 像元
[Phase4] 路径平滑...
  RDP简化: 742 -> 79 点 (epsilon=90m)
  线性插值: 2643 点 (间距30m)
  滑动平均平滑: 窗口5点 (150m)
[IPSO-SA] 初始化: 个体=30, 路标点=213, 走廊=30.0km, 直线=53.3km
[DBO] 初始化: 个体=40, 路标点=213, 走廊=30.0km, 直线=53.3km
[DBO] 行为分配: 滚球=8, 育雏=8, 觅食=12, 偷窃=12
[Phase4] A*路径搜索: (3140, 1308) -> (2478, 1566)
  A*搜索完成 (0.0s), 路径长度: 663 像元
[Phase4] 路径平滑...
  RDP简化: 663 -> 57 点 (epsilon=90m)
  线性插值: 2391 点 (间距30m)
  滑动平均平滑: 窗口5点 (150m)
[IPSO-SA] 初始化: 个体=30, 路标点=260, 走廊=30.0km, 直线=65.1km
[DBO] 初始化: 个体=40, 路标点=260, 走廊=30.0km, 直线=65.1km
[DBO] 行为分配: 滚球=8, 育雏=8, 觅食=12, 偷窃=12
[Phase4] A*路径搜索: (1811, 924) -> (2218, 707)
  A*搜索完成 (0.1s), 路径长度: 544 像元
[Phase4] 路径平滑...
  RDP简化: 544 -> 49 点 (epsilon=90m)
  线性插值: 1981 点 (间距30m)
  滑动平均平滑: 窗口5点 (150m)
[IPSO-SA] 初始化: 个体=30, 路标点=167, 走廊=30.0km, 直线=41.9km
[DBO] 初始化: 个体=40, 路标点=167, 走廊=30.0km, 直线=41.9km
[DBO] 行为分配: 滚球=8, 育雏=8, 觅食=12, 偷窃=12
[Phase4] A*路径搜索: (1363, 885) -> (831, 1124)
  A*搜索完成 (0.1s), 路径长度: 694 像元
[Phase4] 路径平滑...
  RDP简化: 694 -> 61 点 (epsilon=90m)
  线性插值: 2556 点 (间距30m)
  滑动平均平滑: 窗口5点 (150m)
[IPSO-SA] 初始化: 个体=30, 路标点=213, 走廊=30.0km, 直线=53.3km
[DBO] 初始化: 个体=40, 路标点=213, 走廊=30.0km, 直线=53.3km
[DBO] 行为分配: 滚球=8, 育雏=8, 觅食=12, 偷窃=12
[Phase4] A*路径搜索: (3576, 732) -> (3396, 492)
  A*搜索完成 (0.0s), 路径长度: 309 像元
[Phase4] 路径平滑...
  RDP简化: 309 -> 23 点 (epsilon=90m)
  线性插值: 1114 点 (间距30m)
  滑动平均平滑: 窗口5点 (150m)
[IPSO-SA] 初始化: 个体=30, 路标点=105, 走廊=30.0km, 直线=26.4km
[DBO] 初始化: 个体=40, 路标点=105, 走廊=30.0km, 直线=26.4km
[DBO] 行为分配: 滚球=8, 育雏=8, 觅食=12, 偷窃=12
[Phase4] A*路径搜索: (1810, 922) -> (1488, 617)
  A*搜索完成 (0.0s), 路径长度: 405 像元
[Phase4] 路径平滑...
  RDP简化: 405 -> 27 点 (epsilon=90m)
  线性插值: 1532 点 (间距30m)
  滑动平均平滑: 窗口5点 (150m)
[IPSO-SA] 初始化: 个体=30, 路标点=157, 走廊=30.0km, 直线=39.4km
[DBO] 初始化: 个体=40, 路标点=157, 走廊=30.0km, 直线=39.4km
[DBO] 行为分配: 滚球=8, 育雏=8, 觅食=12, 偷窃=12
[Phase4] A*路径搜索: (695, 1434) -> (439, 1635)
  A*搜索完成 (0.0s), 路径长度: 305 像元
[Phase4] 路径平滑...
  RDP简化: 305 -> 18 点 (epsilon=90m)
  线性插值: 1175 点 (间距30m)
  滑动平均平滑: 窗口5点 (150m)
[IPSO-SA] 初始化: 个体=30, 路标点=116, 走廊=30.0km, 直线=29.2km
[DBO] 初始化: 个体=40, 路标点=116, 走廊=30.0km, 直线=29.2km
[DBO] 行为分配: 滚球=8, 育雏=8, 觅食=12, 偷窃=12
[Phase4] A*路径搜索: (2014, 1716) -> (2478, 1566)
  A*搜索完成 (0.0s), 路径长度: 466 像元
[Phase4] 路径平滑...
  RDP简化: 466 -> 47 点 (epsilon=90m)
  线性插值: 1635 点 (间距30m)
  滑动平均平滑: 窗口5点 (150m)
[IPSO-SA] 初始化: 个体=30, 路标点=179, 走廊=30.0km, 直线=44.8km
[DBO] 初始化: 个体=40, 路标点=179, 走廊=30.0km, 直线=44.8km
[DBO] 行为分配: 滚球=8, 育雏=8, 觅食=12, 偷窃=12

--- Run 24/30 (seed=65) ---
[Phase4] A*路径搜索: (3578, 732) -> (4128, 898)
  A*搜索完成 (0.0s), 路径长度: 575 像元
[Phase4] 路径平滑...
  RDP简化: 575 -> 37 点 (epsilon=90m)
  线性插值: 1962 点 (间距30m)
  滑动平均平滑: 窗口5点 (150m)
[IPSO-SA] 初始化: 个体=30, 路标点=211, 走廊=30.0km, 直线=53.0km
[DBO] 初始化: 个体=40, 路标点=211, 走廊=30.0km, 直线=53.0km
[DBO] 行为分配: 滚球=8, 育雏=8, 觅食=12, 偷窃=12
[Phase4] A*路径搜索: (2802, 512) -> (1811, 923)
  A*搜索完成 (0.2s), 路径长度: 1047 像元
[Phase4] 路径平滑...
  RDP简化: 1047 -> 96 点 (epsilon=90m)
  线性插值: 3922 点 (间距30m)
  滑动平均平滑: 窗口5点 (150m)
[IPSO-SA] 初始化: 个体=30, 路标点=392, 走廊=30.0km, 直线=98.2km
[DBO] 初始化: 个体=40, 路标点=392, 走廊=30.0km, 直线=98.2km
[DBO] 行为分配: 滚球=8, 育雏=8, 觅食=12, 偷窃=12
[Phase4] A*路径搜索: (850, 1183) -> (1423, 1239)
  A*搜索完成 (0.1s), 路径长度: 742 像元
[Phase4] 路径平滑...
  RDP简化: 742 -> 79 点 (epsilon=90m)
  线性插值: 2643 点 (间距30m)
  滑动平均平滑: 窗口5点 (150m)
[IPSO-SA] 初始化: 个体=30, 路标点=213, 走廊=30.0km, 直线=53.3km
[DBO] 初始化: 个体=40, 路标点=213, 走廊=30.0km, 直线=53.3km
[DBO] 行为分配: 滚球=8, 育雏=8, 觅食=12, 偷窃=12
[Phase4] A*路径搜索: (3140, 1308) -> (2478, 1566)
  A*搜索完成 (0.0s), 路径长度: 663 像元
[Phase4] 路径平滑...
  RDP简化: 663 -> 57 点 (epsilon=90m)
  线性插值: 2391 点 (间距30m)
  滑动平均平滑: 窗口5点 (150m)
[IPSO-SA] 初始化: 个体=30, 路标点=260, 走廊=30.0km, 直线=65.1km
[DBO] 初始化: 个体=40, 路标点=260, 走廊=30.0km, 直线=65.1km
[DBO] 行为分配: 滚球=8, 育雏=8, 觅食=12, 偷窃=12
[Phase4] A*路径搜索: (1811, 924) -> (2218, 707)
  A*搜索完成 (0.1s), 路径长度: 544 像元
[Phase4] 路径平滑...
  RDP简化: 544 -> 49 点 (epsilon=90m)
  线性插值: 1981 点 (间距30m)
  滑动平均平滑: 窗口5点 (150m)
[IPSO-SA] 初始化: 个体=30, 路标点=167, 走廊=30.0km, 直线=41.9km
[DBO] 初始化: 个体=40, 路标点=167, 走廊=30.0km, 直线=41.9km
[DBO] 行为分配: 滚球=8, 育雏=8, 觅食=12, 偷窃=12
[Phase4] A*路径搜索: (1363, 885) -> (831, 1124)
  A*搜索完成 (0.1s), 路径长度: 694 像元
[Phase4] 路径平滑...
  RDP简化: 694 -> 61 点 (epsilon=90m)
  线性插值: 2556 点 (间距30m)
  滑动平均平滑: 窗口5点 (150m)
[IPSO-SA] 初始化: 个体=30, 路标点=213, 走廊=30.0km, 直线=53.3km
[DBO] 初始化: 个体=40, 路标点=213, 走廊=30.0km, 直线=53.3km
[DBO] 行为分配: 滚球=8, 育雏=8, 觅食=12, 偷窃=12
[Phase4] A*路径搜索: (3576, 732) -> (3396, 492)
  A*搜索完成 (0.0s), 路径长度: 309 像元
[Phase4] 路径平滑...
  RDP简化: 309 -> 23 点 (epsilon=90m)
  线性插值: 1114 点 (间距30m)
  滑动平均平滑: 窗口5点 (150m)
[IPSO-SA] 初始化: 个体=30, 路标点=105, 走廊=30.0km, 直线=26.4km
[DBO] 初始化: 个体=40, 路标点=105, 走廊=30.0km, 直线=26.4km
[DBO] 行为分配: 滚球=8, 育雏=8, 觅食=12, 偷窃=12
[Phase4] A*路径搜索: (1810, 922) -> (1488, 617)
  A*搜索完成 (0.0s), 路径长度: 405 像元
[Phase4] 路径平滑...
  RDP简化: 405 -> 27 点 (epsilon=90m)
  线性插值: 1532 点 (间距30m)
  滑动平均平滑: 窗口5点 (150m)
[IPSO-SA] 初始化: 个体=30, 路标点=157, 走廊=30.0km, 直线=39.4km
[DBO] 初始化: 个体=40, 路标点=157, 走廊=30.0km, 直线=39.4km
[DBO] 行为分配: 滚球=8, 育雏=8, 觅食=12, 偷窃=12
[Phase4] A*路径搜索: (695, 1434) -> (439, 1635)
  A*搜索完成 (0.0s), 路径长度: 305 像元
[Phase4] 路径平滑...
  RDP简化: 305 -> 18 点 (epsilon=90m)
  线性插值: 1175 点 (间距30m)
  滑动平均平滑: 窗口5点 (150m)
[IPSO-SA] 初始化: 个体=30, 路标点=116, 走廊=30.0km, 直线=29.2km
[DBO] 初始化: 个体=40, 路标点=116, 走廊=30.0km, 直线=29.2km
[DBO] 行为分配: 滚球=8, 育雏=8, 觅食=12, 偷窃=12
[Phase4] A*路径搜索: (2014, 1716) -> (2478, 1566)
  A*搜索完成 (0.0s), 路径长度: 466 像元
[Phase4] 路径平滑...
  RDP简化: 466 -> 47 点 (epsilon=90m)
  线性插值: 1635 点 (间距30m)
  滑动平均平滑: 窗口5点 (150m)
[IPSO-SA] 初始化: 个体=30, 路标点=179, 走廊=30.0km, 直线=44.8km
[DBO] 初始化: 个体=40, 路标点=179, 走廊=30.0km, 直线=44.8km
[DBO] 行为分配: 滚球=8, 育雏=8, 觅食=12, 偷窃=12

--- Run 25/30 (seed=66) ---
[Phase4] A*路径搜索: (3578, 732) -> (4128, 898)
  A*搜索完成 (0.0s), 路径长度: 575 像元
[Phase4] 路径平滑...
  RDP简化: 575 -> 37 点 (epsilon=90m)
  线性插值: 1962 点 (间距30m)
  滑动平均平滑: 窗口5点 (150m)
[IPSO-SA] 初始化: 个体=30, 路标点=211, 走廊=30.0km, 直线=53.0km
[DBO] 初始化: 个体=40, 路标点=211, 走廊=30.0km, 直线=53.0km
[DBO] 行为分配: 滚球=8, 育雏=8, 觅食=12, 偷窃=12
[Phase4] A*路径搜索: (2802, 512) -> (1811, 923)
  A*搜索完成 (0.2s), 路径长度: 1047 像元
[Phase4] 路径平滑...
  RDP简化: 1047 -> 96 点 (epsilon=90m)
  线性插值: 3922 点 (间距30m)
  滑动平均平滑: 窗口5点 (150m)
[IPSO-SA] 初始化: 个体=30, 路标点=392, 走廊=30.0km, 直线=98.2km
[DBO] 初始化: 个体=40, 路标点=392, 走廊=30.0km, 直线=98.2km
[DBO] 行为分配: 滚球=8, 育雏=8, 觅食=12, 偷窃=12
[Phase4] A*路径搜索: (850, 1183) -> (1423, 1239)
  A*搜索完成 (0.1s), 路径长度: 742 像元
[Phase4] 路径平滑...
  RDP简化: 742 -> 79 点 (epsilon=90m)
  线性插值: 2643 点 (间距30m)
  滑动平均平滑: 窗口5点 (150m)
[IPSO-SA] 初始化: 个体=30, 路标点=213, 走廊=30.0km, 直线=53.3km
[DBO] 初始化: 个体=40, 路标点=213, 走廊=30.0km, 直线=53.3km
[DBO] 行为分配: 滚球=8, 育雏=8, 觅食=12, 偷窃=12
[Phase4] A*路径搜索: (3140, 1308) -> (2478, 1566)
  A*搜索完成 (0.0s), 路径长度: 663 像元
[Phase4] 路径平滑...
  RDP简化: 663 -> 57 点 (epsilon=90m)
  线性插值: 2391 点 (间距30m)
  滑动平均平滑: 窗口5点 (150m)
[IPSO-SA] 初始化: 个体=30, 路标点=260, 走廊=30.0km, 直线=65.1km
[DBO] 初始化: 个体=40, 路标点=260, 走廊=30.0km, 直线=65.1km
[DBO] 行为分配: 滚球=8, 育雏=8, 觅食=12, 偷窃=12
[Phase4] A*路径搜索: (1811, 924) -> (2218, 707)
  A*搜索完成 (0.1s), 路径长度: 544 像元
[Phase4] 路径平滑...
  RDP简化: 544 -> 49 点 (epsilon=90m)
  线性插值: 1981 点 (间距30m)
  滑动平均平滑: 窗口5点 (150m)
[IPSO-SA] 初始化: 个体=30, 路标点=167, 走廊=30.0km, 直线=41.9km
[DBO] 初始化: 个体=40, 路标点=167, 走廊=30.0km, 直线=41.9km
[DBO] 行为分配: 滚球=8, 育雏=8, 觅食=12, 偷窃=12
[Phase4] A*路径搜索: (1363, 885) -> (831, 1124)
  A*搜索完成 (0.1s), 路径长度: 694 像元
[Phase4] 路径平滑...
  RDP简化: 694 -> 61 点 (epsilon=90m)
  线性插值: 2556 点 (间距30m)
  滑动平均平滑: 窗口5点 (150m)
[IPSO-SA] 初始化: 个体=30, 路标点=213, 走廊=30.0km, 直线=53.3km
[DBO] 初始化: 个体=40, 路标点=213, 走廊=30.0km, 直线=53.3km
[DBO] 行为分配: 滚球=8, 育雏=8, 觅食=12, 偷窃=12
[Phase4] A*路径搜索: (3576, 732) -> (3396, 492)
  A*搜索完成 (0.0s), 路径长度: 309 像元
[Phase4] 路径平滑...
  RDP简化: 309 -> 23 点 (epsilon=90m)
  线性插值: 1114 点 (间距30m)
  滑动平均平滑: 窗口5点 (150m)
[IPSO-SA] 初始化: 个体=30, 路标点=105, 走廊=30.0km, 直线=26.4km
[DBO] 初始化: 个体=40, 路标点=105, 走廊=30.0km, 直线=26.4km
[DBO] 行为分配: 滚球=8, 育雏=8, 觅食=12, 偷窃=12
[Phase4] A*路径搜索: (1810, 922) -> (1488, 617)
  A*搜索完成 (0.0s), 路径长度: 405 像元
[Phase4] 路径平滑...
  RDP简化: 405 -> 27 点 (epsilon=90m)
  线性插值: 1532 点 (间距30m)
  滑动平均平滑: 窗口5点 (150m)
[IPSO-SA] 初始化: 个体=30, 路标点=157, 走廊=30.0km, 直线=39.4km
[DBO] 初始化: 个体=40, 路标点=157, 走廊=30.0km, 直线=39.4km
[DBO] 行为分配: 滚球=8, 育雏=8, 觅食=12, 偷窃=12
[Phase4] A*路径搜索: (695, 1434) -> (439, 1635)
  A*搜索完成 (0.0s), 路径长度: 305 像元
[Phase4] 路径平滑...
  RDP简化: 305 -> 18 点 (epsilon=90m)
  线性插值: 1175 点 (间距30m)
  滑动平均平滑: 窗口5点 (150m)
[IPSO-SA] 初始化: 个体=30, 路标点=116, 走廊=30.0km, 直线=29.2km
[DBO] 初始化: 个体=40, 路标点=116, 走廊=30.0km, 直线=29.2km
[DBO] 行为分配: 滚球=8, 育雏=8, 觅食=12, 偷窃=12
[Phase4] A*路径搜索: (2014, 1716) -> (2478, 1566)
  A*搜索完成 (0.0s), 路径长度: 466 像元
[Phase4] 路径平滑...
  RDP简化: 466 -> 47 点 (epsilon=90m)
  线性插值: 1635 点 (间距30m)
  滑动平均平滑: 窗口5点 (150m)
[IPSO-SA] 初始化: 个体=30, 路标点=179, 走廊=30.0km, 直线=44.8km
[DBO] 初始化: 个体=40, 路标点=179, 走廊=30.0km, 直线=44.8km
[DBO] 行为分配: 滚球=8, 育雏=8, 觅食=12, 偷窃=12
  A*: runs=25, Hausdorff μ=5740m
  IPSO-SA: runs=25, Hausdorff μ=4232m
  DBO: runs=25, Hausdorff μ=9618m

--- Run 26/30 (seed=67) ---
[Phase4] A*路径搜索: (3578, 732) -> (4128, 898)
  A*搜索完成 (0.0s), 路径长度: 575 像元
[Phase4] 路径平滑...
  RDP简化: 575 -> 37 点 (epsilon=90m)
  线性插值: 1962 点 (间距30m)
  滑动平均平滑: 窗口5点 (150m)
[IPSO-SA] 初始化: 个体=30, 路标点=211, 走廊=30.0km, 直线=53.0km
[DBO] 初始化: 个体=40, 路标点=211, 走廊=30.0km, 直线=53.0km
[DBO] 行为分配: 滚球=8, 育雏=8, 觅食=12, 偷窃=12
[Phase4] A*路径搜索: (2802, 512) -> (1811, 923)
  A*搜索完成 (0.2s), 路径长度: 1047 像元
[Phase4] 路径平滑...
  RDP简化: 1047 -> 96 点 (epsilon=90m)
  线性插值: 3922 点 (间距30m)
  滑动平均平滑: 窗口5点 (150m)
[IPSO-SA] 初始化: 个体=30, 路标点=392, 走廊=30.0km, 直线=98.2km
[DBO] 初始化: 个体=40, 路标点=392, 走廊=30.0km, 直线=98.2km
[DBO] 行为分配: 滚球=8, 育雏=8, 觅食=12, 偷窃=12
[Phase4] A*路径搜索: (850, 1183) -> (1423, 1239)
  A*搜索完成 (0.1s), 路径长度: 742 像元
[Phase4] 路径平滑...
  RDP简化: 742 -> 79 点 (epsilon=90m)
  线性插值: 2643 点 (间距30m)
  滑动平均平滑: 窗口5点 (150m)
[IPSO-SA] 初始化: 个体=30, 路标点=213, 走廊=30.0km, 直线=53.3km
[DBO] 初始化: 个体=40, 路标点=213, 走廊=30.0km, 直线=53.3km
[DBO] 行为分配: 滚球=8, 育雏=8, 觅食=12, 偷窃=12
[Phase4] A*路径搜索: (3140, 1308) -> (2478, 1566)
  A*搜索完成 (0.0s), 路径长度: 663 像元
[Phase4] 路径平滑...
  RDP简化: 663 -> 57 点 (epsilon=90m)
  线性插值: 2391 点 (间距30m)
  滑动平均平滑: 窗口5点 (150m)
[IPSO-SA] 初始化: 个体=30, 路标点=260, 走廊=30.0km, 直线=65.1km
[DBO] 初始化: 个体=40, 路标点=260, 走廊=30.0km, 直线=65.1km
[DBO] 行为分配: 滚球=8, 育雏=8, 觅食=12, 偷窃=12
[Phase4] A*路径搜索: (1811, 924) -> (2218, 707)
  A*搜索完成 (0.1s), 路径长度: 544 像元
[Phase4] 路径平滑...
  RDP简化: 544 -> 49 点 (epsilon=90m)
  线性插值: 1981 点 (间距30m)
  滑动平均平滑: 窗口5点 (150m)
[IPSO-SA] 初始化: 个体=30, 路标点=167, 走廊=30.0km, 直线=41.9km
[DBO] 初始化: 个体=40, 路标点=167, 走廊=30.0km, 直线=41.9km
[DBO] 行为分配: 滚球=8, 育雏=8, 觅食=12, 偷窃=12
[Phase4] A*路径搜索: (1363, 885) -> (831, 1124)
  A*搜索完成 (0.1s), 路径长度: 694 像元
[Phase4] 路径平滑...
  RDP简化: 694 -> 61 点 (epsilon=90m)
  线性插值: 2556 点 (间距30m)
  滑动平均平滑: 窗口5点 (150m)
[IPSO-SA] 初始化: 个体=30, 路标点=213, 走廊=30.0km, 直线=53.3km
[DBO] 初始化: 个体=40, 路标点=213, 走廊=30.0km, 直线=53.3km
[DBO] 行为分配: 滚球=8, 育雏=8, 觅食=12, 偷窃=12
[Phase4] A*路径搜索: (3576, 732) -> (3396, 492)
  A*搜索完成 (0.0s), 路径长度: 309 像元
[Phase4] 路径平滑...
  RDP简化: 309 -> 23 点 (epsilon=90m)
  线性插值: 1114 点 (间距30m)
  滑动平均平滑: 窗口5点 (150m)
[IPSO-SA] 初始化: 个体=30, 路标点=105, 走廊=30.0km, 直线=26.4km
[DBO] 初始化: 个体=40, 路标点=105, 走廊=30.0km, 直线=26.4km
[DBO] 行为分配: 滚球=8, 育雏=8, 觅食=12, 偷窃=12
[Phase4] A*路径搜索: (1810, 922) -> (1488, 617)
  A*搜索完成 (0.0s), 路径长度: 405 像元
[Phase4] 路径平滑...
  RDP简化: 405 -> 27 点 (epsilon=90m)
  线性插值: 1532 点 (间距30m)
  滑动平均平滑: 窗口5点 (150m)
[IPSO-SA] 初始化: 个体=30, 路标点=157, 走廊=30.0km, 直线=39.4km
[DBO] 初始化: 个体=40, 路标点=157, 走廊=30.0km, 直线=39.4km
[DBO] 行为分配: 滚球=8, 育雏=8, 觅食=12, 偷窃=12
[Phase4] A*路径搜索: (695, 1434) -> (439, 1635)
  A*搜索完成 (0.0s), 路径长度: 305 像元
[Phase4] 路径平滑...
  RDP简化: 305 -> 18 点 (epsilon=90m)
  线性插值: 1175 点 (间距30m)
  滑动平均平滑: 窗口5点 (150m)
[IPSO-SA] 初始化: 个体=30, 路标点=116, 走廊=30.0km, 直线=29.2km
[DBO] 初始化: 个体=40, 路标点=116, 走廊=30.0km, 直线=29.2km
[DBO] 行为分配: 滚球=8, 育雏=8, 觅食=12, 偷窃=12
[Phase4] A*路径搜索: (2014, 1716) -> (2478, 1566)
  A*搜索完成 (0.0s), 路径长度: 466 像元
[Phase4] 路径平滑...
  RDP简化: 466 -> 47 点 (epsilon=90m)
  线性插值: 1635 点 (间距30m)
  滑动平均平滑: 窗口5点 (150m)
[IPSO-SA] 初始化: 个体=30, 路标点=179, 走廊=30.0km, 直线=44.8km
[DBO] 初始化: 个体=40, 路标点=179, 走廊=30.0km, 直线=44.8km
[DBO] 行为分配: 滚球=8, 育雏=8, 觅食=12, 偷窃=12

--- Run 27/30 (seed=68) ---
[Phase4] A*路径搜索: (3578, 732) -> (4128, 898)
  A*搜索完成 (0.0s), 路径长度: 575 像元
[Phase4] 路径平滑...
  RDP简化: 575 -> 37 点 (epsilon=90m)
  线性插值: 1962 点 (间距30m)
  滑动平均平滑: 窗口5点 (150m)
[IPSO-SA] 初始化: 个体=30, 路标点=211, 走廊=30.0km, 直线=53.0km
[DBO] 初始化: 个体=40, 路标点=211, 走廊=30.0km, 直线=53.0km
[DBO] 行为分配: 滚球=8, 育雏=8, 觅食=12, 偷窃=12
[Phase4] A*路径搜索: (2802, 512) -> (1811, 923)
  A*搜索完成 (0.2s), 路径长度: 1047 像元
[Phase4] 路径平滑...
  RDP简化: 1047 -> 96 点 (epsilon=90m)
  线性插值: 3922 点 (间距30m)
  滑动平均平滑: 窗口5点 (150m)
[IPSO-SA] 初始化: 个体=30, 路标点=392, 走廊=30.0km, 直线=98.2km
[DBO] 初始化: 个体=40, 路标点=392, 走廊=30.0km, 直线=98.2km
[DBO] 行为分配: 滚球=8, 育雏=8, 觅食=12, 偷窃=12
[Phase4] A*路径搜索: (850, 1183) -> (1423, 1239)
  A*搜索完成 (0.1s), 路径长度: 742 像元
[Phase4] 路径平滑...
  RDP简化: 742 -> 79 点 (epsilon=90m)
  线性插值: 2643 点 (间距30m)
  滑动平均平滑: 窗口5点 (150m)
[IPSO-SA] 初始化: 个体=30, 路标点=213, 走廊=30.0km, 直线=53.3km
[DBO] 初始化: 个体=40, 路标点=213, 走廊=30.0km, 直线=53.3km
[DBO] 行为分配: 滚球=8, 育雏=8, 觅食=12, 偷窃=12
[Phase4] A*路径搜索: (3140, 1308) -> (2478, 1566)
  A*搜索完成 (0.0s), 路径长度: 663 像元
[Phase4] 路径平滑...
  RDP简化: 663 -> 57 点 (epsilon=90m)
  线性插值: 2391 点 (间距30m)
  滑动平均平滑: 窗口5点 (150m)
[IPSO-SA] 初始化: 个体=30, 路标点=260, 走廊=30.0km, 直线=65.1km
[DBO] 初始化: 个体=40, 路标点=260, 走廊=30.0km, 直线=65.1km
[DBO] 行为分配: 滚球=8, 育雏=8, 觅食=12, 偷窃=12
[Phase4] A*路径搜索: (1811, 924) -> (2218, 707)
  A*搜索完成 (0.1s), 路径长度: 544 像元
[Phase4] 路径平滑...
  RDP简化: 544 -> 49 点 (epsilon=90m)
  线性插值: 1981 点 (间距30m)
  滑动平均平滑: 窗口5点 (150m)
[IPSO-SA] 初始化: 个体=30, 路标点=167, 走廊=30.0km, 直线=41.9km
[DBO] 初始化: 个体=40, 路标点=167, 走廊=30.0km, 直线=41.9km
[DBO] 行为分配: 滚球=8, 育雏=8, 觅食=12, 偷窃=12
[Phase4] A*路径搜索: (1363, 885) -> (831, 1124)
  A*搜索完成 (0.1s), 路径长度: 694 像元
[Phase4] 路径平滑...
  RDP简化: 694 -> 61 点 (epsilon=90m)
  线性插值: 2556 点 (间距30m)
  滑动平均平滑: 窗口5点 (150m)
[IPSO-SA] 初始化: 个体=30, 路标点=213, 走廊=30.0km, 直线=53.3km
[DBO] 初始化: 个体=40, 路标点=213, 走廊=30.0km, 直线=53.3km
[DBO] 行为分配: 滚球=8, 育雏=8, 觅食=12, 偷窃=12
[Phase4] A*路径搜索: (3576, 732) -> (3396, 492)
  A*搜索完成 (0.0s), 路径长度: 309 像元
[Phase4] 路径平滑...
  RDP简化: 309 -> 23 点 (epsilon=90m)
  线性插值: 1114 点 (间距30m)
  滑动平均平滑: 窗口5点 (150m)
[IPSO-SA] 初始化: 个体=30, 路标点=105, 走廊=30.0km, 直线=26.4km
[DBO] 初始化: 个体=40, 路标点=105, 走廊=30.0km, 直线=26.4km
[DBO] 行为分配: 滚球=8, 育雏=8, 觅食=12, 偷窃=12
[Phase4] A*路径搜索: (1810, 922) -> (1488, 617)
  A*搜索完成 (0.0s), 路径长度: 405 像元
[Phase4] 路径平滑...
  RDP简化: 405 -> 27 点 (epsilon=90m)
  线性插值: 1532 点 (间距30m)
  滑动平均平滑: 窗口5点 (150m)
[IPSO-SA] 初始化: 个体=30, 路标点=157, 走廊=30.0km, 直线=39.4km
[DBO] 初始化: 个体=40, 路标点=157, 走廊=30.0km, 直线=39.4km
[DBO] 行为分配: 滚球=8, 育雏=8, 觅食=12, 偷窃=12
[Phase4] A*路径搜索: (695, 1434) -> (439, 1635)
  A*搜索完成 (0.0s), 路径长度: 305 像元
[Phase4] 路径平滑...
  RDP简化: 305 -> 18 点 (epsilon=90m)
  线性插值: 1175 点 (间距30m)
  滑动平均平滑: 窗口5点 (150m)
[IPSO-SA] 初始化: 个体=30, 路标点=116, 走廊=30.0km, 直线=29.2km
[DBO] 初始化: 个体=40, 路标点=116, 走廊=30.0km, 直线=29.2km
[DBO] 行为分配: 滚球=8, 育雏=8, 觅食=12, 偷窃=12
[Phase4] A*路径搜索: (2014, 1716) -> (2478, 1566)
  A*搜索完成 (0.0s), 路径长度: 466 像元
[Phase4] 路径平滑...
  RDP简化: 466 -> 47 点 (epsilon=90m)
  线性插值: 1635 点 (间距30m)
  滑动平均平滑: 窗口5点 (150m)
[IPSO-SA] 初始化: 个体=30, 路标点=179, 走廊=30.0km, 直线=44.8km
[DBO] 初始化: 个体=40, 路标点=179, 走廊=30.0km, 直线=44.8km
[DBO] 行为分配: 滚球=8, 育雏=8, 觅食=12, 偷窃=12

--- Run 28/30 (seed=69) ---
[Phase4] A*路径搜索: (3578, 732) -> (4128, 898)
  A*搜索完成 (0.0s), 路径长度: 575 像元
[Phase4] 路径平滑...
  RDP简化: 575 -> 37 点 (epsilon=90m)
  线性插值: 1962 点 (间距30m)
  滑动平均平滑: 窗口5点 (150m)
[IPSO-SA] 初始化: 个体=30, 路标点=211, 走廊=30.0km, 直线=53.0km
[DBO] 初始化: 个体=40, 路标点=211, 走廊=30.0km, 直线=53.0km
[DBO] 行为分配: 滚球=8, 育雏=8, 觅食=12, 偷窃=12
[Phase4] A*路径搜索: (2802, 512) -> (1811, 923)
  A*搜索完成 (0.2s), 路径长度: 1047 像元
[Phase4] 路径平滑...
  RDP简化: 1047 -> 96 点 (epsilon=90m)
  线性插值: 3922 点 (间距30m)
  滑动平均平滑: 窗口5点 (150m)
[IPSO-SA] 初始化: 个体=30, 路标点=392, 走廊=30.0km, 直线=98.2km
[DBO] 初始化: 个体=40, 路标点=392, 走廊=30.0km, 直线=98.2km
[DBO] 行为分配: 滚球=8, 育雏=8, 觅食=12, 偷窃=12
[Phase4] A*路径搜索: (850, 1183) -> (1423, 1239)
  A*搜索完成 (0.1s), 路径长度: 742 像元
[Phase4] 路径平滑...
  RDP简化: 742 -> 79 点 (epsilon=90m)
  线性插值: 2643 点 (间距30m)
  滑动平均平滑: 窗口5点 (150m)
[IPSO-SA] 初始化: 个体=30, 路标点=213, 走廊=30.0km, 直线=53.3km
[DBO] 初始化: 个体=40, 路标点=213, 走廊=30.0km, 直线=53.3km
[DBO] 行为分配: 滚球=8, 育雏=8, 觅食=12, 偷窃=12
[Phase4] A*路径搜索: (3140, 1308) -> (2478, 1566)
  A*搜索完成 (0.0s), 路径长度: 663 像元
[Phase4] 路径平滑...
  RDP简化: 663 -> 57 点 (epsilon=90m)
  线性插值: 2391 点 (间距30m)
  滑动平均平滑: 窗口5点 (150m)
[IPSO-SA] 初始化: 个体=30, 路标点=260, 走廊=30.0km, 直线=65.1km
[DBO] 初始化: 个体=40, 路标点=260, 走廊=30.0km, 直线=65.1km
[DBO] 行为分配: 滚球=8, 育雏=8, 觅食=12, 偷窃=12
[Phase4] A*路径搜索: (1811, 924) -> (2218, 707)
  A*搜索完成 (0.1s), 路径长度: 544 像元
[Phase4] 路径平滑...
  RDP简化: 544 -> 49 点 (epsilon=90m)
  线性插值: 1981 点 (间距30m)
  滑动平均平滑: 窗口5点 (150m)
[IPSO-SA] 初始化: 个体=30, 路标点=167, 走廊=30.0km, 直线=41.9km
[DBO] 初始化: 个体=40, 路标点=167, 走廊=30.0km, 直线=41.9km
[DBO] 行为分配: 滚球=8, 育雏=8, 觅食=12, 偷窃=12
[Phase4] A*路径搜索: (1363, 885) -> (831, 1124)
  A*搜索完成 (0.1s), 路径长度: 694 像元
[Phase4] 路径平滑...
  RDP简化: 694 -> 61 点 (epsilon=90m)
  线性插值: 2556 点 (间距30m)
  滑动平均平滑: 窗口5点 (150m)
[IPSO-SA] 初始化: 个体=30, 路标点=213, 走廊=30.0km, 直线=53.3km
[DBO] 初始化: 个体=40, 路标点=213, 走廊=30.0km, 直线=53.3km
[DBO] 行为分配: 滚球=8, 育雏=8, 觅食=12, 偷窃=12
[Phase4] A*路径搜索: (3576, 732) -> (3396, 492)
  A*搜索完成 (0.0s), 路径长度: 309 像元
[Phase4] 路径平滑...
  RDP简化: 309 -> 23 点 (epsilon=90m)
  线性插值: 1114 点 (间距30m)
  滑动平均平滑: 窗口5点 (150m)
[IPSO-SA] 初始化: 个体=30, 路标点=105, 走廊=30.0km, 直线=26.4km
[DBO] 初始化: 个体=40, 路标点=105, 走廊=30.0km, 直线=26.4km
[DBO] 行为分配: 滚球=8, 育雏=8, 觅食=12, 偷窃=12
[Phase4] A*路径搜索: (1810, 922) -> (1488, 617)
  A*搜索完成 (0.0s), 路径长度: 405 像元
[Phase4] 路径平滑...
  RDP简化: 405 -> 27 点 (epsilon=90m)
  线性插值: 1532 点 (间距30m)
  滑动平均平滑: 窗口5点 (150m)
[IPSO-SA] 初始化: 个体=30, 路标点=157, 走廊=30.0km, 直线=39.4km
[DBO] 初始化: 个体=40, 路标点=157, 走廊=30.0km, 直线=39.4km
[DBO] 行为分配: 滚球=8, 育雏=8, 觅食=12, 偷窃=12
[Phase4] A*路径搜索: (695, 1434) -> (439, 1635)
  A*搜索完成 (0.0s), 路径长度: 305 像元
[Phase4] 路径平滑...
  RDP简化: 305 -> 18 点 (epsilon=90m)
  线性插值: 1175 点 (间距30m)
  滑动平均平滑: 窗口5点 (150m)
[IPSO-SA] 初始化: 个体=30, 路标点=116, 走廊=30.0km, 直线=29.2km
[DBO] 初始化: 个体=40, 路标点=116, 走廊=30.0km, 直线=29.2km
[DBO] 行为分配: 滚球=8, 育雏=8, 觅食=12, 偷窃=12
[Phase4] A*路径搜索: (2014, 1716) -> (2478, 1566)
  A*搜索完成 (0.0s), 路径长度: 466 像元
[Phase4] 路径平滑...
  RDP简化: 466 -> 47 点 (epsilon=90m)
  线性插值: 1635 点 (间距30m)
  滑动平均平滑: 窗口5点 (150m)
[IPSO-SA] 初始化: 个体=30, 路标点=179, 走廊=30.0km, 直线=44.8km
[DBO] 初始化: 个体=40, 路标点=179, 走廊=30.0km, 直线=44.8km
[DBO] 行为分配: 滚球=8, 育雏=8, 觅食=12, 偷窃=12

--- Run 29/30 (seed=70) ---
[Phase4] A*路径搜索: (3578, 732) -> (4128, 898)
  A*搜索完成 (0.0s), 路径长度: 575 像元
[Phase4] 路径平滑...
  RDP简化: 575 -> 37 点 (epsilon=90m)
  线性插值: 1962 点 (间距30m)
  滑动平均平滑: 窗口5点 (150m)
[IPSO-SA] 初始化: 个体=30, 路标点=211, 走廊=30.0km, 直线=53.0km
[DBO] 初始化: 个体=40, 路标点=211, 走廊=30.0km, 直线=53.0km
[DBO] 行为分配: 滚球=8, 育雏=8, 觅食=12, 偷窃=12
[Phase4] A*路径搜索: (2802, 512) -> (1811, 923)
  A*搜索完成 (0.2s), 路径长度: 1047 像元
[Phase4] 路径平滑...
  RDP简化: 1047 -> 96 点 (epsilon=90m)
  线性插值: 3922 点 (间距30m)
  滑动平均平滑: 窗口5点 (150m)
[IPSO-SA] 初始化: 个体=30, 路标点=392, 走廊=30.0km, 直线=98.2km
[DBO] 初始化: 个体=40, 路标点=392, 走廊=30.0km, 直线=98.2km
[DBO] 行为分配: 滚球=8, 育雏=8, 觅食=12, 偷窃=12
[Phase4] A*路径搜索: (850, 1183) -> (1423, 1239)
  A*搜索完成 (0.1s), 路径长度: 742 像元
[Phase4] 路径平滑...
  RDP简化: 742 -> 79 点 (epsilon=90m)
  线性插值: 2643 点 (间距30m)
  滑动平均平滑: 窗口5点 (150m)
[IPSO-SA] 初始化: 个体=30, 路标点=213, 走廊=30.0km, 直线=53.3km
[DBO] 初始化: 个体=40, 路标点=213, 走廊=30.0km, 直线=53.3km
[DBO] 行为分配: 滚球=8, 育雏=8, 觅食=12, 偷窃=12
[Phase4] A*路径搜索: (3140, 1308) -> (2478, 1566)
  A*搜索完成 (0.0s), 路径长度: 663 像元
[Phase4] 路径平滑...
  RDP简化: 663 -> 57 点 (epsilon=90m)
  线性插值: 2391 点 (间距30m)
  滑动平均平滑: 窗口5点 (150m)
[IPSO-SA] 初始化: 个体=30, 路标点=260, 走廊=30.0km, 直线=65.1km
[DBO] 初始化: 个体=40, 路标点=260, 走廊=30.0km, 直线=65.1km
[DBO] 行为分配: 滚球=8, 育雏=8, 觅食=12, 偷窃=12
[Phase4] A*路径搜索: (1811, 924) -> (2218, 707)
  A*搜索完成 (0.1s), 路径长度: 544 像元
[Phase4] 路径平滑...
  RDP简化: 544 -> 49 点 (epsilon=90m)
  线性插值: 1981 点 (间距30m)
  滑动平均平滑: 窗口5点 (150m)
[IPSO-SA] 初始化: 个体=30, 路标点=167, 走廊=30.0km, 直线=41.9km
[DBO] 初始化: 个体=40, 路标点=167, 走廊=30.0km, 直线=41.9km
[DBO] 行为分配: 滚球=8, 育雏=8, 觅食=12, 偷窃=12
[Phase4] A*路径搜索: (1363, 885) -> (831, 1124)
  A*搜索完成 (0.1s), 路径长度: 694 像元
[Phase4] 路径平滑...
  RDP简化: 694 -> 61 点 (epsilon=90m)
  线性插值: 2556 点 (间距30m)
  滑动平均平滑: 窗口5点 (150m)
[IPSO-SA] 初始化: 个体=30, 路标点=213, 走廊=30.0km, 直线=53.3km
[DBO] 初始化: 个体=40, 路标点=213, 走廊=30.0km, 直线=53.3km
[DBO] 行为分配: 滚球=8, 育雏=8, 觅食=12, 偷窃=12
[Phase4] A*路径搜索: (3576, 732) -> (3396, 492)
  A*搜索完成 (0.0s), 路径长度: 309 像元
[Phase4] 路径平滑...
  RDP简化: 309 -> 23 点 (epsilon=90m)
  线性插值: 1114 点 (间距30m)
  滑动平均平滑: 窗口5点 (150m)
[IPSO-SA] 初始化: 个体=30, 路标点=105, 走廊=30.0km, 直线=26.4km
[DBO] 初始化: 个体=40, 路标点=105, 走廊=30.0km, 直线=26.4km
[DBO] 行为分配: 滚球=8, 育雏=8, 觅食=12, 偷窃=12
[Phase4] A*路径搜索: (1810, 922) -> (1488, 617)
  A*搜索完成 (0.0s), 路径长度: 405 像元
[Phase4] 路径平滑...
  RDP简化: 405 -> 27 点 (epsilon=90m)
  线性插值: 1532 点 (间距30m)
  滑动平均平滑: 窗口5点 (150m)
[IPSO-SA] 初始化: 个体=30, 路标点=157, 走廊=30.0km, 直线=39.4km
[DBO] 初始化: 个体=40, 路标点=157, 走廊=30.0km, 直线=39.4km
[DBO] 行为分配: 滚球=8, 育雏=8, 觅食=12, 偷窃=12
[Phase4] A*路径搜索: (695, 1434) -> (439, 1635)
  A*搜索完成 (0.0s), 路径长度: 305 像元
[Phase4] 路径平滑...
  RDP简化: 305 -> 18 点 (epsilon=90m)
  线性插值: 1175 点 (间距30m)
  滑动平均平滑: 窗口5点 (150m)
[IPSO-SA] 初始化: 个体=30, 路标点=116, 走廊=30.0km, 直线=29.2km
[DBO] 初始化: 个体=40, 路标点=116, 走廊=30.0km, 直线=29.2km
[DBO] 行为分配: 滚球=8, 育雏=8, 觅食=12, 偷窃=12
[Phase4] A*路径搜索: (2014, 1716) -> (2478, 1566)
  A*搜索完成 (0.0s), 路径长度: 466 像元
[Phase4] 路径平滑...
  RDP简化: 466 -> 47 点 (epsilon=90m)
  线性插值: 1635 点 (间距30m)
  滑动平均平滑: 窗口5点 (150m)
[IPSO-SA] 初始化: 个体=30, 路标点=179, 走廊=30.0km, 直线=44.8km
[DBO] 初始化: 个体=40, 路标点=179, 走廊=30.0km, 直线=44.8km
[DBO] 行为分配: 滚球=8, 育雏=8, 觅食=12, 偷窃=12

--- Run 30/30 (seed=71) ---
[Phase4] A*路径搜索: (3578, 732) -> (4128, 898)
  A*搜索完成 (0.0s), 路径长度: 575 像元
[Phase4] 路径平滑...
  RDP简化: 575 -> 37 点 (epsilon=90m)
  线性插值: 1962 点 (间距30m)
  滑动平均平滑: 窗口5点 (150m)
[IPSO-SA] 初始化: 个体=30, 路标点=211, 走廊=30.0km, 直线=53.0km
[DBO] 初始化: 个体=40, 路标点=211, 走廊=30.0km, 直线=53.0km
[DBO] 行为分配: 滚球=8, 育雏=8, 觅食=12, 偷窃=12
[Phase4] A*路径搜索: (2802, 512) -> (1811, 923)
  A*搜索完成 (0.6s), 路径长度: 1047 像元
[Phase4] 路径平滑...
  RDP简化: 1047 -> 96 点 (epsilon=90m)
  线性插值: 3922 点 (间距30m)
  滑动平均平滑: 窗口5点 (150m)
[IPSO-SA] 初始化: 个体=30, 路标点=392, 走廊=30.0km, 直线=98.2km
[DBO] 初始化: 个体=40, 路标点=392, 走廊=30.0km, 直线=98.2km
[DBO] 行为分配: 滚球=8, 育雏=8, 觅食=12, 偷窃=12
[Phase4] A*路径搜索: (850, 1183) -> (1423, 1239)
  A*搜索完成 (0.1s), 路径长度: 742 像元
[Phase4] 路径平滑...
  RDP简化: 742 -> 79 点 (epsilon=90m)
  线性插值: 2643 点 (间距30m)
  滑动平均平滑: 窗口5点 (150m)
[IPSO-SA] 初始化: 个体=30, 路标点=213, 走廊=30.0km, 直线=53.3km
[DBO] 初始化: 个体=40, 路标点=213, 走廊=30.0km, 直线=53.3km
[DBO] 行为分配: 滚球=8, 育雏=8, 觅食=12, 偷窃=12
[Phase4] A*路径搜索: (3140, 1308) -> (2478, 1566)
  A*搜索完成 (0.0s), 路径长度: 663 像元
[Phase4] 路径平滑...
  RDP简化: 663 -> 57 点 (epsilon=90m)
  线性插值: 2391 点 (间距30m)
  滑动平均平滑: 窗口5点 (150m)
[IPSO-SA] 初始化: 个体=30, 路标点=260, 走廊=30.0km, 直线=65.1km
[DBO] 初始化: 个体=40, 路标点=260, 走廊=30.0km, 直线=65.1km
[DBO] 行为分配: 滚球=8, 育雏=8, 觅食=12, 偷窃=12
[Phase4] A*路径搜索: (1811, 924) -> (2218, 707)
  A*搜索完成 (0.1s), 路径长度: 544 像元
[Phase4] 路径平滑...
  RDP简化: 544 -> 49 点 (epsilon=90m)
  线性插值: 1981 点 (间距30m)
  滑动平均平滑: 窗口5点 (150m)
[IPSO-SA] 初始化: 个体=30, 路标点=167, 走廊=30.0km, 直线=41.9km
[DBO] 初始化: 个体=40, 路标点=167, 走廊=30.0km, 直线=41.9km
[DBO] 行为分配: 滚球=8, 育雏=8, 觅食=12, 偷窃=12
[Phase4] A*路径搜索: (1363, 885) -> (831, 1124)
  A*搜索完成 (0.1s), 路径长度: 694 像元
[Phase4] 路径平滑...
  RDP简化: 694 -> 61 点 (epsilon=90m)
  线性插值: 2556 点 (间距30m)
  滑动平均平滑: 窗口5点 (150m)
[IPSO-SA] 初始化: 个体=30, 路标点=213, 走廊=30.0km, 直线=53.3km
[DBO] 初始化: 个体=40, 路标点=213, 走廊=30.0km, 直线=53.3km
[DBO] 行为分配: 滚球=8, 育雏=8, 觅食=12, 偷窃=12
[Phase4] A*路径搜索: (3576, 732) -> (3396, 492)
  A*搜索完成 (0.0s), 路径长度: 309 像元
[Phase4] 路径平滑...
  RDP简化: 309 -> 23 点 (epsilon=90m)
  线性插值: 1114 点 (间距30m)
  滑动平均平滑: 窗口5点 (150m)
[IPSO-SA] 初始化: 个体=30, 路标点=105, 走廊=30.0km, 直线=26.4km
[DBO] 初始化: 个体=40, 路标点=105, 走廊=30.0km, 直线=26.4km
[DBO] 行为分配: 滚球=8, 育雏=8, 觅食=12, 偷窃=12
[Phase4] A*路径搜索: (1810, 922) -> (1488, 617)
  A*搜索完成 (0.0s), 路径长度: 405 像元
[Phase4] 路径平滑...
  RDP简化: 405 -> 27 点 (epsilon=90m)
  线性插值: 1532 点 (间距30m)
  滑动平均平滑: 窗口5点 (150m)
[IPSO-SA] 初始化: 个体=30, 路标点=157, 走廊=30.0km, 直线=39.4km
[DBO] 初始化: 个体=40, 路标点=157, 走廊=30.0km, 直线=39.4km
[DBO] 行为分配: 滚球=8, 育雏=8, 觅食=12, 偷窃=12
[Phase4] A*路径搜索: (695, 1434) -> (439, 1635)
  A*搜索完成 (0.0s), 路径长度: 305 像元
[Phase4] 路径平滑...
  RDP简化: 305 -> 18 点 (epsilon=90m)
  线性插值: 1175 点 (间距30m)
  滑动平均平滑: 窗口5点 (150m)
[IPSO-SA] 初始化: 个体=30, 路标点=116, 走廊=30.0km, 直线=29.2km
[DBO] 初始化: 个体=40, 路标点=116, 走廊=30.0km, 直线=29.2km
[DBO] 行为分配: 滚球=8, 育雏=8, 觅食=12, 偷窃=12
[Phase4] A*路径搜索: (2014, 1716) -> (2478, 1566)
  A*搜索完成 (0.0s), 路径长度: 466 像元
[Phase4] 路径平滑...
  RDP简化: 466 -> 47 点 (epsilon=90m)
  线性插值: 1635 点 (间距30m)
  滑动平均平滑: 窗口5点 (150m)
[IPSO-SA] 初始化: 个体=30, 路标点=179, 走廊=30.0km, 直线=44.8km
[DBO] 初始化: 个体=40, 路标点=179, 走廊=30.0km, 直线=44.8km
[DBO] 行为分配: 滚球=8, 育雏=8, 觅食=12, 偷窃=12
  A*: runs=30, Hausdorff μ=5740m
  IPSO-SA: runs=30, Hausdorff μ=4233m
  DBO: runs=30, Hausdorff μ=9786m

============================================================
  统计检验结果 (CNN成本表面, 30次运行)
============================================================

--- case_01 ---
  A*        : HD μ=4484±0m  OV μ=8.1±0.0%  n=30
  IPSO-SA   : HD μ=4469±0m  OV μ=8.1±0.0%  n=30
  DBO       : HD μ=20072±16750m  OV μ=15.1±20.6%  n=30

--- case_02 ---
  A*        : HD μ=10613±0m  OV μ=17.4±0.0%  n=30
  IPSO-SA   : HD μ=10689±363m  OV μ=17.5±0.8%  n=30
  DBO       : HD μ=11874±4554m  OV μ=20.4±11.0%  n=30

--- case_03 ---
  A*        : HD μ=3292±0m  OV μ=33.4±0.0%  n=30
  IPSO-SA   : HD μ=3256±0m  OV μ=33.7±0.0%  n=30
  DBO       : HD μ=15041±9530m  OV μ=6.7±9.6%  n=30

--- case_04 ---
  A*        : HD μ=2641±0m  OV μ=17.0±0.0%  n=30
  IPSO-SA   : HD μ=2632±236m  OV μ=18.0±2.3%  n=30
  DBO       : HD μ=3522±848m  OV μ=23.8±11.3%  n=30

--- case_05 ---
  A*        : HD μ=13490±0m  OV μ=1.2±0.0%  n=30
  IPSO-SA   : HD μ=5855±10m  OV μ=15.0±1.0%  n=30
  DBO       : HD μ=11183±8281m  OV μ=4.9±6.1%  n=30

--- case_06 ---
  A*        : HD μ=12132±0m  OV μ=5.7±0.0%  n=30
  IPSO-SA   : HD μ=2517±358m  OV μ=40.2±1.7%  n=30
  DBO       : HD μ=13151±8438m  OV μ=4.9±3.9%  n=30

--- case_07 ---
  A*        : HD μ=2627±0m  OV μ=49.2±0.0%  n=30
  IPSO-SA   : HD μ=5152±0m  OV μ=38.6±0.0%  n=30
  DBO       : HD μ=5534±2177m  OV μ=24.9±17.1%  n=30

--- case_08 ---
  A*        : HD μ=3882±0m  OV μ=8.5±0.0%  n=30
  IPSO-SA   : HD μ=3278±200m  OV μ=23.1±0.9%  n=30
  DBO       : HD μ=7686±7391m  OV μ=17.1±12.2%  n=30

--- case_09 ---
  A*        : HD μ=3516±0m  OV μ=28.9±0.0%  n=30
  IPSO-SA   : HD μ=3602±86m  OV μ=5.0±0.5%  n=30
  DBO       : HD μ=7824±6745m  OV μ=13.1±8.0%  n=30

--- case_10 ---
  A*        : HD μ=719±0m  OV μ=84.0±0.0%  n=30
  IPSO-SA   : HD μ=878±630m  OV μ=80.9±9.6%  n=30
  DBO       : HD μ=1973±608m  OV μ=50.3±17.5%  n=30

--- 汇总配对t检验 ---
  A* vs IPSO-SA  Hausdorff: t=7.08, p=0.0000 ***  (n=300)
  A* vs DBO      Hausdorff: t=-7.35, p=0.0000 ***  (n=300)
  A* vs IPSO-SA  重叠率: t=-3.03, p=0.0026 **  (n=300)
  A* vs DBO      重叠率: t=6.24, p=0.0000 ***  (n=300)

结果保存: output/stats_30runs.json
统计检验完成!
